[INFO ] (27/01/2015 14:28:20): Creating temp dir [bigjar]
[INFO ] (27/01/2015 14:28:20): Unpacking Jar Files...
[INFO ] (27/01/2015 14:28:22): Creating BigJar [dist/remote-objects-1.0.jar]...
[INFO ] (27/01/2015 14:28:27): Cleaning up...
[INFO ] (27/01/2015 14:28:28): Done!
[INFO ] (27/01/2015 14:32:18): Creating temp dir [bigjar]
[INFO ] (27/01/2015 14:32:18): Unpacking Jar Files...
[INFO ] (27/01/2015 14:32:19): Creating BigJar [dist/remote-objects-1.0.jar]...
[INFO ] (27/01/2015 14:32:24): Cleaning up...
[INFO ] (27/01/2015 14:32:24): Done!
[INFO ] (27/01/2015 14:40:39): Creating temp dir [bigjar]
[INFO ] (27/01/2015 14:40:39): Unpacking Jar Files...
[INFO ] (27/01/2015 14:40:40): Creating BigJar [dist/remote-objects-1.0.jar]...
[INFO ] (27/01/2015 14:40:45): Cleaning up...
[INFO ] (27/01/2015 14:40:45): Done!
[INFO ] (27/01/2015 14:41:51): Creating temp dir [bigjar]
[INFO ] (27/01/2015 14:41:51): Unpacking Jar Files...
[INFO ] (27/01/2015 14:41:52): Creating BigJar [dist/remote-objects-1.0.jar]...
[INFO ] (27/01/2015 14:41:57): Cleaning up...
[INFO ] (27/01/2015 14:41:57): Done!
