#
# A fatal error has been detected by the Java Runtime Environment:
#
#  EXCEPTION_ACCESS_VIOLATION (0xc0000005) at pc=0x00000000535b07a7, pid=5968, tid=5688
#
# JRE version: 7.0_17-b02
# Java VM: Java HotSpot(TM) 64-Bit Server VM (23.7-b01 mixed mode windows-amd64 compressed oops)
# Problematic frame:
# V  [jvm.dll+0x1907a7]
#
# Failed to write core dump. Minidumps are not enabled by default on client versions of Windows
#
# If you would like to submit a bug report, please visit:
#   http://bugreport.sun.com/bugreport/crash.jsp
#

---------------  T H R E A D  ---------------

Current thread (0x000000000037d800):  JavaThread "main" [_thread_in_vm, id=5688, stack(0x0000000002270000,0x0000000002370000)]

siginfo: ExceptionCode=0xc0000005, reading address 0x0000000001f02a70

Registers:
RAX=0x0000000000000000, RBX=0x000000000037d800, RCX=0x0000000000000d80, RDX=0x000000000236f260
RSP=0x000000000236f180, RBP=0x000000000236f230, RSI=0x000000000236f408, RDI=0x0000000001f02a70
R8 =0x0000000001f02a70, R9 =0x0000000002027f00, R10=0x000000000238237c, R11=0x00000000535e1f50
R12=0x0000000000000000, R13=0x00000000bd4d7498, R14=0x000000000236f260, R15=0x000000000037d800
RIP=0x00000000535b07a7, EFLAGS=0x0000000000010246

Top of Stack: (sp=0x000000000236f180)
0x000000000236f180:   000000000236f2b0 000000000037d800
0x000000000236f190:   000000000236f230 000000000037e268
0x000000000236f1a0:   0000000000000000 00000000023823a8
0x000000000236f1b0:   00000000bd4d7498 000000000236f230
0x000000000236f1c0:   000000000037d800 000000000037e208
0x000000000236f1d0:   000000000037e1e8 0000000c00000074
0x000000000236f1e0:   000000000037d800 000000000236f2d0
0x000000000236f1f0:   000000000236f1f0 00000000bd4d7498
0x000000000236f200:   000000000236f260 00000000bd4da848
0x000000000236f210:   0000000000000000 00000000bd4d7498
0x000000000236f220:   0000000000000000 000000000236f250
0x000000000236f230:   000000000236f2b0 0000000002376315
0x000000000236f240:   0000000000000000 000000000237f1d7
0x000000000236f250:   0000000001f02a70 000000000037d800
0x000000000236f260:   00000000eb7c6a18 00000000eb770070
0x000000000236f270:   000000000236f270 00000000bd698ed3 

Instructions: (pc=0x00000000535b07a7)
0x00000000535b0787:   8b 43 30 a9 00 00 00 30 74 08 48 8b cb e8 d7 4d
0x00000000535b0797:   04 00 c7 83 50 02 00 00 06 00 00 00 48 8b 73 48
0x00000000535b07a7:   48 8b 3f 48 8b 4e 10 48 8b 6e 08 48 83 39 00 74
0x00000000535b07b7:   05 e8 e3 a5 ef ff 48 8b 46 10 48 89 45 08 48 8b 


Register to memory mapping:

RAX=0x0000000000000000 is an unknown value
RBX=0x000000000037d800 is a thread
RCX=0x0000000000000d80 is an unknown value
RDX=0x000000000236f260 is pointing into the stack for thread: 0x000000000037d800
RSP=0x000000000236f180 is pointing into the stack for thread: 0x000000000037d800
RBP=0x000000000236f230 is pointing into the stack for thread: 0x000000000037d800
RSI=0x000000000236f408 is pointing into the stack for thread: 0x000000000037d800
RDI=0x0000000001f02a70 is an unknown value
R8 =0x0000000001f02a70 is an unknown value
R9 =0x0000000002027f00 is an unknown value
R10=0x000000000238237c is an Interpreter codelet
method entry point (kind = native)  [0x0000000002382100, 0x0000000002382980]  2176 bytes
R11=0x00000000535e1f50 is an unknown value
R12=0x0000000000000000 is an unknown value
R13=0x00000000bd4d7498 is an oop
{method} 
 - klass: {other class}
R14=0x000000000236f260 is pointing into the stack for thread: 0x000000000037d800
R15=0x000000000037d800 is a thread


Stack: [0x0000000002270000,0x0000000002370000],  sp=0x000000000236f180,  free space=1020k
Native frames: (J=compiled Java code, j=interpreted, Vv=VM code, C=native code)
V  [jvm.dll+0x1907a7]
j  us.pserver.unsafe.TestNativeMem.main([Ljava/lang/String;)V+11
v  ~StubRoutines::call_stub

Java frames: (J=compiled Java code, j=interpreted, Vv=VM code)
j  sun.misc.Unsafe.getAddress(J)J+0
j  us.pserver.unsafe.TestNativeMem.main([Ljava/lang/String;)V+11
v  ~StubRoutines::call_stub

---------------  P R O C E S S  ---------------

Java Threads: ( => current thread )
  0x00000000089c2800 JavaThread "Service Thread" daemon [_thread_blocked, id=6092, stack(0x000000000a470000,0x000000000a570000)]
  0x00000000089c0000 JavaThread "C2 CompilerThread1" daemon [_thread_blocked, id=6460, stack(0x0000000009f20000,0x000000000a020000)]
  0x00000000089a8800 JavaThread "C2 CompilerThread0" daemon [_thread_blocked, id=4592, stack(0x000000000a1e0000,0x000000000a2e0000)]
  0x00000000089a7800 JavaThread "Attach Listener" daemon [_thread_blocked, id=6252, stack(0x000000000a050000,0x000000000a150000)]
  0x00000000089a0000 JavaThread "Signal Dispatcher" daemon [_thread_blocked, id=4780, stack(0x0000000009950000,0x0000000009a50000)]
  0x0000000002094800 JavaThread "Finalizer" daemon [_thread_blocked, id=6224, stack(0x0000000009e10000,0x0000000009f10000)]
  0x000000000208e000 JavaThread "Reference Handler" daemon [_thread_blocked, id=5380, stack(0x0000000009cc0000,0x0000000009dc0000)]
=>0x000000000037d800 JavaThread "main" [_thread_in_vm, id=5688, stack(0x0000000002270000,0x0000000002370000)]

Other Threads:
  0x0000000008922000 VMThread [stack: 0x0000000009a70000,0x0000000009b70000] [id=6256]
  0x00000000089db800 WatcherThread [stack: 0x0000000009bc0000,0x0000000009cc0000] [id=6300]

VM state:not at safepoint (normal execution)

VM Mutex/Monitor currently owned by a thread: None

Heap
 PSYoungGen      total 18368K, used 629K [0x00000000eb760000, 0x00000000ecbe0000, 0x0000000100000000)
  eden space 15744K, 4% used [0x00000000eb760000,0x00000000eb7fd7e8,0x00000000ec6c0000)
  from space 2624K, 0% used [0x00000000ec950000,0x00000000ec950000,0x00000000ecbe0000)
  to   space 2624K, 0% used [0x00000000ec6c0000,0x00000000ec6c0000,0x00000000ec950000)
 ParOldGen       total 42112K, used 0K [0x00000000c2600000, 0x00000000c4f20000, 0x00000000eb760000)
  object space 42112K, 0% used [0x00000000c2600000,0x00000000c2600000,0x00000000c4f20000)
 PSPermGen       total 21248K, used 2724K [0x00000000bd400000, 0x00000000be8c0000, 0x00000000c2600000)
  object space 21248K, 12% used [0x00000000bd400000,0x00000000bd6a9258,0x00000000be8c0000)

Card table byte_map: [0x0000000005370000,0x0000000005590000] byte_map_base: 0x0000000004d86000

Polling page: 0x00000000000a0000

Code Cache  [0x0000000002370000, 0x00000000025e0000, 0x0000000005370000)
 total_blobs=166 nmethods=0 adapters=133 free_code_cache=48774Kb largest_free_block=49944960

Compilation events (0 events):
No events

GC Heap History (0 events):
No events

Deoptimization events (0 events):
No events

Internal exceptions (5 events):
Event: 0.029 Thread 0x000000000037d800 Threw 0x00000000eb7661a8 at C:\jdk7u2_64p\jdk7u17\hotspot\src\share\vm\prims\jni.cpp:3994
Event: 0.070 Thread 0x000000000037d800 Threw 0x00000000eb7ad568 at C:\jdk7u2_64p\jdk7u17\hotspot\src\share\vm\prims\jvm.cpp:1166
Event: 0.083 Thread 0x000000000037d800 Threw 0x00000000eb7ba140 at C:\jdk7u2_64p\jdk7u17\hotspot\src\share\vm\prims\jvm.cpp:1166
Event: 0.085 Thread 0x000000000037d800 Threw 0x00000000eb7bcfe0 at C:\jdk7u2_64p\jdk7u17\hotspot\src\share\vm\prims\jvm.cpp:1166
Event: 0.086 Thread 0x000000000037d800 Threw 0x00000000eb7bea88 at C:\jdk7u2_64p\jdk7u17\hotspot\src\share\vm\prims\jvm.cpp:1166

Events (10 events):
Event: 0.087 loading class 0x000000000899e8b0
Event: 0.087 loading class 0x000000000899e8b0 done
Event: 0.087 loading class 0x00000000089ec7f0
Event: 0.087 loading class 0x00000000089eca60
Event: 0.087 loading class 0x00000000089eca60 done
Event: 0.087 loading class 0x00000000089ec7f0 done
Event: 0.087 loading class 0x00000000089e5c80
Event: 0.087 loading class 0x00000000089e5c80 done
Event: 0.088 loading class 0x0000000002021120
Event: 0.088 loading class 0x0000000002021120 done


Dynamic libraries:
0x000000013f710000 - 0x000000013f743000 	C:\Program Files\Java\jdk1.7.0_17\bin\java.exe
0x00000000777e0000 - 0x0000000077989000 	C:\Windows\SYSTEM32\ntdll.dll
0x00000000775c0000 - 0x00000000776df000 	C:\Windows\system32\kernel32.dll
0x000007fefd840000 - 0x000007fefd8ac000 	C:\Windows\system32\KERNELBASE.dll
0x000007fefef90000 - 0x000007feff06b000 	C:\Windows\system32\ADVAPI32.dll
0x000007feff4e0000 - 0x000007feff57f000 	C:\Windows\system32\msvcrt.dll
0x000007feff370000 - 0x000007feff38f000 	C:\Windows\SYSTEM32\sechost.dll
0x000007fefdcf0000 - 0x000007fefde1d000 	C:\Windows\system32\RPCRT4.dll
0x00000000776e0000 - 0x00000000777da000 	C:\Windows\system32\USER32.dll
0x000007feff6b0000 - 0x000007feff717000 	C:\Windows\system32\GDI32.dll
0x000007fefdce0000 - 0x000007fefdcee000 	C:\Windows\system32\LPK.dll
0x000007feffa10000 - 0x000007feffad9000 	C:\Windows\system32\USP10.dll
0x000007fefc070000 - 0x000007fefc264000 	C:\Windows\WinSxS\amd64_microsoft.windows.common-controls_6595b64144ccf1df_6.0.7601.17514_none_fa396087175ac9ac\COMCTL32.dll
0x000007fefe100000 - 0x000007fefe171000 	C:\Windows\system32\SHLWAPI.dll
0x000007fefe0d0000 - 0x000007fefe0fe000 	C:\Windows\system32\IMM32.DLL
0x000007feff900000 - 0x000007feffa09000 	C:\Windows\system32\MSCTF.dll
0x0000000055ef0000 - 0x0000000055fc1000 	C:\Program Files\Java\jdk1.7.0_17\jre\bin\msvcr100.dll
0x0000000053420000 - 0x0000000053b3f000 	C:\Program Files\Java\jdk1.7.0_17\jre\bin\server\jvm.dll
0x000007fef3860000 - 0x000007fef3869000 	C:\Windows\system32\WSOCK32.dll
0x000007feff390000 - 0x000007feff3dd000 	C:\Windows\system32\WS2_32.dll
0x000007feffae0000 - 0x000007feffae8000 	C:\Windows\system32\NSI.dll
0x000007fefa160000 - 0x000007fefa19b000 	C:\Windows\system32\WINMM.dll
0x00000000779b0000 - 0x00000000779b7000 	C:\Windows\system32\PSAPI.DLL
0x0000000072310000 - 0x000000007231f000 	C:\Program Files\Java\jdk1.7.0_17\jre\bin\verify.dll
0x0000000056040000 - 0x0000000056068000 	C:\Program Files\Java\jdk1.7.0_17\jre\bin\java.dll
0x0000000056800000 - 0x0000000056815000 	C:\Program Files\Java\jdk1.7.0_17\jre\bin\zip.dll
0x000007feefd60000 - 0x000007feefe85000 	C:\Windows\system32\dbghelp.dll

VM Arguments:
jvm_args: -Dfile.encoding=UTF-8 
java_command: us.pserver.unsafe.TestNativeMem
Launcher Type: SUN_STANDARD

Environment Variables:
JAVA_HOME=C:\Program Files\Java\jdk1.7.0_17
CLASSPATH=.;C:\Program Files\Java\jdk1.7.0_17\jre\lib
PATH=C:\Program Files\Java\jdk1.7.0_17\bin;C:\Windows\system32;C:\Windows;C:\Windows\System32\Wbem;C:\Windows\System32\WindowsPowerShell\v1.0\;M2;C:\Program Files (x86)\IBM\Trace Facility\;C:\Program Files (x86)\IBM\Personal Communications\;D:\apps\mingw64\bin;D:\apps\mingw64\msys\bin
USERNAME=juno
OS=Windows_NT
PROCESSOR_IDENTIFIER=Intel64 Family 6 Model 42 Stepping 7, GenuineIntel



---------------  S Y S T E M  ---------------

OS: Windows 7 , 64 bit Build 7601 Service Pack 1

CPU:total 4 (2 cores per cpu, 2 threads per core) family 6 model 42 stepping 7, cmov, cx8, fxsr, mmx, sse, sse2, sse3, ssse3, sse4.1, sse4.2, popcnt, avx, ht, tsc, tscinvbit

Memory: 4k page, physical 4038580k(915596k free), swap 8075308k(4338164k free)

vm_info: Java HotSpot(TM) 64-Bit Server VM (23.7-b01) for windows-amd64 JRE (1.7.0_17-b02), built on Mar  1 2013 03:38:30 by "java_re" with unknown MS VC++:1600

time: Wed Jan 15 15:35:48 2014
elapsed time: 0 seconds

