#
# A fatal error has been detected by the Java Runtime Environment:
#
#  EXCEPTION_ACCESS_VIOLATION (0xc0000005) at pc=0x000000005342c2b7, pid=6104, tid=4916
#
# JRE version: 7.0_17-b02
# Java VM: Java HotSpot(TM) 64-Bit Server VM (23.7-b01 mixed mode windows-amd64 compressed oops)
# Problematic frame:
# V  [jvm.dll+0xc2b7]
#
# Failed to write core dump. Minidumps are not enabled by default on client versions of Windows
#
# If you would like to submit a bug report, please visit:
#   http://bugreport.sun.com/bugreport/crash.jsp
#

---------------  T H R E A D  ---------------

Current thread (0x0000000001f5d800):  JavaThread "main" [_thread_in_vm, id=4916, stack(0x0000000002280000,0x0000000002380000)]

siginfo: ExceptionCode=0xc0000005, writing address 0x0000000004ddad18

Registers:
RAX=0x0000000004d96000, RBX=0x0000000000044d18, RCX=0x0000000001dcf150, RDX=0x00000000c2607390
RSP=0x000000000237f120, RBP=0x00000000089a3190, RSI=0x0000000000000000, RDI=0x00000000c2607390
R8 =0x0000000000000000, R9 =0x00000000089a3190, R10=0x000000000239237c, R11=0x00000000535e1f50
R12=0x0000000000000000, R13=0x00000000bd4d4378, R14=0x000000000237f248, R15=0x0000000001f5d800
RIP=0x000000005342c2b7, EFLAGS=0x0000000000010207

Top of Stack: (sp=0x000000000237f120)
0x000000000237f120:   0000000001f5e240 0000000001f5e208
0x000000000237f130:   00000000bd5c5d20 0000000002386315
0x000000000237f140:   0000000000000000 00000000535b5fa4
0x000000000237f150:   0000000001f5d800 0000000001f5d800
0x000000000237f160:   000000000237f208 000000000237f228
0x000000000237f170:   0000000002386315 00000000023923a8
0x000000000237f180:   00000000bd4d4378 000000000237f208
0x000000000237f190:   00000000bd5c5d20 00000000bd698d7d
0x000000000237f1a0:   000000000237f228 0000000001f5e208
0x000000000237f1b0:   0000000001f5e1e8 0000000001f5e208
0x000000000237f1c0:   0000000001f5d800 000000000237f1c8
0x000000000237f1d0:   00000000bd4d4378 000000000237f248
0x000000000237f1e0:   00000000bd4da3b8 0000000000000000
0x000000000237f1f0:   00000000bd4d4378 0000000000000000
0x000000000237f200:   000000000237f228 000000000237f290
0x000000000237f210:   00000000023861f8 0000000000000000 

Instructions: (pc=0x000000005342c2b7)
0x000000005342c297:   e2 64 00 48 d3 e8 89 03 48 8b 0d aa ec 69 00 83
0x000000005342c2a7:   79 0c 01 75 1a 48 8b 81 90 00 00 00 48 c1 eb 09
0x000000005342c2b7:   c6 04 03 00 48 8b 5c 24 30 48 83 c4 20 5f c3 48
0x000000005342c2c7:   8b 01 4c 8b c7 48 8b d3 48 8b 5c 24 30 48 83 c4 


Register to memory mapping:

RAX=0x0000000004d96000 is an unknown value
RBX=0x0000000000044d18 is an unknown value
RCX=0x0000000001dcf150 is an unknown value
RDX=0x00000000c2607390 is an oop
us.pserver.unsafe.UnsafeFactory$1AClass 
 - klass: 'us/pserver/unsafe/UnsafeFactory$1AClass'
RSP=0x000000000237f120 is pointing into the stack for thread: 0x0000000001f5d800
RBP=0x00000000089a3190 is an unknown value
RSI=0x0000000000000000 is an unknown value
RDI=0x00000000c2607390 is an oop
us.pserver.unsafe.UnsafeFactory$1AClass 
 - klass: 'us/pserver/unsafe/UnsafeFactory$1AClass'
R8 =0x0000000000000000 is an unknown value
R9 =0x00000000089a3190 is an unknown value
R10=0x000000000239237c is an Interpreter codelet
method entry point (kind = native)  [0x0000000002392100, 0x0000000002392980]  2176 bytes
R11=0x00000000535e1f50 is an unknown value
R12=0x0000000000000000 is an unknown value
R13=0x00000000bd4d4378 is an oop
{method} 
 - klass: {other class}
R14=0x000000000237f248 is pointing into the stack for thread: 0x0000000001f5d800
R15=0x0000000001f5d800 is a thread


Stack: [0x0000000002280000,0x0000000002380000],  sp=0x000000000237f120,  free space=1020k
Native frames: (J=compiled Java code, j=interpreted, Vv=VM code, C=native code)
V  [jvm.dll+0xc2b7]

Java frames: (J=compiled Java code, j=interpreted, Vv=VM code)
j  sun.misc.Unsafe.putObject(Ljava/lang/Object;JLjava/lang/Object;)V+0
j  us.pserver.unsafe.UnsafeFactory.main([Ljava/lang/String;)V+117
v  ~StubRoutines::call_stub

---------------  P R O C E S S  ---------------

Java Threads: ( => current thread )
  0x000000000897e800 JavaThread "Service Thread" daemon [_thread_blocked, id=5744, stack(0x000000000a450000,0x000000000a550000)]
  0x000000000897d800 JavaThread "C2 CompilerThread1" daemon [_thread_blocked, id=124, stack(0x000000000a300000,0x000000000a400000)]
  0x0000000008979000 JavaThread "C2 CompilerThread0" daemon [_thread_blocked, id=988, stack(0x000000000a0d0000,0x000000000a1d0000)]
  0x0000000008977800 JavaThread "Attach Listener" daemon [_thread_blocked, id=4624, stack(0x0000000009fa0000,0x000000000a0a0000)]
  0x0000000008970800 JavaThread "Signal Dispatcher" daemon [_thread_blocked, id=5708, stack(0x0000000009d00000,0x0000000009e00000)]
  0x0000000001e84800 JavaThread "Finalizer" daemon [_thread_blocked, id=5748, stack(0x0000000009ba0000,0x0000000009ca0000)]
  0x0000000001e7e000 JavaThread "Reference Handler" daemon [_thread_blocked, id=5684, stack(0x0000000009a30000,0x0000000009b30000)]
=>0x0000000001f5d800 JavaThread "main" [_thread_in_vm, id=4916, stack(0x0000000002280000,0x0000000002380000)]

Other Threads:
  0x00000000088f2000 VMThread [stack: 0x0000000009890000,0x0000000009990000] [id=5532]
  0x000000000898f800 WatcherThread [stack: 0x0000000009e90000,0x0000000009f90000] [id=5932]

VM state:not at safepoint (normal execution)

VM Mutex/Monitor currently owned by a thread: None

Heap
 PSYoungGen      total 18368K, used 314K [0x00000000eb760000, 0x00000000ecbe0000, 0x0000000100000000)
  eden space 15744K, 2% used [0x00000000eb760000,0x00000000eb7aeb98,0x00000000ec6c0000)
  from space 2624K, 0% used [0x00000000ec6c0000,0x00000000ec6c0000,0x00000000ec950000)
  to   space 2624K, 0% used [0x00000000ec950000,0x00000000ec950000,0x00000000ecbe0000)
 ParOldGen       total 42112K, used 322K [0x00000000c2600000, 0x00000000c4f20000, 0x00000000eb760000)
  object space 42112K, 0% used [0x00000000c2600000,0x00000000c2650b70,0x00000000c4f20000)
 PSPermGen       total 21248K, used 2773K [0x00000000bd400000, 0x00000000be8c0000, 0x00000000c2600000)
  object space 21248K, 13% used [0x00000000bd400000,0x00000000bd6b5778,0x00000000be8c0000)

Card table byte_map: [0x0000000005380000,0x00000000055a0000] byte_map_base: 0x0000000004d96000

Polling page: 0x0000000000210000

Code Cache  [0x0000000002380000, 0x00000000025f0000, 0x0000000005380000)
 total_blobs=167 nmethods=0 adapters=134 free_code_cache=48773Kb largest_free_block=49944448

Compilation events (0 events):
No events

GC Heap History (10 events):
Event: 0.116 GC heap before
{Heap before GC invocations=18 (full 9):
 PSYoungGen      total 18368K, used 0K [0x00000000eb760000, 0x00000000ecbe0000, 0x0000000100000000)
  eden space 15744K, 0% used [0x00000000eb760000,0x00000000eb760000,0x00000000ec6c0000)
  from space 2624K, 0% used [0x00000000ec6c0000,0x00000000ec6c0000,0x00000000ec950000)
  to   space 2624K, 0% used [0x00000000ec950000,0x00000000ec950000,0x00000000ecbe0000)
 ParOldGen       total 42112K, used 322K [0x00000000c2600000, 0x00000000c4f20000, 0x00000000eb760000)
  object space 42112K, 0% used [0x00000000c2600000,0x00000000c2650b70,0x00000000c4f20000)
 PSPermGen       total 21248K, used 2745K [0x00000000bd400000, 0x00000000be8c0000, 0x00000000c2600000)
  object space 21248K, 12% used [0x00000000bd400000,0x00000000bd6ae618,0x00000000be8c0000)
Event: 0.119 GC heap after
Heap after GC invocations=18 (full 9):
 PSYoungGen      total 18368K, used 0K [0x00000000eb760000, 0x00000000ecbe0000, 0x0000000100000000)
  eden space 15744K, 0% used [0x00000000eb760000,0x00000000eb760000,0x00000000ec6c0000)
  from space 2624K, 0% used [0x00000000ec6c0000,0x00000000ec6c0000,0x00000000ec950000)
  to   space 2624K, 0% used [0x00000000ec950000,0x00000000ec950000,0x00000000ecbe0000)
 ParOldGen       total 42112K, used 322K [0x00000000c2600000, 0x00000000c4f20000, 0x00000000eb760000)
  object space 42112K, 0% used [0x00000000c2600000,0x00000000c2650b70,0x00000000c4f20000)
 PSPermGen       total 21248K, used 2745K [0x00000000bd400000, 0x00000000be8c0000, 0x00000000c2600000)
  object space 21248K, 12% used [0x00000000bd400000,0x00000000bd6ae618,0x00000000be8c0000)
}
Event: 0.120 GC heap before
{Heap before GC invocations=19 (full 9):
 PSYoungGen      total 18368K, used 315K [0x00000000eb760000, 0x00000000ecbe0000, 0x0000000100000000)
  eden space 15744K, 2% used [0x00000000eb760000,0x00000000eb7aec50,0x00000000ec6c0000)
  from space 2624K, 0% used [0x00000000ec6c0000,0x00000000ec6c0000,0x00000000ec950000)
  to   space 2624K, 0% used [0x00000000ec950000,0x00000000ec950000,0x00000000ecbe0000)
 ParOldGen       total 42112K, used 322K [0x00000000c2600000, 0x00000000c4f20000, 0x00000000eb760000)
  object space 42112K, 0% used [0x00000000c2600000,0x00000000c2650b70,0x00000000c4f20000)
 PSPermGen       total 21248K, used 2745K [0x00000000bd400000, 0x00000000be8c0000, 0x00000000c2600000)
  object space 21248K, 12% used [0x00000000bd400000,0x00000000bd6ae618,0x00000000be8c0000)
Event: 0.120 GC heap after
Heap after GC invocations=19 (full 9):
 PSYoungGen      total 18368K, used 0K [0x00000000eb760000, 0x00000000ecbe0000, 0x0000000100000000)
  eden space 15744K, 0% used [0x00000000eb760000,0x00000000eb760000,0x00000000ec6c0000)
  from space 2624K, 0% used [0x00000000ec950000,0x00000000ec950000,0x00000000ecbe0000)
  to   space 2624K, 0% used [0x00000000ec6c0000,0x00000000ec6c0000,0x00000000ec950000)
 ParOldGen       total 42112K, used 322K [0x00000000c2600000, 0x00000000c4f20000, 0x00000000eb760000)
  object space 42112K, 0% used [0x00000000c2600000,0x00000000c2650b70,0x00000000c4f20000)
 PSPermGen       total 21248K, used 2745K [0x00000000bd400000, 0x00000000be8c0000, 0x00000000c2600000)
  object space 21248K, 12% used [0x00000000bd400000,0x00000000bd6ae618,0x00000000be8c0000)
}
Event: 0.120 GC heap before
{Heap before GC invocations=20 (full 10):
 PSYoungGen      total 18368K, used 0K [0x00000000eb760000, 0x00000000ecbe0000, 0x0000000100000000)
  eden space 15744K, 0% used [0x00000000eb760000,0x00000000eb760000,0x00000000ec6c0000)
  from space 2624K, 0% used [0x00000000ec950000,0x00000000ec950000,0x00000000ecbe0000)
  to   space 2624K, 0% used [0x00000000ec6c0000,0x00000000ec6c0000,0x00000000ec950000)
 ParOldGen       total 42112K, used 322K [0x00000000c2600000, 0x00000000c4f20000, 0x00000000eb760000)
  object space 42112K, 0% used [0x00000000c2600000,0x00000000c2650b70,0x00000000c4f20000)
 PSPermGen       total 21248K, used 2745K [0x00000000bd400000, 0x00000000be8c0000, 0x00000000c2600000)
  object space 21248K, 12% used [0x00000000bd400000,0x00000000bd6ae618,0x00000000be8c0000)
Event: 0.123 GC heap after
Heap after GC invocations=20 (full 10):
 PSYoungGen      total 18368K, used 0K [0x00000000eb760000, 0x00000000ecbe0000, 0x0000000100000000)
  eden space 15744K, 0% used [0x00000000eb760000,0x00000000eb760000,0x00000000ec6c0000)
  from space 2624K, 0% used [0x00000000ec950000,0x00000000ec950000,0x00000000ecbe0000)
  to   space 2624K, 0% used [0x00000000ec6c0000,0x00000000ec6c0000,0x00000000ec950000)
 ParOldGen       total 42112K, used 322K [0x00000000c2600000, 0x00000000c4f20000, 0x00000000eb760000)
  object space 42112K, 0% used [0x00000000c2600000,0x00000000c2650b70,0x00000000c4f20000)
 PSPermGen       total 21248K, used 2745K [0x00000000bd400000, 0x00000000be8c0000, 0x00000000c2600000)
  object space 21248K, 12% used [0x00000000bd400000,0x00000000bd6ae618,0x00000000be8c0000)
}
Event: 0.123 GC heap before
{Heap before GC invocations=21 (full 10):
 PSYoungGen      total 18368K, used 315K [0x00000000eb760000, 0x00000000ecbe0000, 0x0000000100000000)
  eden space 15744K, 2% used [0x00000000eb760000,0x00000000eb7aec50,0x00000000ec6c0000)
  from space 2624K, 0% used [0x00000000ec950000,0x00000000ec950000,0x00000000ecbe0000)
  to   space 2624K, 0% used [0x00000000ec6c0000,0x00000000ec6c0000,0x00000000ec950000)
 ParOldGen       total 42112K, used 322K [0x00000000c2600000, 0x00000000c4f20000, 0x00000000eb760000)
  object space 42112K, 0% used [0x00000000c2600000,0x00000000c2650b70,0x00000000c4f20000)
 PSPermGen       total 21248K, used 2745K [0x00000000bd400000, 0x00000000be8c0000, 0x00000000c2600000)
  object space 21248K, 12% used [0x00000000bd400000,0x00000000bd6ae618,0x00000000be8c0000)
Event: 0.124 GC heap after
Heap after GC invocations=21 (full 10):
 PSYoungGen      total 18368K, used 0K [0x00000000eb760000, 0x00000000ecbe0000, 0x0000000100000000)
  eden space 15744K, 0% used [0x00000000eb760000,0x00000000eb760000,0x00000000ec6c0000)
  from space 2624K, 0% used [0x00000000ec6c0000,0x00000000ec6c0000,0x00000000ec950000)
  to   space 2624K, 0% used [0x00000000ec950000,0x00000000ec950000,0x00000000ecbe0000)
 ParOldGen       total 42112K, used 322K [0x00000000c2600000, 0x00000000c4f20000, 0x00000000eb760000)
  object space 42112K, 0% used [0x00000000c2600000,0x00000000c2650b70,0x00000000c4f20000)
 PSPermGen       total 21248K, used 2745K [0x00000000bd400000, 0x00000000be8c0000, 0x00000000c2600000)
  object space 21248K, 12% used [0x00000000bd400000,0x00000000bd6ae618,0x00000000be8c0000)
}
Event: 0.124 GC heap before
{Heap before GC invocations=22 (full 11):
 PSYoungGen      total 18368K, used 0K [0x00000000eb760000, 0x00000000ecbe0000, 0x0000000100000000)
  eden space 15744K, 0% used [0x00000000eb760000,0x00000000eb760000,0x00000000ec6c0000)
  from space 2624K, 0% used [0x00000000ec6c0000,0x00000000ec6c0000,0x00000000ec950000)
  to   space 2624K, 0% used [0x00000000ec950000,0x00000000ec950000,0x00000000ecbe0000)
 ParOldGen       total 42112K, used 322K [0x00000000c2600000, 0x00000000c4f20000, 0x00000000eb760000)
  object space 42112K, 0% used [0x00000000c2600000,0x00000000c2650b70,0x00000000c4f20000)
 PSPermGen       total 21248K, used 2745K [0x00000000bd400000, 0x00000000be8c0000, 0x00000000c2600000)
  object space 21248K, 12% used [0x00000000bd400000,0x00000000bd6ae618,0x00000000be8c0000)
Event: 0.127 GC heap after
Heap after GC invocations=22 (full 11):
 PSYoungGen      total 18368K, used 0K [0x00000000eb760000, 0x00000000ecbe0000, 0x0000000100000000)
  eden space 15744K, 0% used [0x00000000eb760000,0x00000000eb760000,0x00000000ec6c0000)
  from space 2624K, 0% used [0x00000000ec6c0000,0x00000000ec6c0000,0x00000000ec950000)
  to   space 2624K, 0% used [0x00000000ec950000,0x00000000ec950000,0x00000000ecbe0000)
 ParOldGen       total 42112K, used 322K [0x00000000c2600000, 0x00000000c4f20000, 0x00000000eb760000)
  object space 42112K, 0% used [0x00000000c2600000,0x00000000c2650b70,0x00000000c4f20000)
 PSPermGen       total 21248K, used 2745K [0x00000000bd400000, 0x00000000be8c0000, 0x00000000c2600000)
  object space 21248K, 12% used [0x00000000bd400000,0x00000000bd6ae618,0x00000000be8c0000)
}

Deoptimization events (0 events):
No events

Internal exceptions (7 events):
Event: 0.026 Thread 0x0000000001f5d800 Threw 0x00000000eb7661a8 at C:\jdk7u2_64p\jdk7u17\hotspot\src\share\vm\prims\jni.cpp:3994
Event: 0.060 Thread 0x0000000001f5d800 Threw 0x00000000eb7ad568 at C:\jdk7u2_64p\jdk7u17\hotspot\src\share\vm\prims\jvm.cpp:1166
Event: 0.072 Thread 0x0000000001f5d800 Threw 0x00000000eb7ba678 at C:\jdk7u2_64p\jdk7u17\hotspot\src\share\vm\prims\jvm.cpp:1166
Event: 0.074 Thread 0x0000000001f5d800 Threw 0x00000000eb7bc628 at C:\jdk7u2_64p\jdk7u17\hotspot\src\share\vm\prims\jvm.cpp:1166
Event: 0.076 Thread 0x0000000001f5d800 Threw 0x00000000eb7c5120 at C:\jdk7u2_64p\jdk7u17\hotspot\src\share\vm\prims\jvm.cpp:1166
Event: 0.078 Thread 0x0000000001f5d800 Threw 0x00000000eb7c75f0 at C:\jdk7u2_64p\jdk7u17\hotspot\src\share\vm\prims\jvm.cpp:1166
Event: 0.079 Thread 0x0000000001f5d800 Threw 0x00000000eb7cb4b8 at C:\jdk7u2_64p\jdk7u17\hotspot\src\share\vm\prims\jvm.cpp:1166

Events (10 events):
Event: 0.120 Executing VM operation: ParallelGCSystemGC
Event: 0.123 Executing VM operation: ParallelGCSystemGC done
Event: 0.123 Thread 0x00000000089c7800 Thread added: 0x00000000089c7800
Event: 0.123 Thread 0x00000000089c7800 Thread exited: 0x00000000089c7800
Event: 0.123 Executing VM operation: ParallelGCSystemGC
Event: 0.127 Executing VM operation: ParallelGCSystemGC done
Event: 0.127 loading class 0x0000000001e12410
Event: 0.127 loading class 0x0000000001e12410 done
Event: 0.127 loading class 0x0000000001e6df40
Event: 0.127 loading class 0x0000000001e6df40 done


Dynamic libraries:
0x000000013f060000 - 0x000000013f093000 	C:\Program Files\Java\jdk1.7.0_17\bin\java.exe
0x00000000777e0000 - 0x0000000077989000 	C:\Windows\SYSTEM32\ntdll.dll
0x00000000775c0000 - 0x00000000776df000 	C:\Windows\system32\kernel32.dll
0x000007fefd840000 - 0x000007fefd8ac000 	C:\Windows\system32\KERNELBASE.dll
0x000007fefef90000 - 0x000007feff06b000 	C:\Windows\system32\ADVAPI32.dll
0x000007feff4e0000 - 0x000007feff57f000 	C:\Windows\system32\msvcrt.dll
0x000007feff370000 - 0x000007feff38f000 	C:\Windows\SYSTEM32\sechost.dll
0x000007fefdcf0000 - 0x000007fefde1d000 	C:\Windows\system32\RPCRT4.dll
0x00000000776e0000 - 0x00000000777da000 	C:\Windows\system32\USER32.dll
0x000007feff6b0000 - 0x000007feff717000 	C:\Windows\system32\GDI32.dll
0x000007fefdce0000 - 0x000007fefdcee000 	C:\Windows\system32\LPK.dll
0x000007feffa10000 - 0x000007feffad9000 	C:\Windows\system32\USP10.dll
0x000007fefc070000 - 0x000007fefc264000 	C:\Windows\WinSxS\amd64_microsoft.windows.common-controls_6595b64144ccf1df_6.0.7601.17514_none_fa396087175ac9ac\COMCTL32.dll
0x000007fefe100000 - 0x000007fefe171000 	C:\Windows\system32\SHLWAPI.dll
0x000007fefe0d0000 - 0x000007fefe0fe000 	C:\Windows\system32\IMM32.DLL
0x000007feff900000 - 0x000007feffa09000 	C:\Windows\system32\MSCTF.dll
0x0000000055ef0000 - 0x0000000055fc1000 	C:\Program Files\Java\jdk1.7.0_17\jre\bin\msvcr100.dll
0x0000000053420000 - 0x0000000053b3f000 	C:\Program Files\Java\jdk1.7.0_17\jre\bin\server\jvm.dll
0x000007fef3860000 - 0x000007fef3869000 	C:\Windows\system32\WSOCK32.dll
0x000007feff390000 - 0x000007feff3dd000 	C:\Windows\system32\WS2_32.dll
0x000007feffae0000 - 0x000007feffae8000 	C:\Windows\system32\NSI.dll
0x000007fefa160000 - 0x000007fefa19b000 	C:\Windows\system32\WINMM.dll
0x00000000779b0000 - 0x00000000779b7000 	C:\Windows\system32\PSAPI.DLL
0x0000000072310000 - 0x000000007231f000 	C:\Program Files\Java\jdk1.7.0_17\jre\bin\verify.dll
0x0000000056040000 - 0x0000000056068000 	C:\Program Files\Java\jdk1.7.0_17\jre\bin\java.dll
0x0000000056800000 - 0x0000000056815000 	C:\Program Files\Java\jdk1.7.0_17\jre\bin\zip.dll
0x000007feefd60000 - 0x000007feefe85000 	C:\Windows\system32\dbghelp.dll

VM Arguments:
jvm_args: -Dfile.encoding=UTF-8 
java_command: us.pserver.unsafe.UnsafeFactory
Launcher Type: SUN_STANDARD

Environment Variables:
JAVA_HOME=C:\Program Files\Java\jdk1.7.0_17
CLASSPATH=.;C:\Program Files\Java\jdk1.7.0_17\jre\lib
PATH=C:\Program Files\Java\jdk1.7.0_17\bin;C:\Windows\system32;C:\Windows;C:\Windows\System32\Wbem;C:\Windows\System32\WindowsPowerShell\v1.0\;M2;C:\Program Files (x86)\IBM\Trace Facility\;C:\Program Files (x86)\IBM\Personal Communications\;D:\apps\mingw64\bin;D:\apps\mingw64\msys\bin
USERNAME=juno
OS=Windows_NT
PROCESSOR_IDENTIFIER=Intel64 Family 6 Model 42 Stepping 7, GenuineIntel



---------------  S Y S T E M  ---------------

OS: Windows 7 , 64 bit Build 7601 Service Pack 1

CPU:total 4 (2 cores per cpu, 2 threads per core) family 6 model 42 stepping 7, cmov, cx8, fxsr, mmx, sse, sse2, sse3, ssse3, sse4.1, sse4.2, popcnt, avx, ht, tsc, tscinvbit

Memory: 4k page, physical 4038580k(853376k free), swap 8075308k(4402176k free)

vm_info: Java HotSpot(TM) 64-Bit Server VM (23.7-b01) for windows-amd64 JRE (1.7.0_17-b02), built on Mar  1 2013 03:38:30 by "java_re" with unknown MS VC++:1600

time: Wed Jan 15 13:23:23 2014
elapsed time: 0 seconds

