[INFO ] (24/07/2014 09:38:03): Creating temp dir [bigjar]
[INFO ] (24/07/2014 09:38:03): Unpacking Jar Files...
[ERROR] (24/07/2014 09:38:03): Error extracting file: java.nio.file.NoSuchFileException: C:\.local\java\j3270\dist\bigjar\META-INF\LICENSE.txt
[INFO ] (24/07/2014 09:38:06): Creating BigJar [C:\.local\java\j3270\dist\j3270.jar]...
[INFO ] (24/07/2014 09:38:06): SplashScreen-Image setted: us/pserver/j3270/images/splash.png
[INFO ] (24/07/2014 09:38:07): Cleaning up...
[INFO ] (24/07/2014 09:38:07): Done!
[INFO ] (24/07/2014 09:46:59): Creating temp dir [bigjar]
[INFO ] (24/07/2014 09:46:59): Unpacking Jar Files...
[ERROR] (24/07/2014 09:46:59): Error extracting file: java.nio.file.NoSuchFileException: C:\.local\java\j3270\dist\bigjar\META-INF\LICENSE.txt
[INFO ] (24/07/2014 09:47:01): Creating BigJar [C:\.local\java\j3270\dist\j3270.jar]...
[INFO ] (24/07/2014 09:47:01): SplashScreen-Image setted: us/pserver/j3270/images/splash.png
[INFO ] (24/07/2014 09:47:02): Cleaning up...
[INFO ] (24/07/2014 09:47:02): Done!
[INFO ] (24/07/2014 09:55:59): Creating temp dir [bigjar]
[INFO ] (24/07/2014 09:55:59): Unpacking Jar Files...
[ERROR] (24/07/2014 09:55:59): Error extracting file: commons-codec-1.8.jar.java.nio.file.NoSuchFileException: C:\.local\java\j3270\dist\bigjar\META-INF\LICENSE.txt
[INFO ] (24/07/2014 09:56:02): Creating BigJar [C:\.local\java\j3270\dist\j3270.jar]...
[INFO ] (24/07/2014 09:56:02): SplashScreen-Image setted: us/pserver/j3270/images/splash.png
[INFO ] (24/07/2014 09:56:02): Cleaning up...
[INFO ] (24/07/2014 09:56:02): Done!
[INFO ] (24/07/2014 10:01:52): Creating temp dir [bigjar]
[INFO ] (24/07/2014 10:01:52): Unpacking Jar Files...
[INFO ] (24/07/2014 10:10:30): Creating temp dir [bigjar]
[INFO ] (24/07/2014 10:10:30): Unpacking Jar Files...
[INFO ] (24/07/2014 10:10:33): Creating BigJar [dist/j3270.jar]...
[INFO ] (24/07/2014 10:10:33): SplashScreen-Image setted: us/pserver/j3270/images/splash.png
[INFO ] (24/07/2014 10:10:34): Cleaning up...
[INFO ] (24/07/2014 10:10:34): Done!
[INFO ] (24/07/2014 10:12:42): Creating temp dir [bigjar]
[INFO ] (24/07/2014 10:12:42): Unpacking Jar Files...
[INFO ] (24/07/2014 10:12:46): Creating BigJar [dist/j3270.jar]...
[INFO ] (24/07/2014 10:12:46): SplashScreen-Image setted: us/pserver/j3270/images/splash.png
[INFO ] (24/07/2014 10:12:46): Cleaning up...
[INFO ] (24/07/2014 10:12:46): Done!
[INFO ] (12/08/2014 12:56:29): Creating temp dir [bigjar]
[INFO ] (12/08/2014 12:56:29): Unpacking Jar Files...
[INFO ] (12/08/2014 12:56:35): Creating BigJar [dist/j3270.jar]...
[INFO ] (12/08/2014 12:56:35): SplashScreen-Image setted: us/pserver/j3270/images/splash.png
[INFO ] (12/08/2014 12:56:35): Cleaning up...
[INFO ] (12/08/2014 12:56:35): Done!
[INFO ] (12/08/2014 14:56:45): Creating temp dir [bigjar]
[INFO ] (12/08/2014 14:56:45): Unpacking Jar Files...
[INFO ] (12/08/2014 14:56:49): Creating BigJar [dist/j3270.jar]...
[INFO ] (12/08/2014 14:56:50): SplashScreen-Image setted: us/pserver/j3270/images/splash.png
[INFO ] (12/08/2014 14:56:50): Cleaning up...
[INFO ] (12/08/2014 14:56:50): Done!
[INFO ] (20/08/2014 17:25:43): Creating temp dir [bigjar]
[INFO ] (20/08/2014 17:25:43): Unpacking Jar Files...
[INFO ] (20/08/2014 17:25:49): Creating BigJar [dist/j3270.jar]...
[INFO ] (20/08/2014 17:25:49): SplashScreen-Image setted: us/pserver/j3270/images/splash.png
[INFO ] (20/08/2014 17:25:50): Cleaning up...
[INFO ] (20/08/2014 17:25:50): Done!
[INFO ] (22/08/2014 10:06:41): Creating temp dir [bigjar]
[INFO ] (22/08/2014 10:06:41): Unpacking Jar Files...
[INFO ] (22/08/2014 10:06:46): Creating BigJar [dist/j3270.jar]...
[INFO ] (22/08/2014 10:06:46): SplashScreen-Image setted: us/pserver/j3270/images/splash.png
[INFO ] (22/08/2014 10:06:47): Cleaning up...
[INFO ] (22/08/2014 10:06:47): Done!
[INFO ] (22/08/2014 10:13:10): Creating temp dir [bigjar]
[INFO ] (22/08/2014 10:13:10): Unpacking Jar Files...
[INFO ] (22/08/2014 10:13:14): Creating BigJar [dist/j3270.jar]...
[INFO ] (22/08/2014 10:13:14): SplashScreen-Image setted: us/pserver/j3270/images/splash.png
[INFO ] (22/08/2014 10:13:15): Cleaning up...
[INFO ] (22/08/2014 10:13:15): Done!
[INFO ] (28/08/2014 09:23:58): Creating temp dir [bigjar]
[INFO ] (28/08/2014 09:23:58): Unpacking Jar Files...
[INFO ] (28/08/2014 09:24:04): Creating BigJar [dist/j3270.jar]...
[INFO ] (28/08/2014 09:24:04): SplashScreen-Image setted: us/pserver/j3270/images/splash.png
[INFO ] (28/08/2014 09:24:04): Cleaning up...
[INFO ] (28/08/2014 09:24:05): Done!
[INFO ] (28/08/2014 09:28:10): Creating temp dir [bigjar]
[INFO ] (28/08/2014 09:28:10): Unpacking Jar Files...
[INFO ] (28/08/2014 09:28:14): Creating BigJar [dist/j3270.jar]...
[INFO ] (28/08/2014 09:28:14): SplashScreen-Image setted: us/pserver/j3270/images/splash.png
[INFO ] (28/08/2014 09:28:15): Cleaning up...
[INFO ] (28/08/2014 09:28:15): Done!
