[INFO ] (13/06/2014 10:47:50): Creating temp dir [bigjar]
[INFO ] (13/06/2014 10:47:50): Unpacking Jar Files...
[INFO ] (13/06/2014 10:47:51): Creating BigJar [D:\java\slogV2\dist\slogV2.jar]...
[INFO ] (13/06/2014 10:47:51): Cleaning up...
[INFO ] (13/06/2014 10:47:51): Done!
[INFO ] (13/08/2014 14:07:34): Creating temp dir [bigjar]
[INFO ] (13/08/2014 14:07:34): Unpacking Jar Files...
[INFO ] (13/08/2014 14:07:34): Creating BigJar [dist/slogV2.jar]...
[INFO ] (13/08/2014 14:07:34): Cleaning up...
[INFO ] (13/08/2014 14:07:34): Done!
[INFO ] (16/03/2015 09:46:14): Creating temp dir [bigjar]
[INFO ] (16/03/2015 09:46:14): Unpacking Jar Files...
[INFO ] (16/03/2015 09:46:15): Creating BigJar [dist/slogV2.jar]...
[INFO ] (16/03/2015 09:46:15): Cleaning up...
[INFO ] (16/03/2015 09:46:15): Done!
[INFO ] (01/06/2015 15:58:42): Creating temp dir [bigjar]
[INFO ] (01/06/2015 15:58:42): Unpacking Jar Files...
[INFO ] (01/06/2015 15:58:43): Creating BigJar [dist/slogV2.jar]...
[INFO ] (01/06/2015 15:58:43): Cleaning up...
[INFO ] (01/06/2015 15:58:43): Done!
