[DEBUG] (23/04/2014 16:47:11): This is a Debug Message.
[DEBUG] (23/04/2014 16:47:11): This is a Debug Message.
[DEBUG] (23/04/2014 16:47:11): This is a Debug Message.
[DEBUG] (23/04/2014 16:47:11): This is a Debug Message.
[DEBUG] (23/04/2014 16:47:11): This is a Debug Message.
[INFO ] (23/04/2014 16:47:11): This is a Info Message.
[INFO ] (23/04/2014 16:47:11): This is a Info Message.
[INFO ] (23/04/2014 16:47:11): This is a Info Message.
[INFO ] (23/04/2014 16:47:11): This is a Info Message.
[INFO ] (23/04/2014 16:47:11): This is a Info Message.
[WARN ] (23/04/2014 16:47:11): This is a Warning Message.
[WARN ] (23/04/2014 16:47:11): This is a Warning Message.
[WARN ] (23/04/2014 16:47:11): This is a Warning Message.
[WARN ] (23/04/2014 16:47:11): This is a Warning Message.
[WARN ] (23/04/2014 16:47:11): This is a Warning Message.
[ERROR] (23/04/2014 16:47:11): This is a Error Message.
[ERROR] (23/04/2014 16:47:11): This is a Error Message.
[ERROR] (23/04/2014 16:47:11): This is a Error Message.
[ERROR] (23/04/2014 16:47:11): This is a Error Message.
[ERROR] (23/04/2014 16:47:11): This is a Error Message.
[FATAL] (23/04/2014 16:47:11): This is a Fatal Message.
[FATAL] (23/04/2014 16:47:11): This is a Fatal Message.
[FATAL] (23/04/2014 16:47:11): This is a Fatal Message.
[FATAL] (23/04/2014 16:47:11): This is a Fatal Message.
[FATAL] (23/04/2014 16:47:11): This is a Fatal Message.
[DEBUG] (29/04/2014 15:42:20): This is a Debug Message.
[DEBUG] (29/04/2014 15:42:20): This is a Debug Message.
[DEBUG] (29/04/2014 15:42:20): This is a Debug Message.
[DEBUG] (29/04/2014 15:42:20): This is a Debug Message.
[DEBUG] (29/04/2014 15:42:20): This is a Debug Message.
[INFO ] (29/04/2014 15:42:20): This is a Info Message.
[INFO ] (29/04/2014 15:42:20): This is a Info Message.
[INFO ] (29/04/2014 15:42:20): This is a Info Message.
[INFO ] (29/04/2014 15:42:20): This is a Info Message.
[INFO ] (29/04/2014 15:42:20): This is a Info Message.
[WARN ] (29/04/2014 15:42:20): This is a Warning Message.
[WARN ] (29/04/2014 15:42:20): This is a Warning Message.
[WARN ] (29/04/2014 15:42:20): This is a Warning Message.
[WARN ] (29/04/2014 15:42:20): This is a Warning Message.
[WARN ] (29/04/2014 15:42:20): This is a Warning Message.
[ERROR] (29/04/2014 15:42:20): This is a Error Message.
[ERROR] (29/04/2014 15:42:20): This is a Error Message.
[ERROR] (29/04/2014 15:42:20): This is a Error Message.
[ERROR] (29/04/2014 15:42:20): This is a Error Message.
[ERROR] (29/04/2014 15:42:20): This is a Error Message.
[FATAL] (29/04/2014 15:42:20): This is a Fatal Message.
[FATAL] (29/04/2014 15:42:20): This is a Fatal Message.
[FATAL] (29/04/2014 15:42:20): This is a Fatal Message.
[FATAL] (29/04/2014 15:42:20): This is a Fatal Message.
[FATAL] (29/04/2014 15:42:20): This is a Fatal Message.
