[INFO ] (25/05/2015 13:23:59): Creating temp dir [bigjar]
[INFO ] (25/05/2015 13:23:59): Unpacking Jar Files...
[INFO ] (25/05/2015 13:23:59): Creating BigJar [dist/str.jar]...
[INFO ] (25/05/2015 13:23:59): Cleaning up...
[INFO ] (25/05/2015 13:23:59): Done!
[INFO ] (17/10/2016 12:08:56): Creating temp dir [bigjar]
[INFO ] (17/10/2016 12:08:56): Unpacking Jar Files...
[INFO ] (17/10/2016 12:08:56): Creating BigJar [dist/str.jar]...
[INFO ] (17/10/2016 12:08:56): Cleaning up...
[INFO ] (17/10/2016 12:08:56): Done!
[INFO ] (17/10/2016 12:37:00): Creating temp dir [bigjar]
[INFO ] (17/10/2016 12:37:00): Unpacking Jar Files...
[INFO ] (17/10/2016 12:37:00): Creating BigJar [dist/str.jar]...
[INFO ] (17/10/2016 12:37:00): Cleaning up...
[INFO ] (17/10/2016 12:37:00): Done!
[INFO ] (17/10/2016 12:41:02): Creating temp dir [bigjar]
[INFO ] (17/10/2016 12:41:02): Unpacking Jar Files...
[INFO ] (17/10/2016 12:41:02): Creating BigJar [dist/str.jar]...
[INFO ] (17/10/2016 12:41:02): Cleaning up...
[INFO ] (17/10/2016 12:41:02): Done!
[INFO ] (17/10/2016 12:41:57): Creating temp dir [bigjar]
[INFO ] (17/10/2016 12:41:57): Unpacking Jar Files...
[INFO ] (17/10/2016 12:41:57): Creating BigJar [dist/str.jar]...
[INFO ] (17/10/2016 12:41:57): Cleaning up...
[INFO ] (17/10/2016 12:41:57): Done!
