[INFO ] (13/06/2014 11:10:03): Creating temp dir [bigjar]
[INFO ] (13/06/2014 11:10:03): Unpacking Jar Files...
[INFO ] (13/06/2014 11:10:03): Creating BigJar [D:\java\powercoder\dist\powercoder.jar]...
[INFO ] (13/06/2014 11:10:03): Cleaning up...
[INFO ] (13/06/2014 11:10:04): Done!
[INFO ] (27/06/2014 14:26:36): Creating temp dir [bigjar]
[INFO ] (27/06/2014 14:26:36): Unpacking Jar Files...
[INFO ] (27/06/2014 14:26:38): Creating BigJar [D:\java\powercoder\dist\powercoder.jar]...
[INFO ] (27/06/2014 14:26:38): Cleaning up...
[INFO ] (27/06/2014 14:26:38): Done!
[INFO ] (01/07/2014 15:45:09): Creating temp dir [bigjar]
[INFO ] (01/07/2014 15:45:09): Unpacking Jar Files...
[INFO ] (01/07/2014 15:45:10): Creating BigJar [D:\java\powercoder\dist\powercoder.jar]...
[INFO ] (01/07/2014 15:45:11): Cleaning up...
[INFO ] (01/07/2014 15:45:11): Done!
[INFO ] (02/07/2014 16:44:39): Creating temp dir [bigjar]
[INFO ] (02/07/2014 16:44:39): Unpacking Jar Files...
[INFO ] (02/07/2014 16:44:40): Creating BigJar [D:\java\powercoder\dist\powercoder.jar]...
[INFO ] (02/07/2014 16:44:41): Cleaning up...
[INFO ] (02/07/2014 16:44:41): Done!
[INFO ] (10/07/2014 14:50:51): Creating temp dir [bigjar]
[INFO ] (10/07/2014 14:50:51): Unpacking Jar Files...
[INFO ] (10/07/2014 14:50:53): Creating BigJar [D:\java\powercoder\dist\powercoder.jar]...
[INFO ] (10/07/2014 14:50:53): Cleaning up...
[INFO ] (10/07/2014 14:50:53): Done!
[INFO ] (11/07/2014 16:52:36): Creating temp dir [bigjar]
[INFO ] (11/07/2014 16:52:36): Unpacking Jar Files...
[INFO ] (11/07/2014 16:52:38): Creating BigJar [D:\java\powercoder\dist\powercoder.jar]...
[INFO ] (11/07/2014 16:52:38): Cleaning up...
[INFO ] (11/07/2014 16:52:38): Done!
