* (16/05/2013 20:00:21) [INFO]: Starting server...
* (16/05/2013 20:00:21) [INFO]: Address = null
* (16/05/2013 20:00:21) [INFO]: Port = 10080
* (16/05/2013 20:00:21) [INFO]: Server binded to 0.0.0.0:10080
* (16/05/2013 20:00:23) [INFO]: No client connected...
* (16/05/2013 20:00:25) [INFO]: No client connected...
* (16/05/2013 20:00:27) [INFO]: No client connected...
* (16/05/2013 20:00:29) [INFO]: No client connected...
* (16/05/2013 20:00:31) [INFO]: No client connected...
* (16/05/2013 20:00:33) [INFO]: No client connected...
* (16/05/2013 20:00:35) [INFO]: No client connected...
* (16/05/2013 20:00:37) [INFO]: No client connected...
* (16/05/2013 20:00:39) [INFO]: No client connected...
* (16/05/2013 20:00:41) [INFO]: No client connected...
* (16/05/2013 20:00:43) [INFO]: No client connected...
* (16/05/2013 20:00:45) [INFO]: No client connected...
* (16/05/2013 20:01:18) [INFO]: Starting server...
* (16/05/2013 20:01:18) [INFO]: Server started and listening on 0.0.0.0:10080
* (16/05/2013 20:01:20) [INFO]: No client connected...
* (16/05/2013 20:01:22) [INFO]: No client connected...
* (16/05/2013 20:01:24) [INFO]: No client connected...
* (16/05/2013 20:01:26) [INFO]: No client connected...
* (16/05/2013 20:01:28) [INFO]: No client connected...
* (16/05/2013 20:01:30) [INFO]: No client connected...
* (16/05/2013 20:01:32) [INFO]: No client connected...
* (16/05/2013 20:02:30) [INFO]: Starting server...
* (16/05/2013 20:02:30) [INFO]: Server started!
* (16/05/2013 20:02:30) [INFO]: Listening on  0.0.0.0:10080
* (16/05/2013 20:02:40) [INFO]: No client connected...
* (16/05/2013 20:02:50) [INFO]: No client connected...
* (16/05/2013 20:19:44) [INFO]: Starting server...
* (16/05/2013 20:19:44) [INFO]: Server started!
* (16/05/2013 20:19:44) [INFO]: Listening on  0.0.0.0:55389
* (16/05/2013 20:19:54) [INFO]: No client connected...
* (16/05/2013 20:20:04) [INFO]: No client connected...
* (16/05/2013 20:20:14) [INFO]: No client connected...
* (16/05/2013 20:20:24) [INFO]: No client connected...
* (16/05/2013 20:20:34) [INFO]: No client connected...
* (16/05/2013 20:20:39) [INFO]: Client connected: /127.0.0.1
* (16/05/2013 20:20:39) [INFO]: Sending controll word (calypso)...
* (16/05/2013 20:20:39) [INFO]: Success. Controll word sent.
* (16/05/2013 20:20:39) [INFO]: Exiting...
* (16/05/2013 20:22:26) [INFO]: Starting server...
* (16/05/2013 20:22:26) [INFO]: Server started!
* (16/05/2013 20:22:26) [INFO]: Listening on  0.0.0.0:10080
* (16/05/2013 20:22:30) [INFO]: Client connected: /127.0.0.1
* (16/05/2013 20:22:30) [INFO]: Sending controll word (calypso)...
* (16/05/2013 20:22:30) [INFO]: Success. Controll word sent.
* (16/05/2013 20:22:30) [INFO]: Exiting...
