[INFO ] (10/03/2015 16:28:09): Starting NetworkServer...
[FATAL] (10/03/2015 16:28:09): IOException: Error running NetworkServer
[FATAL] (10/03/2015 16:28:09):   Caused by: BindException: Endereço já em uso
[FATAL] (10/03/2015 16:28:09):   us.pserver.rob.server.NetworkServer.run(NetworkServer.java:239)
[FATAL] (10/03/2015 16:28:09):   us.pserver.rob.server.NetworkServer.start(NetworkServer.java:203)
[FATAL] (10/03/2015 16:28:09):   us.pserver.rob.test.TestGetServer.main(TestGetServer.java:63)
[INFO ] (10/03/2015 16:28:18): Starting NetworkServer...
[INFO ] (10/03/2015 16:28:18): Channel: us.pserver.rob.channel.GetResponseChannel
[INFO ] (10/03/2015 16:28:18): Listening on: NetConnector{ localhost:35000 }
[INFO ] (10/03/2015 16:28:18): Server started!

[INFO ] (10/03/2015 16:28:27): ------------------------------
[INFO ] (10/03/2015 16:28:27): Handling socket: Socket[addr=/127.0.0.1,port=55969,localport=35000]
[INFO ] (10/03/2015 16:28:27): Connection closed by client.
[INFO ] (10/03/2015 16:29:13): ------------------------------
[INFO ] (10/03/2015 16:29:13): Handling socket: Socket[addr=/127.0.0.1,port=55971,localport=35000]
[INFO ] (10/03/2015 16:29:13): Connection closed by client.
[INFO ] (10/03/2015 16:29:20): ------------------------------
[INFO ] (10/03/2015 16:29:20): Handling socket: Socket[addr=/127.0.0.1,port=55972,localport=35000]
[INFO ] (10/03/2015 16:29:20): Connection closed by client.
[INFO ] (10/03/2015 16:29:22): ------------------------------
[INFO ] (10/03/2015 16:29:22): Handling socket: Socket[addr=/127.0.0.1,port=55973,localport=35000]
[INFO ] (10/03/2015 16:29:22): Connection closed by client.
[INFO ] (10/03/2015 16:29:24): ------------------------------
[INFO ] (10/03/2015 16:29:24): Handling socket: Socket[addr=/127.0.0.1,port=55974,localport=35000]
[INFO ] (10/03/2015 16:29:24): Connection closed by client.
[INFO ] (10/03/2015 16:29:26): ------------------------------
[INFO ] (10/03/2015 16:29:26): Handling socket: Socket[addr=/127.0.0.1,port=55975,localport=35000]
[INFO ] (10/03/2015 16:29:26): Connection closed by client.
[INFO ] (10/03/2015 16:37:56): ------------------------------
[INFO ] (10/03/2015 16:37:56): Handling socket: Socket[addr=/127.0.0.1,port=56004,localport=35000]
[INFO ] (10/03/2015 16:37:56): Connection closed by client.
[INFO ] (10/03/2015 17:49:10): Starting NetworkServer...
[INFO ] (10/03/2015 17:49:10): Channel: us.pserver.rob.channel.HttpResponseChannel
[INFO ] (10/03/2015 17:49:10): Listening on: NetConnector{ 0.0.0.0:9035 }
[INFO ] (10/03/2015 17:49:10): Server started!

[INFO ] (10/03/2015 17:49:38): ------------------------------
[INFO ] (10/03/2015 17:49:38): Handling socket: Socket[addr=/127.0.0.1,port=60504,localport=9035]
[INFO ] (10/03/2015 17:49:38): Connection closed by client.
[INFO ] (10/03/2015 17:49:44): ------------------------------
[INFO ] (10/03/2015 17:49:44): Handling socket: Socket[addr=/127.0.0.1,port=60505,localport=9035]
[INFO ] (10/03/2015 17:49:44): Connection closed by client.
[INFO ] (10/03/2015 17:50:07): ------------------------------
[INFO ] (10/03/2015 17:50:07): Handling socket: Socket[addr=/127.0.0.1,port=60507,localport=9035]
[INFO ] (10/03/2015 17:50:07): Connection closed by client.
[INFO ] (10/03/2015 17:50:17): ------------------------------
[INFO ] (10/03/2015 17:50:17): Handling socket: Socket[addr=/127.0.0.1,port=60508,localport=9035]
[INFO ] (10/03/2015 17:50:17): Connection closed by client.
[INFO ] (10/03/2015 17:50:24): ------------------------------
[INFO ] (10/03/2015 17:50:24): Handling socket: Socket[addr=/127.0.0.1,port=60509,localport=9035]
[INFO ] (10/03/2015 17:50:24): Connection closed by client.
[INFO ] (10/03/2015 17:50:32): ------------------------------
[INFO ] (10/03/2015 17:50:32): Handling socket: Socket[addr=/127.0.0.1,port=60510,localport=9035]
[INFO ] (10/03/2015 17:50:32): Connection closed by client.
[INFO ] (10/03/2015 17:50:38): ------------------------------
[INFO ] (10/03/2015 17:50:38): Handling socket: Socket[addr=/127.0.0.1,port=60511,localport=9035]
[INFO ] (10/03/2015 17:50:38): Connection closed by client.
[INFO ] (10/03/2015 17:50:50): ------------------------------
[INFO ] (10/03/2015 17:50:50): Handling socket: Socket[addr=/127.0.0.1,port=60512,localport=9035]
[INFO ] (10/03/2015 17:50:50): Connection closed by client.
[INFO ] (10/03/2015 17:51:12): Starting NetworkServer...
[INFO ] (10/03/2015 17:51:12): Channel: us.pserver.rob.channel.GetResponseChannel
[INFO ] (10/03/2015 17:51:12): Listening on: NetConnector{ localhost:35000 }
[INFO ] (10/03/2015 17:51:12): Server started!

[INFO ] (10/03/2015 17:51:18): ------------------------------
[INFO ] (10/03/2015 17:51:18): Handling socket: Socket[addr=/127.0.0.1,port=56250,localport=35000]
[INFO ] (10/03/2015 17:51:18): Connection closed by client.
[INFO ] (10/03/2015 17:51:19): ------------------------------
[INFO ] (10/03/2015 17:51:19): Handling socket: Socket[addr=/127.0.0.1,port=56251,localport=35000]
[ERROR] (10/03/2015 17:51:19): Error reading from channel
[ERROR] (10/03/2015 17:51:19): IOException: Invalid GET Request [GET /favicon.ico HTTP/1.1
]
[ERROR] (10/03/2015 17:51:19):   us.pserver.rob.channel.GetResponseChannel.read(GetResponseChannel.java:417)
[ERROR] (10/03/2015 17:51:19):   us.pserver.rob.server.NetworkServer$SocketHandler.read(NetworkServer.java:332)
[ERROR] (10/03/2015 17:51:19):   us.pserver.rob.server.NetworkServer$SocketHandler.run(NetworkServer.java:514)
[ERROR] (10/03/2015 17:51:19):   java.util.concurrent.Executors$RunnableAdapter.call(Executors.java:511)
[ERROR] (10/03/2015 17:51:19):   java.util.concurrent.FutureTask.run(FutureTask.java:266)
[ERROR] (10/03/2015 17:51:19):   java.util.concurrent.ThreadPoolExecutor.runWorker(ThreadPoolExecutor.java:1142)
[ERROR] (10/03/2015 17:51:19):   java.util.concurrent.ThreadPoolExecutor$Worker.run(ThreadPoolExecutor.java:617)
[ERROR] (10/03/2015 17:51:19):   java.lang.Thread.run(Thread.java:745)
[INFO ] (10/03/2015 17:51:19): Connection closed by client.
[INFO ] (10/03/2015 17:51:19): ------------------------------
[INFO ] (10/03/2015 17:51:19): Handling socket: Socket[addr=/127.0.0.1,port=56252,localport=35000]
[ERROR] (10/03/2015 17:51:19): Error reading from channel
[ERROR] (10/03/2015 17:51:19): IOException: Invalid GET Request [GET /favicon.ico HTTP/1.1
]
[ERROR] (10/03/2015 17:51:19):   us.pserver.rob.channel.GetResponseChannel.read(GetResponseChannel.java:417)
[ERROR] (10/03/2015 17:51:19):   us.pserver.rob.server.NetworkServer$SocketHandler.read(NetworkServer.java:332)
[ERROR] (10/03/2015 17:51:19):   us.pserver.rob.server.NetworkServer$SocketHandler.run(NetworkServer.java:514)
[ERROR] (10/03/2015 17:51:19):   java.util.concurrent.Executors$RunnableAdapter.call(Executors.java:511)
[ERROR] (10/03/2015 17:51:19):   java.util.concurrent.FutureTask.run(FutureTask.java:266)
[ERROR] (10/03/2015 17:51:19):   java.util.concurrent.ThreadPoolExecutor.runWorker(ThreadPoolExecutor.java:1142)
[ERROR] (10/03/2015 17:51:19):   java.util.concurrent.ThreadPoolExecutor$Worker.run(ThreadPoolExecutor.java:617)
[ERROR] (10/03/2015 17:51:19):   java.lang.Thread.run(Thread.java:745)
[INFO ] (10/03/2015 17:51:19): Connection closed by client.
[INFO ] (10/03/2015 17:51:34): ------------------------------
[INFO ] (10/03/2015 17:51:34): Handling socket: Socket[addr=/127.0.0.1,port=56253,localport=35000]
[INFO ] (10/03/2015 17:51:34): Connection closed by client.
[INFO ] (10/03/2015 17:51:41): ------------------------------
[INFO ] (10/03/2015 17:51:41): Handling socket: Socket[addr=/127.0.0.1,port=56254,localport=35000]
[INFO ] (10/03/2015 17:51:41): Connection closed by client.
[INFO ] (10/03/2015 17:51:55): ------------------------------
[INFO ] (10/03/2015 17:51:55): Handling socket: Socket[addr=/127.0.0.1,port=56256,localport=35000]
[INFO ] (10/03/2015 17:51:55): Remote request: a.compute( 5, 3 )
[INFO ] (10/03/2015 17:51:55): Response sent: OpResult{ success = true, return = 1.6666666666666667 }
[INFO ] (10/03/2015 17:52:14): ------------------------------
[INFO ] (10/03/2015 17:52:14): Handling socket: Socket[addr=/127.0.0.1,port=56257,localport=35000]
[INFO ] (10/03/2015 17:52:14): Remote request: a.compute( 5, 3 )
[INFO ] (10/03/2015 17:52:14): Response sent: OpResult{ success = true, return = 1.6666666666666667 }
[INFO ] (10/03/2015 17:52:40): Starting NetworkServer...
[INFO ] (10/03/2015 17:52:40): Channel: us.pserver.rob.channel.GetResponseChannel
[INFO ] (10/03/2015 17:52:40): Listening on: NetConnector{ localhost:35000 }
[INFO ] (10/03/2015 17:52:40): Server started!

[INFO ] (10/03/2015 17:52:44): ------------------------------
[INFO ] (10/03/2015 17:52:44): Handling socket: Socket[addr=/127.0.0.1,port=56258,localport=35000]
[INFO ] (10/03/2015 17:52:45): Remote request: a.compute( 5, 3 )
[INFO ] (10/03/2015 17:52:45): Response sent: OpResult{ success = true, return = 1.6666666666666667 }
[INFO ] (10/03/2015 17:53:14): Starting NetworkServer...
[INFO ] (10/03/2015 17:53:14): Channel: us.pserver.rob.channel.GetResponseChannel
[INFO ] (10/03/2015 17:53:14): Listening on: NetConnector{ localhost:35000 }
[INFO ] (10/03/2015 17:53:14): Server started!

[INFO ] (10/03/2015 17:53:16): ------------------------------
[INFO ] (10/03/2015 17:53:16): Handling socket: Socket[addr=/127.0.0.1,port=56261,localport=35000]
[INFO ] (10/03/2015 17:53:17): Remote request: a.compute( 5, 3 )
[INFO ] (10/03/2015 17:53:17): Response sent: OpResult{ success = true, return = 1.6666666666666667 }
[INFO ] (10/03/2015 17:53:34): ------------------------------
[INFO ] (10/03/2015 17:53:34): Handling socket: Socket[addr=/127.0.0.1,port=56263,localport=35000]
[INFO ] (10/03/2015 17:53:34): Remote request: a.compute( 5, 3 )
[INFO ] (10/03/2015 17:53:34): Response sent: OpResult{ success = true, return = 1.6666666666666667 }
[INFO ] (10/03/2015 17:53:59): ------------------------------
[INFO ] (10/03/2015 17:53:59): Handling socket: Socket[addr=/127.0.0.1,port=56265,localport=35000]
[INFO ] (10/03/2015 17:53:59): Remote request: a.compute( 5, 3 )
[INFO ] (10/03/2015 17:53:59): Response sent: OpResult{ success = true, return = 1.6666666666666667 }
[INFO ] (10/03/2015 17:54:51): Starting NetworkServer...
[INFO ] (10/03/2015 17:54:51): Channel: us.pserver.rob.channel.GetResponseChannel
[INFO ] (10/03/2015 17:54:51): Listening on: NetConnector{ localhost:35000 }
[INFO ] (10/03/2015 17:54:51): Server started!

[INFO ] (10/03/2015 17:54:52): ------------------------------
[INFO ] (10/03/2015 17:54:53): Handling socket: Socket[addr=/127.0.0.1,port=56268,localport=35000]
[INFO ] (10/03/2015 17:54:53): Remote request: a.compute( 5, 3 )
[INFO ] (10/03/2015 17:54:53): Response sent: OpResult{ success = true, return = 1.6666666666666667 }
[INFO ] (10/03/2015 18:03:56): Starting NetworkServer...
[INFO ] (10/03/2015 18:03:56): Channel: us.pserver.rob.channel.HttpResponseChannel
[INFO ] (10/03/2015 18:03:56): Listening on: NetConnector{ 0.0.0.0:9035 }
[INFO ] (10/03/2015 18:03:56): Server started!

[INFO ] (10/03/2015 18:04:19): ------------------------------
[INFO ] (10/03/2015 18:04:19): Handling socket: Socket[addr=/127.0.0.1,port=60547,localport=9035]
[INFO ] (10/03/2015 18:04:19): Connection closed by client.
[INFO ] (10/03/2015 18:04:19): ------------------------------
[INFO ] (10/03/2015 18:04:19): Handling socket: Socket[addr=/127.0.0.1,port=60548,localport=9035]
[INFO ] (10/03/2015 18:04:19): Connection closed by client.
[INFO ] (17/04/2015 08:23:03): Starting NetworkServer...
[INFO ] (17/04/2015 08:23:03): Listening on: HttpConnector{ *:9099 }
[INFO ] (17/04/2015 08:23:03): Server started!

[INFO ] (17/04/2015 08:27:12): Starting NetworkServer...
[INFO ] (17/04/2015 08:27:12): Listening on: HttpConnector{ *:9099 }
[INFO ] (17/04/2015 08:27:12): Server started!

[INFO ] (17/04/2015 08:29:27): Starting NetworkServer...
[INFO ] (17/04/2015 08:29:27): Listening on: HttpConnector{ *:9099 }
[INFO ] (17/04/2015 08:29:27): Server started!

[INFO ] (17/04/2015 08:31:11): Starting NetworkServer...
[INFO ] (17/04/2015 08:31:11): Listening on: HttpConnector{ *:9099 }
[INFO ] (17/04/2015 08:31:11): Server started!

[INFO ] (17/04/2015 08:31:14): ------------------------------
[INFO ] (17/04/2015 08:31:14): Handling socket: 127.0.0.1:9099<->127.0.0.1:41308
[INFO ] (17/04/2015 08:31:15): Remote request: calculator.xyz( 13, 5, 0 ).div(  ).moveZX(  ).round(  ).z(  )
[INFO ] (17/04/2015 08:31:15): Authentication Enabled: Credentials{ user = juno }
[INFO ] (17/04/2015 08:31:15): Invoking: calculator.xyz( 13, 5, 0 )
[INFO ] (17/04/2015 08:31:15): Invoking: Calculator.div(  )
[INFO ] (17/04/2015 08:31:15): Invoking: Calculator.moveZX(  )
[INFO ] (17/04/2015 08:31:15): Invoking: Calculator.round(  )
[WARN ] (17/04/2015 08:31:15): Error invoking method [.round(  )]
[WARN ] (17/04/2015 08:31:15): MethodInvocationException: Invocation error [java.lang.IllegalArgumentException: wrong number of arguments]
[WARN ] (17/04/2015 08:31:15):   Caused by: IllegalArgumentException: wrong number of arguments
[WARN ] (17/04/2015 08:31:15):   us.pserver.revok.server.Invoker.invoke(Invoker.java:152)
[WARN ] (17/04/2015 08:31:15):   us.pserver.revok.server.Invoker.invoke(Invoker.java:147)
[WARN ] (17/04/2015 08:31:15):   us.pserver.revok.server.Invoker.invoke(Invoker.java:147)
[WARN ] (17/04/2015 08:31:15):   us.pserver.revok.server.Invoker.invoke(Invoker.java:147)
[WARN ] (17/04/2015 08:31:15):   us.pserver.revok.server.Invoker.invoke(Invoker.java:147)
[WARN ] (17/04/2015 08:31:15):   us.pserver.revok.server.Invoker.invoke(Invoker.java:147)
[WARN ] (17/04/2015 08:31:15):   us.pserver.revok.server.Invoker.invoke(Invoker.java:111)
[WARN ] (17/04/2015 08:31:15):   us.pserver.revok.server.RevokServer$HttpConnectionHandler.invoke(RevokServer.java:438)
[WARN ] (17/04/2015 08:31:15):   us.pserver.revok.server.RevokServer$HttpConnectionHandler.invoke(RevokServer.java:400)
[WARN ] (17/04/2015 08:31:15):   us.pserver.revok.server.RevokServer$HttpConnectionHandler.handleInvoke(RevokServer.java:475)
[WARN ] (17/04/2015 08:31:15):   us.pserver.revok.server.RevokServer$HttpConnectionHandler.run(RevokServer.java:509)
[WARN ] (17/04/2015 08:31:15):   java.util.concurrent.Executors$RunnableAdapter.call(Executors.java:511)
[WARN ] (17/04/2015 08:31:15):   java.util.concurrent.FutureTask.run(FutureTask.java:266)
[WARN ] (17/04/2015 08:31:15):   java.util.concurrent.ThreadPoolExecutor.runWorker(ThreadPoolExecutor.java:1142)
[WARN ] (17/04/2015 08:31:15):   java.util.concurrent.ThreadPoolExecutor$Worker.run(ThreadPoolExecutor.java:617)
[WARN ] (17/04/2015 08:31:15):   java.lang.Thread.run(Thread.java:745)
[INFO ] (17/04/2015 08:31:15): Response sent: OpResult{ success = false, return = null }
[ERROR] (17/04/2015 08:31:15): Error reading from channel
[ERROR] (17/04/2015 08:31:15): ConnectionClosedException: Client closed connection
[ERROR] (17/04/2015 08:31:15):   org.apache.http.impl.io.DefaultHttpRequestParser.parseHead(DefaultHttpRequestParser.java:133)
[ERROR] (17/04/2015 08:31:15):   org.apache.http.impl.io.DefaultHttpRequestParser.parseHead(DefaultHttpRequestParser.java:54)
[ERROR] (17/04/2015 08:31:15):   org.apache.http.impl.io.AbstractMessageParser.parse(AbstractMessageParser.java:261)
[ERROR] (17/04/2015 08:31:15):   org.apache.http.impl.DefaultBHttpServerConnection.receiveRequestHeader(DefaultBHttpServerConnection.java:132)
[ERROR] (17/04/2015 08:31:15):   us.pserver.revok.channel.HttpResponseChannel.read(HttpResponseChannel.java:175)
[ERROR] (17/04/2015 08:31:15):   us.pserver.revok.server.RevokServer$HttpConnectionHandler.read(RevokServer.java:317)
[ERROR] (17/04/2015 08:31:15):   us.pserver.revok.server.RevokServer$HttpConnectionHandler.run(RevokServer.java:502)
[ERROR] (17/04/2015 08:31:15):   us.pserver.revok.server.RevokServer$HttpConnectionHandler.run(RevokServer.java:511)
[ERROR] (17/04/2015 08:31:15):   java.util.concurrent.Executors$RunnableAdapter.call(Executors.java:511)
[ERROR] (17/04/2015 08:31:15):   java.util.concurrent.FutureTask.run(FutureTask.java:266)
[ERROR] (17/04/2015 08:31:15):   java.util.concurrent.ThreadPoolExecutor.runWorker(ThreadPoolExecutor.java:1142)
[ERROR] (17/04/2015 08:31:15):   java.util.concurrent.ThreadPoolExecutor$Worker.run(ThreadPoolExecutor.java:617)
[ERROR] (17/04/2015 08:31:15):   java.lang.Thread.run(Thread.java:745)
[INFO ] (17/04/2015 08:31:15): Connection closed by client.
[INFO ] (17/04/2015 08:33:21): Starting NetworkServer...
[INFO ] (17/04/2015 08:33:21): Listening on: HttpConnector{ *:9099 }
[INFO ] (17/04/2015 08:33:21): Server started!

[INFO ] (17/04/2015 08:33:24): ------------------------------
[INFO ] (17/04/2015 08:33:24): Handling socket: 127.0.0.1:9099<->127.0.0.1:41311
[INFO ] (17/04/2015 08:33:24): Remote request: calculator.xyz( 13, 5, 0 ).div(  ).moveZX(  ).round( 2 ).z(  )
[INFO ] (17/04/2015 08:33:24): Authentication Enabled: Credentials{ user = juno }
[INFO ] (17/04/2015 08:33:24): Invoking: calculator.xyz( 13, 5, 0 )
[INFO ] (17/04/2015 08:33:24): Invoking: Calculator.div(  )
[INFO ] (17/04/2015 08:33:24): Invoking: Calculator.moveZX(  )
[INFO ] (17/04/2015 08:33:24): Invoking: Calculator.round( 2 )
[INFO ] (17/04/2015 08:33:24): Invoking: Calculator.z(  )
[INFO ] (17/04/2015 08:33:24): Response sent: OpResult{ success = true, return = 2.6 }
[ERROR] (17/04/2015 08:33:24): Error reading from channel
[ERROR] (17/04/2015 08:33:24): ConnectionClosedException: Client closed connection
[ERROR] (17/04/2015 08:33:24):   org.apache.http.impl.io.DefaultHttpRequestParser.parseHead(DefaultHttpRequestParser.java:133)
[ERROR] (17/04/2015 08:33:24):   org.apache.http.impl.io.DefaultHttpRequestParser.parseHead(DefaultHttpRequestParser.java:54)
[ERROR] (17/04/2015 08:33:24):   org.apache.http.impl.io.AbstractMessageParser.parse(AbstractMessageParser.java:261)
[ERROR] (17/04/2015 08:33:24):   org.apache.http.impl.DefaultBHttpServerConnection.receiveRequestHeader(DefaultBHttpServerConnection.java:132)
[ERROR] (17/04/2015 08:33:24):   us.pserver.revok.channel.HttpResponseChannel.read(HttpResponseChannel.java:175)
[ERROR] (17/04/2015 08:33:25):   us.pserver.revok.server.RevokServer$HttpConnectionHandler.read(RevokServer.java:317)
[ERROR] (17/04/2015 08:33:25):   us.pserver.revok.server.RevokServer$HttpConnectionHandler.run(RevokServer.java:502)
[ERROR] (17/04/2015 08:33:25):   us.pserver.revok.server.RevokServer$HttpConnectionHandler.run(RevokServer.java:511)
[ERROR] (17/04/2015 08:33:25):   java.util.concurrent.Executors$RunnableAdapter.call(Executors.java:511)
[ERROR] (17/04/2015 08:33:25):   java.util.concurrent.FutureTask.run(FutureTask.java:266)
[ERROR] (17/04/2015 08:33:25):   java.util.concurrent.ThreadPoolExecutor.runWorker(ThreadPoolExecutor.java:1142)
[ERROR] (17/04/2015 08:33:25):   java.util.concurrent.ThreadPoolExecutor$Worker.run(ThreadPoolExecutor.java:617)
[ERROR] (17/04/2015 08:33:25):   java.lang.Thread.run(Thread.java:745)
[INFO ] (17/04/2015 08:33:25): Connection closed by client.
[INFO ] (17/04/2015 08:38:56): Starting NetworkServer...
[INFO ] (17/04/2015 08:38:56): Listening on: HttpConnector{ *:9099 }
[INFO ] (17/04/2015 08:38:56): Server started!

[INFO ] (17/04/2015 08:38:58): ------------------------------
[INFO ] (17/04/2015 08:38:58): Handling socket: 127.0.0.1:9099<->127.0.0.1:41315
[INFO ] (17/04/2015 08:38:59): Remote request: calculator.xyz( 113, 7, 0 ).div(  ).moveZX(  ).round( 2 ).z(  )
[INFO ] (17/04/2015 08:38:59): Authentication Enabled: Credentials{ user = juno }
[INFO ] (17/04/2015 08:38:59): Invoking: calculator.xyz( 113, 7, 0 )
[INFO ] (17/04/2015 08:38:59): Invoking: Calculator.div(  )
[INFO ] (17/04/2015 08:38:59): Invoking: Calculator.moveZX(  )
[INFO ] (17/04/2015 08:38:59): Invoking: Calculator.round( 2 )
[INFO ] (17/04/2015 08:38:59): Invoking: Calculator.z(  )
[INFO ] (17/04/2015 08:38:59): Response sent: OpResult{ success = true, return = 16.14 }
[INFO ] (17/04/2015 08:38:59): Connection closed by client.
[INFO ] (17/04/2015 08:42:23): ------------------------------
[INFO ] (17/04/2015 08:42:23): Handling socket: 127.0.0.1:9099<->127.0.0.1:41319
[INFO ] (17/04/2015 08:42:24): Remote request: calculator.xyz( 113, 7, 0 ).div(  ).moveZX(  ).round( 4 ).z(  )
[INFO ] (17/04/2015 08:42:24): Authentication Enabled: Credentials{ user = juno }
[INFO ] (17/04/2015 08:42:24): Invoking: calculator.xyz( 113, 7, 0 )
[INFO ] (17/04/2015 08:42:24): Invoking: Calculator.div(  )
[INFO ] (17/04/2015 08:42:24): Invoking: Calculator.moveZX(  )
[INFO ] (17/04/2015 08:42:24): Invoking: Calculator.round( 4 )
[INFO ] (17/04/2015 08:42:24): Invoking: Calculator.z(  )
[INFO ] (17/04/2015 08:42:24): Response sent: OpResult{ success = true, return = 16.1429 }
[INFO ] (17/04/2015 08:42:24): Connection closed by client.
[INFO ] (17/04/2015 08:44:13): Starting NetworkServer...
[INFO ] (17/04/2015 08:44:13): Listening on: HttpConnector{ *:9099 }
[INFO ] (17/04/2015 08:44:13): Server started!

[INFO ] (17/04/2015 08:44:19): ------------------------------
[INFO ] (17/04/2015 08:44:19): Handling socket: 127.0.0.1:9099<->127.0.0.1:41321
[INFO ] (17/04/2015 08:44:20): Remote request: calculator.xyz( 113, 7, 0 ).div(  ).printZ(  ).moveZX(  ).round( 4 ).z(  )
[INFO ] (17/04/2015 08:44:20): Authentication Enabled: Credentials{ user = juno }
[INFO ] (17/04/2015 08:44:20): Invoking: calculator.xyz( 113, 7, 0 )
[INFO ] (17/04/2015 08:44:20): Invoking: Calculator.div(  )
[INFO ] (17/04/2015 08:44:20): Invoking: Calculator.printZ(  )
[INFO ] (17/04/2015 08:44:20): Invoking: Calculator.moveZX(  )
[INFO ] (17/04/2015 08:44:20): Invoking: Calculator.round( 4 )
[INFO ] (17/04/2015 08:44:20): Invoking: Calculator.z(  )
[INFO ] (17/04/2015 08:44:20): Response sent: OpResult{ success = true, return = 16.1429 }
[INFO ] (17/04/2015 08:44:20): Connection closed by client.
[INFO ] (17/04/2015 08:47:27): Starting NetworkServer...
[INFO ] (17/04/2015 08:47:27): Listening on: HttpConnector{ *:9099 }
[INFO ] (17/04/2015 08:47:27): Server started!

[INFO ] (17/04/2015 08:47:38): ------------------------------
[INFO ] (17/04/2015 08:47:38): Handling socket: 127.0.0.1:9099<->127.0.0.1:41325
[INFO ] (17/04/2015 08:47:39): Remote request: calculator.xyz( 113, 7, 0 ).div(  ).print(  ).moveZX(  ).round( 4 ).z(  )
[INFO ] (17/04/2015 08:47:39): Authentication Enabled: Credentials{ user = juno }
[INFO ] (17/04/2015 08:47:39): Invoking: calculator.xyz( 113, 7, 0 )
[INFO ] (17/04/2015 08:47:39): Invoking: Calculator.div(  )
[INFO ] (17/04/2015 08:47:39): Invoking: Calculator.print(  )
[INFO ] (17/04/2015 08:47:39): Invoking: Calculator.moveZX(  )
[INFO ] (17/04/2015 08:47:39): Invoking: Calculator.round( 4 )
[INFO ] (17/04/2015 08:47:39): Invoking: Calculator.z(  )
[INFO ] (17/04/2015 08:47:39): Response sent: OpResult{ success = true, return = 16.1429 }
[INFO ] (17/04/2015 08:47:39): Connection closed by client.
[INFO ] (17/04/2015 08:49:16): ------------------------------
[INFO ] (17/04/2015 08:49:16): Handling socket: 127.0.0.1:9099<->127.0.0.1:41327
[INFO ] (17/04/2015 08:49:17): Remote request: calculator.xyz( 113, 7, 0 ).div(  ).print(  ).moveZX(  ).round( 4 ).z(  )
[INFO ] (17/04/2015 08:49:17): Authentication Enabled: Credentials{ user = juno }
[INFO ] (17/04/2015 08:49:17): Invoking: calculator.xyz( 113, 7, 0 )
[INFO ] (17/04/2015 08:49:17): Invoking: Calculator.div(  )
[INFO ] (17/04/2015 08:49:17): Invoking: Calculator.print(  )
[INFO ] (17/04/2015 08:49:17): Invoking: Calculator.moveZX(  )
[INFO ] (17/04/2015 08:49:17): Invoking: Calculator.round( 4 )
[INFO ] (17/04/2015 08:49:17): Invoking: Calculator.z(  )
[INFO ] (17/04/2015 08:49:17): Response sent: OpResult{ success = true, return = 16.1429 }
[INFO ] (17/04/2015 08:49:17): Connection closed by client.
[INFO ] (17/04/2015 13:33:40): Starting NetworkServer...
[INFO ] (17/04/2015 13:33:40): Listening on: HttpConnector{ *:9099 }
[INFO ] (17/04/2015 13:33:40): Server started!

[INFO ] (17/04/2015 13:33:53): ------------------------------
[INFO ] (17/04/2015 13:33:53): Handling socket: 127.0.0.1:9099<->127.0.0.1:39260
[INFO ] (17/04/2015 13:33:54): Remote request: calc.calculator.xyz( 113, 7, 0 ).div(  ).print(  ).moveZX(  ).round( 4 ).z(  )
[INFO ] (17/04/2015 13:33:54): Authentication Enabled: Credentials{ user = juno }
[INFO ] (17/04/2015 13:33:54): Invoking: calc.calculator.xyz( 113, 7, 0 )
[INFO ] (17/04/2015 13:33:54): Authentication Enabled: Credentials{ user = juno }
[INFO ] (17/04/2015 13:33:54): Invoking: Calculator.div(  )
[INFO ] (17/04/2015 13:42:30): Starting NetworkServer...
[INFO ] (17/04/2015 13:42:30): Listening on: HttpConnector{ *:9099 }
[INFO ] (17/04/2015 13:42:30): Server started!

[INFO ] (17/04/2015 13:42:32): ------------------------------
[INFO ] (17/04/2015 13:42:32): Handling socket: 127.0.0.1:9099<->127.0.0.1:39296
[INFO ] (17/04/2015 13:42:33): Remote request: calc.calculator.xyz( 113, 7, 0 ).div(  ).print(  ).moveZX(  ).round( 4 ).z(  )
[INFO ] (17/04/2015 13:42:33): Authentication Enabled: null
[INFO ] (17/04/2015 13:42:33): [Invoker.getObject( calc.calculator )] var=Calculator{ x=0.0, y=0.0, z=0.0 }
[INFO ] (17/04/2015 13:42:33): Invoking: calc.calculator.xyz( 113, 7, 0 )
[INFO ] (17/04/2015 13:42:33): [Invoker.getObject( calc.calculator )] var=Calculator{ x=0.0, y=0.0, z=0.0 }
[INFO ] (17/04/2015 13:42:33): Invoking: Calculator.div(  )
[INFO ] (17/04/2015 13:44:10): Starting NetworkServer...
[INFO ] (17/04/2015 13:44:10): Listening on: HttpConnector{ *:9099 }
[INFO ] (17/04/2015 13:44:10): Server started!

[INFO ] (17/04/2015 13:44:12): ------------------------------
[INFO ] (17/04/2015 13:44:12): Handling socket: 127.0.0.1:9099<->127.0.0.1:39315
[INFO ] (17/04/2015 13:44:13): Remote request: calc.calculator.xyz( 113, 7, 0 ).div(  ).print(  ).moveZX(  ).round( 4 ).z(  )
[INFO ] (17/04/2015 13:44:14): Authentication Enabled: null
[INFO ] (17/04/2015 13:44:14): [Invoker.getObject( calc.calculator )] var=Calculator{ x=0.0, y=0.0, z=0.0 }
[INFO ] (17/04/2015 13:44:14): Invoking: calc.calculator.xyz( 113, 7, 0 )
[INFO ] (17/04/2015 13:44:14): [Invoker.processArgs( calc.calculator.xyz( 113, 7, 0 ) )]
[INFO ] (17/04/2015 13:44:14): [Invoker.processArgs( calc.calculator.xyz( 113, 7, 0 ) )] args.size=0
[INFO ] (17/04/2015 13:44:14): [Invoker.getObject( calc.calculator )] var=Calculator{ x=0.0, y=0.0, z=0.0 }
[INFO ] (17/04/2015 13:44:14): Invoking: Calculator.div(  )
[INFO ] (17/04/2015 13:44:14): [Invoker.processArgs( .div(  ) )]
[INFO ] (17/04/2015 13:44:14): [Invoker.processArgs( .div(  ) )] args.size=0
[INFO ] (17/04/2015 13:45:21): Starting NetworkServer...
[INFO ] (17/04/2015 13:45:21): Listening on: HttpConnector{ *:9099 }
[INFO ] (17/04/2015 13:45:21): Server started!

[INFO ] (17/04/2015 13:45:23): ------------------------------
[INFO ] (17/04/2015 13:45:23): Handling socket: 127.0.0.1:9099<->127.0.0.1:39323
[INFO ] (17/04/2015 13:45:24): Remote request: calc.calculator.xyz( 113, 7, 0 ).div(  ).print(  ).moveZX(  ).round( 4 ).z(  )
[INFO ] (17/04/2015 13:45:24): Authentication Enabled: null
[INFO ] (17/04/2015 13:45:24): [Invoker.getObject( calc.calculator )] var=Calculator{ x=0.0, y=0.0, z=0.0 }
[INFO ] (17/04/2015 13:45:24): Invoking: calc.calculator.xyz( 113, 7, 0 )
[INFO ] (17/04/2015 13:45:24): [Invoker.processArgs( calc.calculator.xyz( 113, 7, 0 ) )]
[INFO ] (17/04/2015 13:45:24): [Invoker.processArgs( calc.calculator.xyz( 113, 7, 0 ) )] args.size=0
[INFO ] (17/04/2015 13:45:24): [Invoker.getObject( calc.calculator )] var=Calculator{ x=0.0, y=0.0, z=0.0 }
[INFO ] (17/04/2015 13:45:24): Invoking: Calculator.div(  )
[INFO ] (17/04/2015 13:45:24): [Invoker.processArgs( .div(  ) )]
[INFO ] (17/04/2015 13:45:24): [Invoker.processArgs( .div(  ) )] args.size=0
[INFO ] (17/04/2015 13:47:57): Starting NetworkServer...
[INFO ] (17/04/2015 13:47:57): Listening on: HttpConnector{ *:9099 }
[INFO ] (17/04/2015 13:47:57): Server started!

[INFO ] (17/04/2015 13:47:59): ------------------------------
[INFO ] (17/04/2015 13:47:59): Handling socket: 127.0.0.1:9099<->127.0.0.1:39336
[INFO ] (17/04/2015 13:48:00): Remote request: calc.calculator.xyz( 113, 7, 0 ).div(  ).print(  ).moveZX(  ).round( 4 ).z(  )
[INFO ] (17/04/2015 13:48:00): Authentication Enabled: null
[INFO ] (17/04/2015 13:48:00): [Invoker.getObject( calc.calculator )] var=Calculator{ x=0.0, y=0.0, z=0.0 }
[INFO ] (17/04/2015 13:48:00): Invoking: calc.calculator.xyz( 113, 7, 0 )
[INFO ] (17/04/2015 13:48:00): [Invoker.processArgs( calc.calculator.xyz( 113, 7, 0 ) )]
[INFO ] (17/04/2015 13:48:00): [Invoker.processArgs( calc.calculator.xyz( 113, 7, 0 ) )] args.size=0
[INFO ] (17/04/2015 13:48:00): [Invoker.getObject( calc.calculator )] var=Calculator{ x=0.0, y=0.0, z=0.0 }
[INFO ] (17/04/2015 13:48:00): Invoking: Calculator.div(  )
[INFO ] (17/04/2015 13:48:00): [Invoker.processArgs( .div(  ) )]
[INFO ] (17/04/2015 13:48:00): [Invoker.processArgs( .div(  ) )] args.size=0
[INFO ] (17/04/2015 13:52:45): Starting NetworkServer...
[INFO ] (17/04/2015 13:52:45): Listening on: HttpConnector{ *:9099 }
[INFO ] (17/04/2015 13:52:45): Server started!

[INFO ] (17/04/2015 13:52:47): ------------------------------
[INFO ] (17/04/2015 13:52:47): Handling socket: 127.0.0.1:9099<->127.0.0.1:39355
[INFO ] (17/04/2015 13:52:48): Remote request: calc.calculator.xyz( 113, 7, 0 ).div(  ).print(  ).moveZX(  ).round( 4 ).z(  )
[INFO ] (17/04/2015 13:52:48): Authentication Enabled: null
[INFO ] (17/04/2015 13:52:48): [Invoker.getObject( calc.calculator )] var=Calculator{ x=0.0, y=0.0, z=0.0 }
[INFO ] (17/04/2015 13:52:48): Invoking: calc.calculator.xyz( 113, 7, 0 )
[INFO ] (17/04/2015 13:52:48): [Invoker.processArgs( calc.calculator.xyz( 113, 7, 0 ) )]
[INFO ] (17/04/2015 13:52:48): [Invoker.processArgs( calc.calculator.xyz( 113, 7, 0 ) )] args.size=0
[INFO ] (17/04/2015 13:52:48): [Invoker.getObject( calc.calculator )] var=Calculator{ x=0.0, y=0.0, z=0.0 }
[INFO ] (17/04/2015 13:52:48): Invoking: Calculator.div(  )
[INFO ] (17/04/2015 13:52:48): [Invoker.processArgs( .div(  ) )]
[INFO ] (17/04/2015 13:52:48): [Invoker.processArgs( .div(  ) )] args.size=0
[INFO ] (17/04/2015 15:44:47): Starting NetworkServer...
[INFO ] (17/04/2015 15:44:47): Listening on: HttpConnector{ *:9099 }
[INFO ] (17/04/2015 15:44:47): Server started!

[INFO ] (17/04/2015 15:44:57): ------------------------------
[INFO ] (17/04/2015 15:44:57): Handling socket: 127.0.0.1:9099<->127.0.0.1:47526
[INFO ] (17/04/2015 15:45:01): Remote request: calc.calculator.xyz( 113, 7, 0 ).div(  ).print(  ).moveZX(  ).round( 4 ).z(  )
[INFO ] (17/04/2015 15:45:01): Authentication Enabled: null
[INFO ] (17/04/2015 15:45:01): [Invoker.getObject( calc.calculator )] var=Calculator{ x=0.0, y=0.0, z=0.0 }
[INFO ] (17/04/2015 15:45:01): Invoking: calc.calculator.xyz( 113, 7, 0 )
[INFO ] (17/04/2015 15:45:01): [Invoker.getObject( calc.calculator )] var=Calculator{ x=0.0, y=0.0, z=0.0 }
[INFO ] (17/04/2015 15:45:01): [Invoker.processArgs( calc.calculator.xyz( 113, 7, 0 ) )]
[INFO ] (17/04/2015 15:45:02): [Invoker.processArgs( calc.calculator.xyz( 113, 7, 0 ) )] args.size=0
[INFO ] (17/04/2015 15:45:02): Invoking: Calculator.div(  )
[INFO ] (17/04/2015 15:45:02): [Invoker.processArgs( .div(  ) )]
[INFO ] (17/04/2015 15:45:02): [Invoker.processArgs( .div(  ) )] args.size=0
[INFO ] (17/04/2015 15:45:02): Invoking: Calculator.print(  )
[INFO ] (17/04/2015 15:45:02): [Invoker.processArgs( .print(  ) )]
[INFO ] (17/04/2015 15:45:02): [Invoker.processArgs( .print(  ) )] args.size=0
[INFO ] (17/04/2015 15:45:02): Invoking: Calculator.moveZX(  )
[INFO ] (17/04/2015 15:45:02): [Invoker.processArgs( .moveZX(  ) )]
[INFO ] (17/04/2015 15:45:02): [Invoker.processArgs( .moveZX(  ) )] args.size=0
[INFO ] (17/04/2015 15:45:02): Invoking: Calculator.round( 4 )
[INFO ] (17/04/2015 15:45:02): [Invoker.processArgs( .round( 4 ) )]
[INFO ] (17/04/2015 15:45:02): [Invoker.processArgs( .round( 4 ) )] args.size=0
[INFO ] (17/04/2015 15:45:02): Invoking: Calculator.z(  )
[INFO ] (17/04/2015 15:45:02): [Invoker.processArgs( .z(  ) )]
[INFO ] (17/04/2015 15:45:02): [Invoker.processArgs( .z(  ) )] args.size=0
[INFO ] (17/04/2015 15:45:03): Response sent: OpResult{ success = true, return = 16.1429 }
[INFO ] (17/04/2015 15:45:03): Connection closed by client.
[INFO ] (17/04/2015 16:01:42): Starting NetworkServer...
[INFO ] (17/04/2015 16:01:42): Listening on: HttpConnector{ *:9099 }
[INFO ] (17/04/2015 16:01:42): Server started!

[INFO ] (17/04/2015 16:01:44): ------------------------------
[INFO ] (17/04/2015 16:01:44): Handling socket: 127.0.0.1:9099<->127.0.0.1:52837
[INFO ] (17/04/2015 16:01:45): Remote request: calc.calculator.xyz( 113, 7, 0 ).div(  ).print(  ).moveZX(  ).round( 4 ).z(  )
[INFO ] (17/04/2015 16:01:45): Authentication Enabled: null
[INFO ] (17/04/2015 16:01:45): Invoking: calc.calculator.xyz( 113, 7, 0 )
[INFO ] (17/04/2015 16:01:45): Invoking: Calculator.div(  )
[INFO ] (17/04/2015 16:01:45): Invoking: Calculator.print(  )
[INFO ] (17/04/2015 16:01:45): Invoking: Calculator.moveZX(  )
[INFO ] (17/04/2015 16:01:45): Invoking: Calculator.round( 4 )
[INFO ] (17/04/2015 16:01:45): Invoking: Calculator.z(  )
[INFO ] (17/04/2015 16:01:45): Response sent: OpResult{ success = true, return = 16.1429 }
[INFO ] (17/04/2015 16:01:45): Connection closed by client.
[INFO ] (17/04/2015 16:01:45): ------------------------------
[INFO ] (17/04/2015 16:01:45): Handling socket: 127.0.0.1:9099<->127.0.0.1:52838
[INFO ] (17/04/2015 16:01:45): Remote request: global.ObjectContainer.listMethods( calc.calculator )
[INFO ] (17/04/2015 16:01:45): Authentication Enabled: null
[INFO ] (17/04/2015 16:09:35): Starting NetworkServer...
[INFO ] (17/04/2015 16:09:35): Listening on: HttpConnector{ *:9099 }
[INFO ] (17/04/2015 16:09:35): Server started!

[INFO ] (17/04/2015 16:09:40): ------------------------------
[INFO ] (17/04/2015 16:09:40): Handling socket: 127.0.0.1:9099<->127.0.0.1:58541
[INFO ] (17/04/2015 16:09:40): Remote request: calc.calculator.xyz( 113, 7, 0 ).div(  ).print(  ).moveZX(  ).round( 4 ).z(  )
[INFO ] (17/04/2015 16:09:40): Authentication Enabled: null
[INFO ] (17/04/2015 16:09:40): Invoking: calc.calculator.xyz( 113, 7, 0 )
[INFO ] (17/04/2015 16:09:40): Invoking: Calculator.div(  )
[INFO ] (17/04/2015 16:09:40): Invoking: Calculator.print(  )
[INFO ] (17/04/2015 16:09:40): Invoking: Calculator.moveZX(  )
[INFO ] (17/04/2015 16:09:40): Invoking: Calculator.round( 4 )
[INFO ] (17/04/2015 16:09:40): Invoking: Calculator.z(  )
[INFO ] (17/04/2015 16:09:40): Response sent: OpResult{ success = true, return = 16.1429 }
[INFO ] (17/04/2015 16:09:40): Connection closed by client.
[INFO ] (17/04/2015 16:09:40): ------------------------------
[INFO ] (17/04/2015 16:09:40): Handling socket: 127.0.0.1:9099<->127.0.0.1:58545
[INFO ] (17/04/2015 16:09:40): Remote request: global.ObjectContainer.listMethods( calc.calculator )
[INFO ] (17/04/2015 16:09:40): Authentication Enabled: null
[INFO ] (17/04/2015 16:10:39): Starting NetworkServer...
[INFO ] (17/04/2015 16:10:39): Listening on: HttpConnector{ *:9099 }
[INFO ] (17/04/2015 16:10:39): Server started!

[INFO ] (17/04/2015 16:10:41): ------------------------------
[INFO ] (17/04/2015 16:10:41): Handling socket: 127.0.0.1:9099<->127.0.0.1:58957
[INFO ] (17/04/2015 16:10:42): Remote request: calc.calculator.xyz( 113, 7, 0 ).div(  ).print(  ).moveZX(  ).round( 4 ).z(  )
[INFO ] (17/04/2015 16:10:42): Authentication Enabled: null
[INFO ] (17/04/2015 16:10:42): Invoking: calc.calculator.xyz( 113, 7, 0 )
[INFO ] (17/04/2015 16:10:42): Invoking: Calculator.div(  )
[INFO ] (17/04/2015 16:10:42): Invoking: Calculator.print(  )
[INFO ] (17/04/2015 16:10:42): Invoking: Calculator.moveZX(  )
[INFO ] (17/04/2015 16:10:42): Invoking: Calculator.round( 4 )
[INFO ] (17/04/2015 16:10:42): Invoking: Calculator.z(  )
[INFO ] (17/04/2015 16:10:42): Response sent: OpResult{ success = true, return = 16.1429 }
[INFO ] (17/04/2015 16:10:42): ------------------------------
[INFO ] (17/04/2015 16:10:42): Handling socket: 127.0.0.1:9099<->127.0.0.1:58969
[INFO ] (17/04/2015 16:10:42): Connection closed by client.
[INFO ] (17/04/2015 16:10:42): Remote request: global.ObjectContainer.listMethods( calc.calculator )
[INFO ] (17/04/2015 16:10:42): Authentication Enabled: null
[INFO ] (17/04/2015 16:13:00): Starting NetworkServer...
[INFO ] (17/04/2015 16:13:00): Listening on: HttpConnector{ *:9099 }
[INFO ] (17/04/2015 16:13:00): Server started!

[INFO ] (17/04/2015 16:13:02): ------------------------------
[INFO ] (17/04/2015 16:13:02): Handling socket: 127.0.0.1:9099<->127.0.0.1:60531
[INFO ] (17/04/2015 16:13:03): Remote request: calc.calculator.xyz( 113, 7, 0 ).div(  ).print(  ).moveZX(  ).round( 4 ).z(  )
[INFO ] (17/04/2015 16:13:03): Authentication Enabled: null
[INFO ] (17/04/2015 16:13:03): Invoking: calc.calculator.xyz( 113, 7, 0 )
[INFO ] (17/04/2015 16:13:03): Invoking: Calculator.div(  )
[INFO ] (17/04/2015 16:13:03): Invoking: Calculator.print(  )
[INFO ] (17/04/2015 16:13:03): Invoking: Calculator.moveZX(  )
[INFO ] (17/04/2015 16:13:03): Invoking: Calculator.round( 4 )
[INFO ] (17/04/2015 16:13:03): Invoking: Calculator.z(  )
[INFO ] (17/04/2015 16:13:03): Response sent: OpResult{ success = true, return = 16.1429 }
[INFO ] (17/04/2015 16:13:03): ------------------------------
[INFO ] (17/04/2015 16:13:03): Connection closed by client.
[INFO ] (17/04/2015 16:13:03): Handling socket: 127.0.0.1:9099<->127.0.0.1:60543
[INFO ] (17/04/2015 16:13:03): Remote request: global.ObjectContainer.listMethods( calc.calculator )
[INFO ] (17/04/2015 16:13:03): Authentication Enabled: null
[INFO ] (17/04/2015 16:15:13): Starting NetworkServer...
[INFO ] (17/04/2015 16:15:13): Listening on: HttpConnector{ *:9099 }
[INFO ] (17/04/2015 16:15:13): Server started!

[INFO ] (17/04/2015 16:15:15): ------------------------------
[INFO ] (17/04/2015 16:15:15): Handling socket: 127.0.0.1:9099<->127.0.0.1:33547
[INFO ] (17/04/2015 16:15:16): Remote request: calc.calculator.xyz( 113, 7, 0 ).div(  ).print(  ).moveZX(  ).round( 4 ).z(  )
[INFO ] (17/04/2015 16:15:16): Authentication Enabled: null
[INFO ] (17/04/2015 16:15:16): Invoking: calc.calculator.xyz( 113, 7, 0 )
[INFO ] (17/04/2015 16:15:16): Invoking: Calculator.div(  )
[INFO ] (17/04/2015 16:15:16): Invoking: Calculator.print(  )
[INFO ] (17/04/2015 16:15:16): Invoking: Calculator.moveZX(  )
[INFO ] (17/04/2015 16:15:16): Invoking: Calculator.round( 4 )
[INFO ] (17/04/2015 16:15:16): Invoking: Calculator.z(  )
[INFO ] (17/04/2015 16:15:16): Response sent: OpResult{ success = true, return = 16.1429 }
[INFO ] (17/04/2015 16:15:16): Connection closed by client.
[INFO ] (17/04/2015 16:15:16): ------------------------------
[INFO ] (17/04/2015 16:15:16): Handling socket: 127.0.0.1:9099<->127.0.0.1:33558
[INFO ] (17/04/2015 16:15:16): Remote request: global.ObjectContainer.listMethods( calc.calculator )
[INFO ] (17/04/2015 16:15:16): Authentication Enabled: null
[WARN ] (17/04/2015 16:15:16): Error invoking method [listMethods]
[WARN ] (17/04/2015 16:15:16): MethodInvocationException: [Invoker( ObjectContainer, RemoteMethod )] Invalid Credentials [null]
[WARN ] (17/04/2015 16:15:16):   us.pserver.revok.server.Invoker.<init>(Invoker.java:85)
[WARN ] (17/04/2015 16:15:16):   us.pserver.revok.server.RevokServer$HttpConnectionHandler.invoke(RevokServer.java:352)
[WARN ] (17/04/2015 16:15:16):   us.pserver.revok.server.RevokServer$HttpConnectionHandler.handleInvoke(RevokServer.java:434)
[WARN ] (17/04/2015 16:15:16):   us.pserver.revok.server.RevokServer$HttpConnectionHandler.run(RevokServer.java:473)
[WARN ] (17/04/2015 16:15:16):   java.util.concurrent.Executors$RunnableAdapter.call(Executors.java:511)
[WARN ] (17/04/2015 16:15:16):   java.util.concurrent.FutureTask.run(FutureTask.java:266)
[WARN ] (17/04/2015 16:15:16):   java.util.concurrent.ThreadPoolExecutor.runWorker(ThreadPoolExecutor.java:1142)
[WARN ] (17/04/2015 16:15:16):   java.util.concurrent.ThreadPoolExecutor$Worker.run(ThreadPoolExecutor.java:617)
[WARN ] (17/04/2015 16:15:16):   java.lang.Thread.run(Thread.java:745)
[INFO ] (17/04/2015 16:15:16): Response sent: OpResult{ success = false, return = null }
[INFO ] (17/04/2015 16:15:16): Connection closed by client.
[INFO ] (17/04/2015 16:16:50): Starting NetworkServer...
[INFO ] (17/04/2015 16:16:50): Listening on: HttpConnector{ *:9099 }
[INFO ] (17/04/2015 16:16:50): Server started!

[INFO ] (17/04/2015 16:16:52): ------------------------------
[INFO ] (17/04/2015 16:16:52): Handling socket: 127.0.0.1:9099<->127.0.0.1:34441
[INFO ] (17/04/2015 16:16:53): Remote request: calc.calculator.xyz( 113, 7, 0 ).div(  ).print(  ).moveZX(  ).round( 4 ).z(  )
[INFO ] (17/04/2015 16:16:53): Authentication Enabled: null
[INFO ] (17/04/2015 16:16:53): Invoking: calc.calculator.xyz( 113, 7, 0 )
[INFO ] (17/04/2015 16:16:53): Invoking: Calculator.div(  )
[INFO ] (17/04/2015 16:16:53): Invoking: Calculator.print(  )
[INFO ] (17/04/2015 16:16:53): Invoking: Calculator.moveZX(  )
[INFO ] (17/04/2015 16:16:53): Invoking: Calculator.round( 4 )
[INFO ] (17/04/2015 16:16:53): Invoking: Calculator.z(  )
[INFO ] (17/04/2015 16:16:53): Response sent: OpResult{ success = true, return = 16.1429 }
[INFO ] (17/04/2015 16:16:53): Connection closed by client.
[INFO ] (17/04/2015 16:16:53): ------------------------------
[INFO ] (17/04/2015 16:16:53): Handling socket: 127.0.0.1:9099<->127.0.0.1:34455
[INFO ] (17/04/2015 16:16:53): Remote request: global.ObjectContainer.listMethods( calc.calculator )
[INFO ] (17/04/2015 16:16:53): Authentication Enabled: null
[INFO ] (17/04/2015 16:16:53): Response sent: OpResult{ success = true, return = [public us.pserver.revok.test.Calculator us.pserver.revok.test.Calculator.printX(), public double us.pserver.revok.test.Calculator.y(), public double us.pserver.revok.test.Calculator.z(), public us.pserver.revok.test.Calculator us.pserver.revok.test.Calculator.setX(double), public us.pserver.revok.test.Calculator us.pserver.revok.test.Calculator.setY(double), public us.pserver.revok.test.Calculator us.pserver.revok.test.Calculator.setZ(double), public us.pserver.revok.test.Calculator us.pserver.revok.test.Calculator.xyz(double,double,double), public us.pserver.revok.test.Calculator us.pserver.revok.test.Calculator.printY(), public us.pserver.revok.test.Calculator us.pserver.revok.test.Calculator.printZ(), public us.pserver.revok.test.Calculator us.pserver.revok.test.Calculator.moveXY(), public us.pserver.revok.test.Calculator us.pserver.revok.test.Calculator.moveXZ(), public us.pserver.revok.test.Calculator us.pserver.revok.test.Calculator.moveYX(), public us.pserver.revok.test.Calculator us.pserver.revok.test.Calculator.moveYZ(), public us.pserver.revok.test.Calculator us.pserver.revok.test.Calculator.moveZX(), public us.pserver.revok.test.Calculator us.pserver.revok.test.Calculator.moveZY(), public double us.pserver.revok.test.Calculator.sub(double,double), public us.pserver.revok.test.Calculator us.pserver.revok.test.Calculator.sub(), public double us.pserver.revok.test.Calculator.mult(double,double), public us.pserver.revok.test.Calculator us.pserver.revok.test.Calculator.mult(), public double us.pserver.revok.test.Calculator.div(double,double), public us.pserver.revok.test.Calculator us.pserver.revok.test.Calculator.div(), public java.lang.String us.pserver.revok.test.Calculator.toString(), public us.pserver.revok.test.Calculator us.pserver.revok.test.Calculator.sqrt(), public double us.pserver.revok.test.Calculator.sqrt(double), public double us.pserver.revok.test.Calculator.pow(double,double), public us.pserver.revok.test.Calculator us.pserver.revok.test.Calculator.pow(), public us.pserver.revok.test.Calculator us.pserver.revok.test.Calculator.print(), public double us.pserver.revok.test.Calculator.sum(double,double), public us.pserver.revok.test.Calculator us.pserver.revok.test.Calculator.sum(), public us.pserver.revok.test.Calculator us.pserver.revok.test.Calculator.round(int), public double us.pserver.revok.test.Calculator.round(double,int), public double us.pserver.revok.test.Calculator.random(int), public double us.pserver.revok.test.Calculator.x(), public us.pserver.revok.test.Calculator us.pserver.revok.test.Calculator.printX(), public double us.pserver.revok.test.Calculator.y(), public double us.pserver.revok.test.Calculator.z(), public us.pserver.revok.test.Calculator us.pserver.revok.test.Calculator.setX(double), public us.pserver.revok.test.Calculator us.pserver.revok.test.Calculator.setY(double), public us.pserver.revok.test.Calculator us.pserver.revok.test.Calculator.setZ(double), public us.pserver.revok.test.Calculator us.pserver.revok.test.Calculator.xyz(double,double,double), public us.pserver.revok.test.Calculator us.pserver.revok.test.Calculator.printY(), public us.pserver.revok.test.Calculator us.pserver.revok.test.Calculator.printZ(), public us.pserver.revok.test.Calculator us.pserver.revok.test.Calculator.moveXY(), public us.pserver.revok.test.Calculator us.pserver.revok.test.Calculator.moveXZ(), public us.pserver.revok.test.Calculator us.pserver.revok.test.Calculator.moveYX(), public us.pserver.revok.test.Calculator us.pserver.revok.test.Calculator.moveYZ(), public us.pserver.revok.test.Calculator us.pserver.revok.test.Calculator.moveZX(), public us.pserver.revok.test.Calculator us.pserver.revok.test.Calculator.moveZY(), public double us.pserver.revok.test.Calculator.sub(double,double), public us.pserver.revok.test.Calculator us.pserver.revok.test.Calculator.sub(), public double us.pserver.revok.test.Calculator.mult(double,double), public us.pserver.revok.test.Calculator us.pserver.revok.test.Calculator.mult(), public double us.pserver.revok.test.Calculator.div(double,double), public us.pserver.revok.test.Calculator us.pserver.revok.test.Calculator.div(), public java.lang.String us.pserver.revok.test.Calculator.toString(), public us.pserver.revok.test.Calculator us.pserver.revok.test.Calculator.sqrt(), public double us.pserver.revok.test.Calculator.sqrt(double), public double us.pserver.revok.test.Calculator.pow(double,double), public us.pserver.revok.test.Calculator us.pserver.revok.test.Calculator.pow(), public us.pserver.revok.test.Calculator us.pserver.revok.test.Calculator.print(), public double us.pserver.revok.test.Calculator.sum(double,double), public us.pserver.revok.test.Calculator us.pserver.revok.test.Calculator.sum(), public us.pserver.revok.test.Calculator us.pserver.revok.test.Calculator.round(int), public double us.pserver.revok.test.Calculator.round(double,int), public double us.pserver.revok.test.Calculator.random(int), public double us.pserver.revok.test.Calculator.x(), public final void java.lang.Object.wait(long,int) throws java.lang.InterruptedException, public final native void java.lang.Object.wait(long) throws java.lang.InterruptedException, public final void java.lang.Object.wait() throws java.lang.InterruptedException, public boolean java.lang.Object.equals(java.lang.Object), public native int java.lang.Object.hashCode(), public final native java.lang.Class java.lang.Object.getClass(), public final native void java.lang.Object.notify(), public final native void java.lang.Object.notifyAll()] }
[INFO ] (17/04/2015 16:16:53): Connection closed by client.
