[INFO ] (22/07/2014 17:26:52): Creating temp dir [bigjar]
[INFO ] (22/07/2014 17:26:52): Unpacking Jar Files...
[INFO ] (22/07/2014 17:26:52): Creating BigJar [C:\.local\java\bigjar\dist\bigjar.jar]...
[INFO ] (22/07/2014 17:26:52): Cleaning up...
[INFO ] (22/07/2014 17:26:52): Done!
[INFO ] (22/07/2014 17:27:16): Creating temp dir [bigjar]
[INFO ] (22/07/2014 17:27:16): Unpacking Jar Files...
[INFO ] (22/07/2014 17:27:17): Creating BigJar [C:\.local\java\bigjar\dist\bigjar.jar]...
[INFO ] (22/07/2014 17:27:17): Cleaning up...
[INFO ] (22/07/2014 17:27:17): Done!
[INFO ] (22/07/2014 17:46:03): Creating temp dir [bigjar]
[INFO ] (22/07/2014 17:46:03): Unpacking Jar Files...
[INFO ] (22/07/2014 17:46:03): Creating BigJar [C:\.local\java\bigjar\dist\bigjar.jar]...
[INFO ] (22/07/2014 17:46:03): Cleaning up...
[INFO ] (22/07/2014 17:46:03): Done!
[INFO ] (24/07/2014 09:55:06): Creating temp dir [bigjar]
[INFO ] (24/07/2014 09:55:06): Unpacking Jar Files...
[INFO ] (24/07/2014 09:55:07): Creating BigJar [C:\.local\java\bigjar\dist\bigjar.jar]...
[INFO ] (24/07/2014 09:55:07): Cleaning up...
[INFO ] (24/07/2014 09:55:07): Done!
[INFO ] (24/07/2014 10:01:04): Creating temp dir [bigjar]
[INFO ] (24/07/2014 10:01:04): Unpacking Jar Files...
[INFO ] (24/07/2014 10:01:04): Creating BigJar [C:\.local\java\bigjar\dist\bigjar.jar]...
[INFO ] (24/07/2014 10:01:04): Cleaning up...
[INFO ] (24/07/2014 10:01:05): Done!
[INFO ] (24/07/2014 10:04:39): Creating temp dir [bigjar]
[INFO ] (24/07/2014 10:04:39): Unpacking Jar Files...
[INFO ] (24/07/2014 10:04:45): Creating BigJar [c:\.local\java\j3270\dist\j3270.jar]...
[INFO ] (24/07/2014 10:04:45): Cleaning up...
[INFO ] (24/07/2014 10:04:45): Done!
[INFO ] (24/07/2014 10:06:08): Creating temp dir [bigjar]
[INFO ] (24/07/2014 10:06:08): Unpacking Jar Files...
[INFO ] (24/07/2014 10:06:09): Creating BigJar [C:\.local\java\bigjar\dist\bigjar.jar]...
[INFO ] (24/07/2014 10:06:09): Cleaning up...
[INFO ] (24/07/2014 10:06:09): Done!
[INFO ] (24/07/2014 10:07:26): Creating temp dir [bigjar]
[INFO ] (24/07/2014 10:07:26): Unpacking Jar Files...
[INFO ] (24/07/2014 10:07:27): Creating BigJar [C:\.local\java\bigjar\dist/bigjar.jar]...
[INFO ] (24/07/2014 10:07:27): Cleaning up...
[INFO ] (24/07/2014 10:07:27): Done!
[INFO ] (24/07/2014 10:09:48): Creating temp dir [bigjar]
[INFO ] (24/07/2014 10:09:48): Unpacking Jar Files...
[INFO ] (24/07/2014 10:09:49): Creating BigJar [dist/bigjar.jar]...
[INFO ] (24/07/2014 10:09:49): Cleaning up...
[INFO ] (24/07/2014 10:09:49): Done!
