[INFO ] (27/01/2015 15:30:35): Creating temp dir [bigjar]
[INFO ] (27/01/2015 15:30:35): Unpacking Jar Files...
[INFO ] (27/01/2015 15:30:37): Creating BigJar [dist/timeouts.jar]...
[INFO ] (27/01/2015 15:30:43): Cleaning up...
[INFO ] (27/01/2015 15:30:43): Done!
[INFO ] (27/01/2015 16:04:27): Creating temp dir [bigjar]
[INFO ] (27/01/2015 16:04:27): Unpacking Jar Files...
[INFO ] (27/01/2015 16:04:30): Creating BigJar [dist/timeouts.jar]...
[INFO ] (27/01/2015 16:04:37): Cleaning up...
[INFO ] (27/01/2015 16:04:38): Done!
[INFO ] (27/01/2015 16:09:05): Creating temp dir [bigjar]
[INFO ] (27/01/2015 16:09:05): Unpacking Jar Files...
[INFO ] (27/01/2015 16:09:07): Creating BigJar [dist/timeouts.jar]...
[INFO ] (27/01/2015 16:09:12): Cleaning up...
[INFO ] (27/01/2015 16:09:12): Done!
[INFO ] (27/01/2015 16:11:05): Creating temp dir [bigjar]
[INFO ] (27/01/2015 16:11:05): Unpacking Jar Files...
[INFO ] (27/01/2015 16:11:07): Creating BigJar [dist/timeouts.jar]...
[INFO ] (27/01/2015 16:11:14): Cleaning up...
[INFO ] (27/01/2015 16:11:14): Done!
[INFO ] (27/01/2015 16:14:41): Creating temp dir [bigjar]
[INFO ] (27/01/2015 16:14:41): Unpacking Jar Files...
[INFO ] (27/01/2015 16:14:42): Creating BigJar [dist/timeouts.jar]...
[INFO ] (27/01/2015 16:14:49): Cleaning up...
[INFO ] (27/01/2015 16:14:49): Done!
[INFO ] (27/01/2015 16:39:16): Creating temp dir [bigjar]
[INFO ] (27/01/2015 16:39:16): Unpacking Jar Files...
[INFO ] (27/01/2015 16:39:18): Creating BigJar [dist/timeouts.jar]...
[INFO ] (27/01/2015 16:39:24): Cleaning up...
[INFO ] (27/01/2015 16:39:25): Done!
