[INFO ] (02/05/2014 22:03:29): SimpleCron Started!
[DEBUG] (02/05/2014 22:04:00): Executing: script.txt @ 02/05/2014 22:04:00 [Repeat: 30 SECOND]
[DEBUG] (02/05/2014 22:04:30): Executing: script.txt @ 02/05/2014 22:04:30 [Repeat: 30 SECOND]
[INFO ] (02/05/2014 22:33:27): SimpleCron Started!
[DEBUG] (02/05/2014 22:33:30): Executing: script.txt @ 02/05/2014 22:33:30 [Repeat: 30 SECOND]
[DEBUG] (02/05/2014 22:34:00): Executing: script.txt @ 02/05/2014 22:34:00 [Repeat: 30 SECOND]
[INFO ] (02/05/2014 22:49:43): SimpleCron Started!
[DEBUG] (02/05/2014 22:50:00): Executing: script.txt @ 02/05/2014 22:50:00 [Repeat: 30 SECOND]
[DEBUG] (02/05/2014 22:50:30): Executing: script.txt @ 02/05/2014 22:50:30 [Repeat: 30 SECOND]
[INFO ] (02/05/2014 22:50:51): SimpleCron Started!
[DEBUG] (02/05/2014 22:51:00): Executing: script.txt @ 02/05/2014 22:51:00 [Repeat: 30 SECOND]
[INFO ] (02/05/2014 22:51:12): SimpleCron Started!
[INFO ] (02/05/2014 22:52:51): SimpleCron Started!
[DEBUG] (02/05/2014 22:53:00): Executing: script.txt @ 02/05/2014 22:53:00 [Repeat: 30 SECOND]
[INFO ] (02/05/2014 22:54:15): SimpleCron Started!
[DEBUG] (02/05/2014 22:54:30): Executing: script.txt @ 02/05/2014 22:54:30 [Repeat: 30 SECOND]
[INFO ] (02/05/2014 22:59:26): SimpleCron Started!
[DEBUG] (02/05/2014 22:59:30): Executing: script.txt @ 02/05/2014 22:59:30 [Repeat: 30 SECOND]
[INFO ] (02/05/2014 23:15:44): SimpleCron Started!
[DEBUG] (02/05/2014 23:16:00): Executing: script.txt @ 02/05/2014 23:16:00 [Repeat: 30 SECOND]
[DEBUG] (02/05/2014 23:16:30): Executing: script.txt @ 02/05/2014 23:16:30 [Repeat: 30 SECOND]
[INFO ] (02/05/2014 23:17:36): SimpleCron Started!
[DEBUG] (02/05/2014 23:18:00): Executing: script.txt @ 02/05/2014 23:18:00 [Repeat: 30 SECOND]
[DEBUG] (02/05/2014 23:18:30): Executing: script.txt @ 02/05/2014 23:18:30 [Repeat: 30 SECOND]
[DEBUG] (02/05/2014 23:19:00): Executing: script.txt @ 02/05/2014 23:19:00 [Repeat: 30 SECOND]
[DEBUG] (02/05/2014 23:19:30): Executing: script.txt @ 02/05/2014 23:19:30 [Repeat: 30 SECOND]
[DEBUG] (02/05/2014 23:20:00): Executing: script.txt @ 02/05/2014 23:20:00 [Repeat: 30 SECOND]
[DEBUG] (02/05/2014 23:20:30): Executing: script.txt @ 02/05/2014 23:20:30 [Repeat: 30 SECOND]
[INFO ] (02/05/2014 23:20:52): SimpleCron Started!
[DEBUG] (02/05/2014 23:21:00): Executing: script.txt @ 02/05/2014 23:21:00 [Repeat: 30 SECOND]
[INFO ] (02/05/2014 23:21:57): SimpleCron Started!
[DEBUG] (02/05/2014 23:22:00): Executing: script.txt @ 02/05/2014 23:22:00 [Repeat: 30 SECOND]
[INFO ] (02/05/2014 23:22:38): SimpleCron Started!
[INFO ] (02/05/2014 23:24:29): SimpleCron Started!
[INFO ] (02/05/2014 23:25:57): SimpleCron Started!
[DEBUG] (02/05/2014 23:26:00): Executing: script.txt @ 02/05/2014 23:26:00 [Repeat: 1 MINUTE]
[INFO ] (02/05/2014 23:32:24): SimpleCron Started!
[DEBUG] (02/05/2014 23:33:00): Executing: script.txt @ 02/05/2014 23:33:00 [Repeat: 1 MINUTE]
[INFO ] (02/05/2014 23:33:41): SimpleCron Started!
[DEBUG] (02/05/2014 23:34:00): Executing: script.txt @ 02/05/2014 23:34:00 [Repeat: 1 MINUTE]
[INFO ] (02/05/2014 23:35:13): SimpleCron Started!
[INFO ] (02/05/2014 23:35:46): SimpleCron Started!
[DEBUG] (02/05/2014 23:36:00): Executing: script.txt @ 02/05/2014 23:36:00 [Repeat: 1 MINUTE]
[DEBUG] (02/05/2014 23:37:00): Executing: script.txt @ 02/05/2014 23:37:00 [Repeat: 1 MINUTE]
[DEBUG] (02/05/2014 23:38:00): Executing: script.txt @ 02/05/2014 23:38:00 [Repeat: 1 MINUTE]
[INFO ] (02/05/2014 23:45:05): SimpleCron Started!
[DEBUG] (02/05/2014 23:46:00): Executing: script.txt @ 02/05/2014 23:46:00 [Repeat: 1 MINUTE]
[INFO ] (02/05/2014 23:47:58): SimpleCron Started!
[DEBUG] (02/05/2014 23:48:00): Executing: script.txt @ 02/05/2014 23:48:00 [Repeat: 1 MINUTE]
[INFO ] (02/05/2014 23:49:09): SimpleCron Started!
[DEBUG] (02/05/2014 23:50:00): Executing: script.txt @ 02/05/2014 23:50:00 [Repeat: 1 MINUTE]
[INFO ] (02/05/2014 23:50:49): SimpleCron Started!
[DEBUG] (02/05/2014 23:51:00): Executing: script.txt @ 02/05/2014 23:51:00 [Repeat: 1 MINUTE]
[DEBUG] (02/05/2014 23:52:00): Executing: script.txt @ 02/05/2014 23:52:00 [Repeat: 1 MINUTE]
[DEBUG] (02/05/2014 23:53:00): Executing: script.txt @ 02/05/2014 23:53:00 [Repeat: 1 MINUTE]
[DEBUG] (02/05/2014 23:54:00): Executing: script.txt @ 02/05/2014 23:54:00 [Repeat: 1 MINUTE]
[DEBUG] (02/05/2014 23:55:00): Executing: script.txt @ 02/05/2014 23:55:00 [Repeat: 1 MINUTE]
[DEBUG] (02/05/2014 23:56:00): Executing: script.txt @ 02/05/2014 23:56:00 [Repeat: 1 MINUTE]
[DEBUG] (02/05/2014 23:57:00): Executing: script.txt @ 02/05/2014 23:57:00 [Repeat: 1 MINUTE]
[INFO ] (03/05/2014 14:57:42): SimpleCron Started!
[DEBUG] (03/05/2014 14:58:00): Executing: C:\Users\Juno\Documents\script.txt @ 03/05/2014 14:58:00 [Repeat: 1 MINUTE]
[ERROR] (03/05/2014 14:58:00): Error executing Job: java.io.FileNotFoundException: C:\Users\Juno\Documents\script.txt (Arquivo ou diretório não encontrado)
[INFO ] (03/05/2014 19:23:16): SimpleCron Started!
[DEBUG] (03/05/2014 19:24:00): Executing: C:\Users\Juno\Documents\script.txt @ 03/05/2014 19:24:00 [Repeat: 1 MINUTE]
[ERROR] (03/05/2014 19:24:00): Error executing Job: java.io.FileNotFoundException: C:\Users\Juno\Documents\script.txt (Arquivo ou diretório não encontrado)
[DEBUG] (03/05/2014 19:25:00): Executing: C:\Users\Juno\Documents\script.txt @ 03/05/2014 19:25:00 [Repeat: 1 MINUTE]
[ERROR] (03/05/2014 19:25:00): Error executing Job: java.io.FileNotFoundException: C:\Users\Juno\Documents\script.txt (Arquivo ou diretório não encontrado)
[DEBUG] (03/05/2014 19:26:00): Executing: C:\Users\Juno\Documents\script.txt @ 03/05/2014 19:26:00 [Repeat: 1 MINUTE]
[ERROR] (03/05/2014 19:26:00): Error executing Job: java.io.FileNotFoundException: C:\Users\Juno\Documents\script.txt (Arquivo ou diretório não encontrado)
[DEBUG] (03/05/2014 19:27:00): Executing: C:\Users\Juno\Documents\script.txt @ 03/05/2014 19:27:00 [Repeat: 1 MINUTE]
[ERROR] (03/05/2014 19:27:00): Error executing Job: java.io.FileNotFoundException: C:\Users\Juno\Documents\script.txt (Arquivo ou diretório não encontrado)
[DEBUG] (03/05/2014 19:28:00): Executing: C:\Users\Juno\Documents\script.txt @ 03/05/2014 19:28:00 [Repeat: 1 MINUTE]
[ERROR] (03/05/2014 19:28:00): Error executing Job: java.io.FileNotFoundException: C:\Users\Juno\Documents\script.txt (Arquivo ou diretório não encontrado)
[DEBUG] (03/05/2014 19:29:00): Executing: C:\Users\Juno\Documents\script.txt @ 03/05/2014 19:29:00 [Repeat: 1 MINUTE]
[ERROR] (03/05/2014 19:29:00): Error executing Job: java.io.FileNotFoundException: C:\Users\Juno\Documents\script.txt (Arquivo ou diretório não encontrado)
[DEBUG] (03/05/2014 19:30:00): Executing: C:\Users\Juno\Documents\script.txt @ 03/05/2014 19:30:00 [Repeat: 1 MINUTE]
[ERROR] (03/05/2014 19:30:00): Error executing Job: java.io.FileNotFoundException: C:\Users\Juno\Documents\script.txt (Arquivo ou diretório não encontrado)
[DEBUG] (03/05/2014 19:31:00): Executing: C:\Users\Juno\Documents\script.txt @ 03/05/2014 19:31:00 [Repeat: 1 MINUTE]
[ERROR] (03/05/2014 19:31:00): Error executing Job: java.io.FileNotFoundException: C:\Users\Juno\Documents\script.txt (Arquivo ou diretório não encontrado)
[INFO ] (05/05/2014 15:06:26): SimpleCron Started!
[DEBUG] (05/05/2014 15:07:00): Executing: script.txt @ 05/05/2014 15:07:00 [Repeat: 1 MINUTE]
[INFO ] (02/01/2015 14:49:07): SimpleCron Started!
[INFO ] (02/01/2015 14:50:28): SimpleCron Started!
[INFO ] (02/01/2015 14:50:28): SCronV6 Started!
[DEBUG] (02/01/2015 14:51:12): Job inserted: ARH7966-sample.txt @ 02/01/2015 15:51:02 [Repeat: disabled]
[INFO ] (02/01/2015 14:51:12): SCronV6 Stopped!
[INFO ] (02/01/2015 14:51:12): SCronV6 Started!
[INFO ] (02/01/2015 14:51:30): SCronV6 Stopped!
[INFO ] (02/01/2015 14:51:32): SCronV6 Started!
[INFO ] (02/01/2015 14:51:35): SCronV6 Stopped!
[INFO ] (02/01/2015 14:51:35): SCronV6 Started!
[INFO ] (02/01/2015 14:52:26): SimpleCron Started!
[INFO ] (02/01/2015 14:52:27): SCronV6 Started!
[INFO ] (02/01/2015 14:52:36): SCronV6 Stopped!
[INFO ] (02/01/2015 14:52:36): SCronV6 Started!
[INFO ] (02/01/2015 14:52:42): SimpleCron Started!
[INFO ] (02/01/2015 14:52:43): SCronV6 Started!
[INFO ] (02/01/2015 14:53:28): SimpleCron Started!
[INFO ] (02/01/2015 14:53:28): SCronV6 Started!
[INFO ] (02/01/2015 14:53:57): SCronV6 Stopped!
[INFO ] (02/01/2015 14:53:57): SCronV6 Started!
[INFO ] (02/01/2015 14:54:18): SCronV6 Stopped!
[INFO ] (02/01/2015 14:54:18): SCronV6 Started!
[INFO ] (02/01/2015 15:19:28): SimpleCron Started!
[INFO ] (02/01/2015 15:19:28): SCronV6 Started!
[INFO ] (02/01/2015 15:19:33): SCronV6 Stopped!
[INFO ] (02/01/2015 15:19:33): SCronV6 Started!
[INFO ] (02/01/2015 15:19:42): SimpleCron Started!
[INFO ] (02/01/2015 15:19:42): SCronV6 Started!
[INFO ] (07/01/2015 17:21:46): SimpleCron Started!
[INFO ] (07/01/2015 17:21:46): SCronV6 Started!
[INFO ] (27/01/2015 08:47:24): SimpleCron Started!
[INFO ] (27/01/2015 08:47:48): SCronV6 Started!
[DEBUG] (27/01/2015 08:54:22): Job inserted: enter_app.txt @ 27/01/2015 08:55:03 [Repeat: 7 DAY]
[INFO ] (27/01/2015 08:54:22): SCronV6 Stopped!
[INFO ] (27/01/2015 08:54:22): SCronV6 Started!
[INFO ] (27/01/2015 08:54:41): SCronV6 Stopped!
[INFO ] (27/01/2015 08:54:43): SCronV6 Started!
[DEBUG] (27/01/2015 08:55:03): Executing: enter_app.txt @ 27/01/2015 08:55:03 [Repeat: 7 DAY]
[INFO ] (27/01/2015 09:19:29): SimpleCron Started!
[INFO ] (27/01/2015 09:19:30): SCronV6 Started!
[INFO ] (27/01/2015 09:19:36): SCronV6 Stopped!
[INFO ] (27/01/2015 09:19:39): SCronV6 Started!
[INFO ] (27/01/2015 09:28:00): SimpleCron Started!
[INFO ] (27/01/2015 09:28:01): SCronV6 Started!
[INFO ] (27/01/2015 10:07:10): SimpleCron Started!
[INFO ] (27/01/2015 10:07:11): SCronV6 Started!
[DEBUG] (27/01/2015 10:11:35): Job inserted: show-dialog.txt @ 27/01/2015 10:12:10 [Repeat: 30 SECOND]
[INFO ] (27/01/2015 10:11:35): SCronV6 Stopped!
[INFO ] (27/01/2015 10:11:36): SCronV6 Started!
[DEBUG] (27/01/2015 10:12:10): Executing: show-dialog.txt @ 27/01/2015 10:12:10 [Repeat: 30 SECOND]
[DEBUG] (27/01/2015 10:12:40): Executing: show-dialog.txt @ 27/01/2015 10:12:40 [Repeat: 30 SECOND]
[DEBUG] (27/01/2015 10:13:10): Executing: show-dialog.txt @ 27/01/2015 10:13:10 [Repeat: 30 SECOND]
[DEBUG] (27/01/2015 10:13:40): Executing: show-dialog.txt @ 27/01/2015 10:13:40 [Repeat: 30 SECOND]
[DEBUG] (27/01/2015 10:14:10): Executing: show-dialog.txt @ 27/01/2015 10:14:10 [Repeat: 30 SECOND]
[INFO ] (27/01/2015 10:14:17): SCronV6 Stopped!
[INFO ] (27/01/2015 10:14:22): SCronV6 Started!
[DEBUG] (27/01/2015 10:14:40): Executing: show-dialog.txt @ 27/01/2015 10:14:40 [Repeat: disabled]
[ERROR] (27/01/2015 10:14:40): Error executing Job: java.lang.NullPointerException
[INFO ] (27/01/2015 10:34:16): SimpleCron Started!
[INFO ] (27/01/2015 10:34:48): SimpleCron Started!
[INFO ] (27/01/2015 10:38:34): SimpleCron Started!
[INFO ] (27/01/2015 10:43:06): SimpleCron Started!
[INFO ] (27/01/2015 10:47:09): SimpleCron Started!
[INFO ] (27/01/2015 10:49:21): SimpleCron Started!
[INFO ] (27/01/2015 10:52:24): SimpleCron Started!
[INFO ] (27/01/2015 11:25:10): SimpleCron Started!
[INFO ] (27/01/2015 12:49:20): SimpleCron Started!
[INFO ] (27/01/2015 12:55:38): SimpleCron Started!
[INFO ] (27/01/2015 12:59:53): SimpleCron Started!
[INFO ] (27/01/2015 13:09:37): SimpleCron Started!
[INFO ] (27/01/2015 13:09:57): SimpleCron Started!
[INFO ] (27/01/2015 13:12:30): SimpleCron Started!
[INFO ] (27/01/2015 13:24:22): SimpleCron Started!
[INFO ] (27/01/2015 13:32:42): SimpleCron Started!
[INFO ] (27/01/2015 14:42:24): SimpleCron Started!
[INFO ] (27/01/2015 14:42:24): Starting NetworkServer...
[INFO ] (27/01/2015 14:42:25): Channel: us.pserver.rob.channel.XmlNetChannel
[INFO ] (27/01/2015 14:42:25): Listening on: NetConnector{ *:33233 }
[INFO ] (27/01/2015 14:42:25): Server started!

[INFO ] (27/01/2015 14:42:46): ------------------------------
[INFO ] (27/01/2015 14:42:46): Handling socket: Socket[addr=/127.0.0.1,port=36083,localport=33233]
[INFO ] (27/01/2015 14:42:48): Remote request: Main.show(  )
[INFO ] (27/01/2015 14:42:48): Response sent: OpResult{ success = true, return = null }
[INFO ] (27/01/2015 14:42:48): Connection closed by client.
[INFO ] (27/01/2015 14:44:11): SimpleCron Started!
[INFO ] (27/01/2015 14:44:12): Starting NetworkServer...
[INFO ] (27/01/2015 14:44:12): Channel: us.pserver.rob.channel.XmlNetChannel
[INFO ] (27/01/2015 14:44:12): Listening on: NetConnector{ *:33233 }
[INFO ] (27/01/2015 14:44:12): Server started!

[INFO ] (27/01/2015 14:46:31): SimpleCron Started!
[INFO ] (27/01/2015 14:46:32): Starting NetworkServer...
[INFO ] (27/01/2015 14:46:32): Channel: us.pserver.rob.channel.XmlNetChannel
[INFO ] (27/01/2015 14:46:32): Listening on: NetConnector{ *:33233 }
[INFO ] (27/01/2015 14:46:32): Server started!

[INFO ] (27/01/2015 14:47:49): SimpleCron Started!
[INFO ] (27/01/2015 14:47:49): Starting NetworkServer...
[INFO ] (27/01/2015 14:47:49): Channel: us.pserver.rob.channel.XmlNetChannel
[INFO ] (27/01/2015 14:47:49): Listening on: NetConnector{ *:33233 }
[INFO ] (27/01/2015 14:47:49): Server started!

[INFO ] (27/01/2015 14:48:21): ------------------------------
[INFO ] (27/01/2015 14:48:21): Handling socket: Socket[addr=/127.0.0.1,port=36094,localport=33233]
[INFO ] (27/01/2015 14:48:22): Remote request: Main.show(  )
[INFO ] (27/01/2015 14:48:22): Response sent: OpResult{ success = true, return = null }
[INFO ] (27/01/2015 14:48:22): Connection closed by client.
[INFO ] (27/01/2015 14:48:58): ------------------------------
[INFO ] (27/01/2015 14:48:58): Handling socket: Socket[addr=/127.0.0.1,port=36096,localport=33233]
[INFO ] (27/01/2015 14:48:58): Remote request: Main.show(  )
[INFO ] (27/01/2015 14:48:58): Response sent: OpResult{ success = true, return = null }
[INFO ] (27/01/2015 14:48:59): Connection closed by client.
[INFO ] (27/01/2015 14:51:25): SimpleCron Started!
[INFO ] (27/01/2015 14:51:25): Starting NetworkServer...
[INFO ] (27/01/2015 14:51:25): Channel: us.pserver.rob.channel.XmlNetChannel
[INFO ] (27/01/2015 14:51:25): Listening on: NetConnector{ *:33233 }
[INFO ] (27/01/2015 14:51:25): Server started!

[INFO ] (27/01/2015 14:51:38): ------------------------------
[INFO ] (27/01/2015 14:51:38): Handling socket: Socket[addr=/127.0.0.1,port=36100,localport=33233]
[INFO ] (27/01/2015 14:51:40): Remote request: Main.show(  )
[INFO ] (27/01/2015 14:51:40): Response sent: OpResult{ success = true, return = null }
[INFO ] (27/01/2015 14:51:40): Connection closed by client.
[INFO ] (27/01/2015 14:52:37): SimpleCron Started!
[INFO ] (27/01/2015 14:52:38): Starting NetworkServer...
[INFO ] (27/01/2015 14:52:38): Channel: us.pserver.rob.channel.XmlNetChannel
[INFO ] (27/01/2015 14:52:38): Listening on: NetConnector{ *:33233 }
[INFO ] (27/01/2015 14:52:38): Server started!

[INFO ] (27/01/2015 14:54:30): SimpleCron Started!
[INFO ] (27/01/2015 14:54:30): Starting NetworkServer...
[INFO ] (27/01/2015 14:54:30): Channel: us.pserver.rob.channel.XmlNetChannel
[INFO ] (27/01/2015 14:54:30): Listening on: NetConnector{ *:33233 }
[INFO ] (27/01/2015 14:54:30): Server started!

[INFO ] (27/01/2015 14:54:39): ------------------------------
[INFO ] (27/01/2015 14:54:39): Handling socket: Socket[addr=/127.0.0.1,port=36108,localport=33233]
[INFO ] (27/01/2015 14:54:40): Remote request: Main.show(  )
[INFO ] (27/01/2015 14:54:40): Response sent: OpResult{ success = true, return = null }
[INFO ] (27/01/2015 14:54:40): Connection closed by client.
[INFO ] (27/01/2015 14:59:16): SimpleCron Started!
[INFO ] (27/01/2015 14:59:16): Starting NetworkServer...
[INFO ] (27/01/2015 14:59:16): Channel: us.pserver.rob.channel.XmlNetChannel
[INFO ] (27/01/2015 14:59:16): Listening on: NetConnector{ *:33233 }
[INFO ] (27/01/2015 14:59:16): Server started!

[INFO ] (27/01/2015 15:17:05): SimpleCron Started!
[INFO ] (27/01/2015 15:17:05): Starting NetworkServer...
[INFO ] (27/01/2015 15:17:05): Channel: us.pserver.rob.channel.XmlNetChannel
[INFO ] (27/01/2015 15:17:05): Listening on: NetConnector{ *:33233 }
[INFO ] (27/01/2015 15:17:05): Server started!

[INFO ] (27/01/2015 15:17:58): SimpleCron Started!
[INFO ] (27/01/2015 15:17:59): Starting NetworkServer...
[INFO ] (27/01/2015 15:17:59): Channel: us.pserver.rob.channel.XmlNetChannel
[INFO ] (27/01/2015 15:17:59): Listening on: NetConnector{ *:33233 }
[INFO ] (27/01/2015 15:17:59): Server started!

[INFO ] (27/01/2015 15:18:24): SimpleCron Started!
[INFO ] (27/01/2015 15:18:24): Starting NetworkServer...
[INFO ] (27/01/2015 15:18:24): Channel: us.pserver.rob.channel.XmlNetChannel
[INFO ] (27/01/2015 15:18:24): Listening on: NetConnector{ *:33233 }
[INFO ] (27/01/2015 15:18:24): Server started!

[INFO ] (27/01/2015 15:19:02): SimpleCron Started!
[INFO ] (27/01/2015 15:19:02): Starting NetworkServer...
[INFO ] (27/01/2015 15:19:02): Channel: us.pserver.rob.channel.XmlNetChannel
[INFO ] (27/01/2015 15:19:02): Listening on: NetConnector{ *:33233 }
[INFO ] (27/01/2015 15:19:02): Server started!

[INFO ] (27/01/2015 15:19:16): SimpleCron Started!
[INFO ] (27/01/2015 15:19:16): Starting NetworkServer...
[INFO ] (27/01/2015 15:19:16): Channel: us.pserver.rob.channel.XmlNetChannel
[INFO ] (27/01/2015 15:19:16): Listening on: NetConnector{ *:33233 }
[INFO ] (27/01/2015 15:19:16): Server started!

[INFO ] (27/01/2015 15:22:24): SimpleCron Started!
[INFO ] (27/01/2015 15:22:25): Starting NetworkServer...
[INFO ] (27/01/2015 15:22:25): Channel: us.pserver.rob.channel.XmlNetChannel
[INFO ] (27/01/2015 15:22:25): Listening on: NetConnector{ *:33233 }
[INFO ] (27/01/2015 15:22:25): Server started!

[INFO ] (27/01/2015 15:24:10): ------------------------------
[INFO ] (27/01/2015 15:24:10): Handling socket: Socket[addr=/127.0.0.1,port=36207,localport=33233]
[INFO ] (27/01/2015 15:24:11): Remote request: Main.show(  )
[INFO ] (27/01/2015 15:24:11): Response sent: OpResult{ success = true, return = null }
[INFO ] (27/01/2015 15:24:12): Connection closed by client.
[INFO ] (27/01/2015 15:28:23): SimpleCron Started!
[INFO ] (27/01/2015 15:28:24): Starting NetworkServer...
[INFO ] (27/01/2015 15:28:24): Channel: us.pserver.rob.channel.XmlNetChannel
[INFO ] (27/01/2015 15:28:24): Listening on: NetConnector{ *:33233 }
[INFO ] (27/01/2015 15:28:24): Server started!

[INFO ] (27/01/2015 15:29:06): ------------------------------
[INFO ] (27/01/2015 15:29:06): Handling socket: Socket[addr=/127.0.0.1,port=36231,localport=33233]
[INFO ] (27/01/2015 15:29:07): Remote request: Main.show(  )
[INFO ] (27/01/2015 15:29:07): Response sent: OpResult{ success = true, return = null }
[INFO ] (27/01/2015 15:29:07): Connection closed by client.
[INFO ] (28/01/2015 12:58:54): SimpleCron Started!
[INFO ] (28/01/2015 12:59:22): SimpleCron Started!
[INFO ] (28/01/2015 12:59:23): Starting NetworkServer...
[INFO ] (28/01/2015 12:59:23): Channel: us.pserver.rob.channel.XmlNetChannel
[INFO ] (28/01/2015 12:59:23): Listening on: NetConnector{ *:33233 }
[INFO ] (28/01/2015 12:59:23): Server started!

[INFO ] (28/01/2015 14:21:08): SimpleCron Started!
[INFO ] (28/01/2015 14:21:09): Starting NetworkServer...
[INFO ] (28/01/2015 14:21:09): Channel: us.pserver.rob.channel.XmlNetChannel
[INFO ] (28/01/2015 14:21:09): Listening on: NetConnector{ *:33233 }
[INFO ] (28/01/2015 14:21:09): Server started!

[INFO ] (28/01/2015 14:21:25): ------------------------------
[INFO ] (28/01/2015 14:21:25): Handling socket: Socket[addr=/127.0.0.1,port=40350,localport=33233]
[INFO ] (28/01/2015 14:21:26): Remote request: Main.show(  )
[INFO ] (28/01/2015 14:21:26): Response sent: OpResult{ success = true, return = null }
[INFO ] (28/01/2015 14:21:26): Connection closed by client.
[INFO ] (28/01/2015 14:23:29): SimpleCron Started!
[INFO ] (28/01/2015 14:23:29): Starting NetworkServer...
[INFO ] (28/01/2015 14:23:29): Channel: us.pserver.rob.channel.XmlNetChannel
[INFO ] (28/01/2015 14:23:29): Listening on: NetConnector{ *:33233 }
[INFO ] (28/01/2015 14:23:29): Server started!

[INFO ] (28/01/2015 14:29:26): SimpleCron Started!
[INFO ] (28/01/2015 14:29:27): Starting NetworkServer...
[INFO ] (28/01/2015 14:29:27): Channel: us.pserver.rob.channel.XmlNetChannel
[INFO ] (28/01/2015 14:29:27): Listening on: NetConnector{ *:33233 }
[INFO ] (28/01/2015 14:29:27): Server started!

[INFO ] (28/01/2015 14:35:00): SimpleCron Started!
[INFO ] (28/01/2015 14:35:00): Starting NetworkServer...
[INFO ] (28/01/2015 14:35:00): Channel: us.pserver.rob.channel.XmlNetChannel
[INFO ] (28/01/2015 14:35:00): Listening on: NetConnector{ *:33233 }
[INFO ] (28/01/2015 14:35:00): Server started!

[INFO ] (28/01/2015 14:37:38): SimpleCron Started!
[INFO ] (28/01/2015 14:37:39): Starting NetworkServer...
[INFO ] (28/01/2015 14:37:39): Channel: us.pserver.rob.channel.XmlNetChannel
[INFO ] (28/01/2015 14:37:39): Listening on: NetConnector{ *:33233 }
[INFO ] (28/01/2015 14:37:39): Server started!

[INFO ] (28/01/2015 14:43:31): SimpleCron Started!
[INFO ] (28/01/2015 14:43:31): Starting NetworkServer...
[INFO ] (28/01/2015 14:43:31): Channel: us.pserver.rob.channel.XmlNetChannel
[INFO ] (28/01/2015 14:43:31): Listening on: NetConnector{ *:33233 }
[INFO ] (28/01/2015 14:43:31): Server started!

[INFO ] (28/01/2015 14:57:03): SimpleCron Started!
[INFO ] (28/01/2015 14:57:03): Starting NetworkServer...
[INFO ] (28/01/2015 14:57:03): Channel: us.pserver.rob.channel.XmlNetChannel
[INFO ] (28/01/2015 14:57:03): Listening on: NetConnector{ *:33233 }
[INFO ] (28/01/2015 14:57:03): Server started!

[INFO ] (28/01/2015 15:02:01): SimpleCron Started!
[INFO ] (28/01/2015 15:02:01): Starting NetworkServer...
[INFO ] (28/01/2015 15:02:01): Channel: us.pserver.rob.channel.XmlNetChannel
[INFO ] (28/01/2015 15:02:01): Listening on: NetConnector{ *:33233 }
[INFO ] (28/01/2015 15:02:01): Server started!

[INFO ] (28/01/2015 15:06:14): SimpleCron Started!
[INFO ] (28/01/2015 15:06:14): Starting NetworkServer...
[INFO ] (28/01/2015 15:06:14): Channel: us.pserver.rob.channel.XmlNetChannel
[INFO ] (28/01/2015 15:06:14): Listening on: NetConnector{ *:33233 }
[INFO ] (28/01/2015 15:06:14): Server started!

[INFO ] (28/01/2015 15:09:09): SimpleCron Started!
[INFO ] (28/01/2015 15:09:09): Starting NetworkServer...
[INFO ] (28/01/2015 15:09:09): Channel: us.pserver.rob.channel.XmlNetChannel
[INFO ] (28/01/2015 15:09:09): Listening on: NetConnector{ *:33233 }
[INFO ] (28/01/2015 15:09:09): Server started!

[INFO ] (28/01/2015 15:12:59): SimpleCron Started!
[INFO ] (28/01/2015 15:13:00): Starting NetworkServer...
[INFO ] (28/01/2015 15:13:00): Channel: us.pserver.rob.channel.XmlNetChannel
[INFO ] (28/01/2015 15:13:00): Listening on: NetConnector{ *:33233 }
[INFO ] (28/01/2015 15:13:00): Server started!

[INFO ] (28/01/2015 15:16:50): SimpleCron Started!
[INFO ] (28/01/2015 15:16:51): Starting NetworkServer...
[INFO ] (28/01/2015 15:16:51): Channel: us.pserver.rob.channel.XmlNetChannel
[INFO ] (28/01/2015 15:16:51): Listening on: NetConnector{ *:33233 }
[INFO ] (28/01/2015 15:16:51): Server started!

[INFO ] (28/01/2015 15:22:58): SimpleCron Started!
[INFO ] (28/01/2015 15:22:58): Starting NetworkServer...
[INFO ] (28/01/2015 15:22:58): Channel: us.pserver.rob.channel.XmlNetChannel
[INFO ] (28/01/2015 15:22:58): Listening on: NetConnector{ *:33233 }
[INFO ] (28/01/2015 15:22:58): Server started!

[INFO ] (28/01/2015 15:42:08): SimpleCron Started!
[INFO ] (28/01/2015 15:42:09): Starting NetworkServer...
[INFO ] (28/01/2015 15:42:09): Channel: us.pserver.rob.channel.XmlNetChannel
[INFO ] (28/01/2015 15:42:09): Listening on: NetConnector{ *:33233 }
[INFO ] (28/01/2015 15:42:09): Server started!

[INFO ] (28/01/2015 15:43:37): SimpleCron Started!
[INFO ] (28/01/2015 15:43:38): Starting NetworkServer...
[INFO ] (28/01/2015 15:43:38): Channel: us.pserver.rob.channel.XmlNetChannel
[INFO ] (28/01/2015 15:43:38): Listening on: NetConnector{ *:33233 }
[INFO ] (28/01/2015 15:43:38): Server started!

[INFO ] (29/01/2015 16:44:30): SimpleCron Started!
[INFO ] (29/01/2015 16:44:30): Starting NetworkServer...
[INFO ] (29/01/2015 16:44:30): Channel: us.pserver.rob.channel.XmlNetChannel
[INFO ] (29/01/2015 16:44:30): Listening on: NetConnector{ *:33233 }
[INFO ] (29/01/2015 16:44:30): Server started!

