[INFO ] (02/01/2015 14:50:28): Timeouts Started!
[ERROR] (02/01/2015 14:50:41): No Schedule Selected
[DEBUG] (02/01/2015 14:51:12): Timeouts Saved!
[INFO ] (02/01/2015 14:51:12): Schedule Added
[ERROR] (02/01/2015 14:51:32): Edit Canceled
[INFO ] (02/01/2015 14:51:35): Schedule Removed
[DEBUG] (02/01/2015 14:52:27): Timeouts Loaded!
[INFO ] (02/01/2015 14:52:27): Timeouts Started!
[INFO ] (02/01/2015 14:52:36): Schedule Removed
[DEBUG] (02/01/2015 14:52:43): Timeouts Loaded!
[INFO ] (02/01/2015 14:52:43): Timeouts Started!
[DEBUG] (02/01/2015 14:53:28): Timeouts Loaded!
[INFO ] (02/01/2015 14:53:28): Timeouts Started!
[INFO ] (02/01/2015 14:53:57): Running Script...
[ERROR] (02/01/2015 14:53:57): murlen.util.fscript.FSException: 
	Expected '='
 at line:0 
			  
			  
			> MATRIC. DT-JORNADA  PREF UOR-DIA FUNC. J SIT P  S U V C  E P I R S D 2 F H  HTDU HTDN  F ATN  A HEPD HEPN HEDN HENN MOT PER  HEH HCBH HCGV HPGD HPGN HPAC  HACU HNTR HACP HRUT HRCB HRAB HRCV HRBX SDO-BH  HGCS SD-GV FHED <
			  ------- ----------  ---- ------- ----- - --- -  - - - -  - - - - - - - - -  ---- ----  - ---  - ---- ---- ---- ---- --- ---  --- ---- ---- ---- ---- ----  ---- ---- ---- ---- ---- ---- ---- ---- ------  ---- ----- ----
			  0000640 01/08/2014  8981 0019384 00629 4 311 2  2 1 3 0  0 0 0 0 0 0 0 0 0  00,0 00,0  0 0,0  0 00,0 00,0 00,0 00,0 000 000  0,0 00,0 00,0 00,0 00,0 00,0  00,0 00,0 00,0 00,0 00,0 00,0 00,0 00,0  000,0  00,0 000,0  000
		 current token:TT_WORD:DT
		 Variable dump:{}
[INFO ] (02/01/2015 14:53:57): Execution Finished
[INFO ] (02/01/2015 14:54:18): Schedule Removed
[DEBUG] (02/01/2015 15:19:28): Timeouts Loaded!
[INFO ] (02/01/2015 15:19:29): Timeouts Started!
[DEBUG] (02/01/2015 15:19:33): Timeouts Saved!
[INFO ] (02/01/2015 15:19:33): Schedule Removed
[DEBUG] (02/01/2015 15:19:42): Timeouts Loaded!
[INFO ] (02/01/2015 15:19:42): Timeouts Started!
[DEBUG] (07/01/2015 17:21:46): Timeouts Loaded!
[INFO ] (07/01/2015 17:21:46): Timeouts Started!
[DEBUG] (27/01/2015 08:47:48): Timeouts Loaded!
[INFO ] (27/01/2015 08:47:48): Timeouts Started!
[ERROR] (27/01/2015 08:48:15): No Schedule Selected
[ERROR] (27/01/2015 08:48:19): No Schedule Selected
[DEBUG] (27/01/2015 08:54:22): Timeouts Saved!
[INFO ] (27/01/2015 08:54:22): Schedule Added
[ERROR] (27/01/2015 08:54:43): Edit Canceled
[DEBUG] (27/01/2015 09:19:30): Timeouts Loaded!
[INFO ] (27/01/2015 09:19:30): Timeouts Started!
[ERROR] (27/01/2015 09:19:39): Edit Canceled
[DEBUG] (27/01/2015 09:28:01): Timeouts Loaded!
[INFO ] (27/01/2015 09:28:01): Timeouts Started!
[ERROR] (27/01/2015 09:28:48): Invalid Schedule
[DEBUG] (27/01/2015 10:07:11): Timeouts Loaded!
[INFO ] (27/01/2015 10:07:11): Timeouts Started!
[DEBUG] (27/01/2015 10:11:36): Timeouts Saved!
[INFO ] (27/01/2015 10:11:36): Schedule Added
[DEBUG] (27/01/2015 10:14:22): Timeouts Saved!
[INFO ] (27/01/2015 10:14:22): Schedule Edited
[DEBUG] (27/01/2015 10:34:16): Timeouts Loaded!
[INFO ] (27/01/2015 10:34:16): SimpleCron Started!
[DEBUG] (27/01/2015 10:34:16): Schedule Removed: show-dialog.txt @ 27/01/2015 10:14:40 [Repeat: disabled]
[INFO ] (27/01/2015 10:34:16): Timeouts Started!
[INFO ] (27/01/2015 10:34:39): SimpleCron Stopped!
[DEBUG] (27/01/2015 10:34:39): Timeouts Saved!
[INFO ] (27/01/2015 10:34:39): SimpleCron Started!
[INFO ] (27/01/2015 10:34:39): Schedule Removed
[DEBUG] (27/01/2015 10:34:49): Timeouts Loaded!
[INFO ] (27/01/2015 10:34:49): SimpleCron Started!
[INFO ] (27/01/2015 10:34:49): Timeouts Started!
[DEBUG] (27/01/2015 10:35:19): Job inserted: show-dialog.txt @ 27/01/2015 10:36:00 [Repeat: 1 MINUTE]
[INFO ] (27/01/2015 10:35:19): SimpleCron Stopped!
[INFO ] (27/01/2015 10:35:19): SimpleCron Started!
[DEBUG] (27/01/2015 10:35:19): Timeouts Saved!
[INFO ] (27/01/2015 10:35:19): Schedule Added
[DEBUG] (27/01/2015 10:38:35): Timeouts Loaded!
[INFO ] (27/01/2015 10:38:35): SimpleCron Started!
[INFO ] (27/01/2015 10:38:35): Timeouts Started!
[DEBUG] (27/01/2015 10:43:07): Timeouts Loaded!
[INFO ] (27/01/2015 10:43:07): SimpleCron Started!
[INFO ] (27/01/2015 10:43:07): Timeouts Started!
[DEBUG] (27/01/2015 10:47:16): Timeouts Loaded!
[INFO ] (27/01/2015 10:47:16): SimpleCron Started!
[INFO ] (27/01/2015 10:47:16): Timeouts Started!
[DEBUG] (27/01/2015 10:49:21): Timeouts Loaded!
[INFO ] (27/01/2015 10:49:21): SimpleCron Started!
[INFO ] (27/01/2015 10:49:21): Timeouts Started!
[INFO ] (27/01/2015 10:51:10): SimpleCron Stopped!
[DEBUG] (27/01/2015 10:51:18): Timeouts Saved!
[INFO ] (27/01/2015 10:51:18): SimpleCron Started!
[INFO ] (27/01/2015 10:51:18): Schedule Edited
[DEBUG] (27/01/2015 10:52:25): Timeouts Loaded!
[INFO ] (27/01/2015 10:52:25): SimpleCron Started!
[INFO ] (27/01/2015 10:52:25): Timeouts Started!
[DEBUG] (27/01/2015 10:52:25): Schedule Removed: show-dialog.txt @ 27/01/2015 10:52:00 [Repeat: disabled]
[ERROR] (27/01/2015 10:52:29): No Schedule Selected
[ERROR] (27/01/2015 10:52:32): No Schedule Selected
[ERROR] (27/01/2015 10:52:34): No Schedule Selected
[ERROR] (27/01/2015 10:52:35): No Schedule Selected
[ERROR] (27/01/2015 10:52:45): No Schedule Selected
[ERROR] (27/01/2015 10:52:47): No Schedule Selected
[ERROR] (27/01/2015 10:52:49): No Schedule Selected
[ERROR] (27/01/2015 10:53:06): Invalid Schedule
[DEBUG] (27/01/2015 11:25:11): Timeouts Loaded!
[INFO ] (27/01/2015 11:25:11): SimpleCron Started!
[INFO ] (27/01/2015 11:25:11): Timeouts Started!
[DEBUG] (27/01/2015 11:25:11): Schedule Removed: show-dialog.txt @ 27/01/2015 10:52:00 [Repeat: disabled]
[ERROR] (27/01/2015 11:25:19): No Schedule Selected
[DEBUG] (27/01/2015 12:49:20): Timeouts Loaded!
[INFO ] (27/01/2015 12:49:20): SimpleCron Started!
[DEBUG] (27/01/2015 12:49:20): Schedule Removed: show-dialog.txt @ 27/01/2015 10:52:00 [Repeat: disabled]
[INFO ] (27/01/2015 12:49:20): Timeouts Started!
[DEBUG] (27/01/2015 12:49:45): Job inserted: show-dialog.txt @ 27/01/2015 12:50:00 [Repeat: 1 MINUTE]
[INFO ] (27/01/2015 12:49:45): SimpleCron Stopped!
[INFO ] (27/01/2015 12:49:45): SimpleCron Started!
[DEBUG] (27/01/2015 12:49:45): Timeouts Saved!
[INFO ] (27/01/2015 12:49:45): Schedule Added
[INFO ] (27/01/2015 12:50:04): SimpleCron Stopped!
[INFO ] (27/01/2015 12:50:07): SimpleCron Started!
[ERROR] (27/01/2015 12:50:07): Edit Canceled
[INFO ] (27/01/2015 12:50:09): SimpleCron Stopped!
[DEBUG] (27/01/2015 12:50:17): Timeouts Saved!
[INFO ] (27/01/2015 12:50:17): SimpleCron Started!
[INFO ] (27/01/2015 12:50:17): Schedule Edited
[DEBUG] (27/01/2015 12:55:38): Timeouts Loaded!
[INFO ] (27/01/2015 12:55:38): SimpleCron Started!
[DEBUG] (27/01/2015 12:55:38): Schedule Removed: show-dialog.txt @ 27/01/2015 12:51:00 [Repeat: disabled]
[INFO ] (27/01/2015 12:55:38): Timeouts Started!
[DEBUG] (27/01/2015 12:56:09): Job inserted: show-dialog.txt @ 27/01/2015 12:56:30 [Repeat: 1 MINUTE]
[INFO ] (27/01/2015 12:56:09): SimpleCron Stopped!
[INFO ] (27/01/2015 12:56:09): SimpleCron Started!
[DEBUG] (27/01/2015 12:56:09): Timeouts Saved!
[INFO ] (27/01/2015 12:56:09): Schedule Added
[INFO ] (27/01/2015 12:56:38): SimpleCron Stopped!
[DEBUG] (27/01/2015 12:56:44): Timeouts Saved!
[INFO ] (27/01/2015 12:56:44): SimpleCron Started!
[INFO ] (27/01/2015 12:56:44): Schedule Edited
[DEBUG] (27/01/2015 12:58:17): Job inserted: show-dialog.txt @ 27/01/2015 12:59:00 [Repeat: 1 MINUTE]
[INFO ] (27/01/2015 12:58:17): SimpleCron Stopped!
[INFO ] (27/01/2015 12:58:17): SimpleCron Started!
[DEBUG] (27/01/2015 12:58:17): Timeouts Saved!
[INFO ] (27/01/2015 12:58:17): Schedule Added
[DEBUG] (27/01/2015 12:59:53): Timeouts Loaded!
[INFO ] (27/01/2015 12:59:53): SimpleCron Started!
[INFO ] (27/01/2015 12:59:53): Timeouts Started!
[INFO ] (27/01/2015 13:03:05): SimpleCron Stopped!
[DEBUG] (27/01/2015 13:03:05): Timeouts Saved!
[INFO ] (27/01/2015 13:03:05): SimpleCron Started!
[INFO ] (27/01/2015 13:03:05): Schedule Removed
[DEBUG] (27/01/2015 13:09:37): Timeouts Loaded!
[INFO ] (27/01/2015 13:09:37): SimpleCron Started!
[INFO ] (27/01/2015 13:09:37): Timeouts Started!
[DEBUG] (27/01/2015 13:09:58): Timeouts Loaded!
[INFO ] (27/01/2015 13:09:58): SimpleCron Started!
[INFO ] (27/01/2015 13:09:58): Timeouts Started!
[DEBUG] (27/01/2015 13:12:31): Timeouts Loaded!
[INFO ] (27/01/2015 13:12:31): SimpleCron Started!
[INFO ] (27/01/2015 13:12:31): Timeouts Started!
[DEBUG] (27/01/2015 13:24:22): Timeouts Loaded!
[INFO ] (27/01/2015 13:24:22): SimpleCron Started!
[INFO ] (27/01/2015 13:24:22): Timeouts Started!
[DEBUG] (27/01/2015 13:32:43): Timeouts Loaded!
[INFO ] (27/01/2015 13:32:43): SimpleCron Started!
[INFO ] (27/01/2015 13:32:43): Timeouts Started!
[DEBUG] (27/01/2015 13:33:15): Job inserted: show-dialog.txt @ 27/01/2015 13:33:30 [Repeat: 1 MINUTE]
[INFO ] (27/01/2015 13:33:15): SimpleCron Stopped!
[INFO ] (27/01/2015 13:33:15): SimpleCron Started!
[DEBUG] (27/01/2015 13:33:15): Timeouts Saved!
[INFO ] (27/01/2015 13:33:15): Schedule Added
[INFO ] (27/01/2015 13:34:10): SimpleCron Stopped!
[DEBUG] (27/01/2015 13:34:16): Timeouts Saved!
[INFO ] (27/01/2015 13:34:16): SimpleCron Started!
[INFO ] (27/01/2015 13:34:16): Schedule Edited
[INFO ] (27/01/2015 13:34:36): SimpleCron Stopped!
[DEBUG] (27/01/2015 13:34:38): Timeouts Saved!
[INFO ] (27/01/2015 13:34:38): SimpleCron Started!
[INFO ] (27/01/2015 13:34:38): Schedule Edited
[INFO ] (27/01/2015 13:35:40): SimpleCron Stopped!
[DEBUG] (27/01/2015 13:35:52): Timeouts Saved!
[INFO ] (27/01/2015 13:35:52): SimpleCron Started!
[INFO ] (27/01/2015 13:35:52): Schedule Edited
[ERROR] (27/01/2015 13:37:35): No Schedule Selected
[ERROR] (27/01/2015 13:37:38): No Schedule Selected
[DEBUG] (27/01/2015 14:42:25): Timeouts Loaded!
[INFO ] (27/01/2015 14:42:25): SimpleCron Started!
[DEBUG] (27/01/2015 14:42:25): Schedule Removed: show-dialog.txt @ 27/01/2015 13:37:30 [Repeat: disabled]
[INFO ] (27/01/2015 14:42:25): Timeouts Started!
[INFO ] (27/01/2015 14:42:33): SimpleCron Stopped!
[INFO ] (27/01/2015 14:42:33): SimpleCron Started!
[DEBUG] (27/01/2015 14:42:33): Timeouts Saved!
[INFO ] (27/01/2015 14:42:33): SimpleCron Stopped!
[DEBUG] (27/01/2015 14:42:48): Timeouts Loaded!
[INFO ] (27/01/2015 14:42:48): SimpleCron Started!
[INFO ] (27/01/2015 14:42:48): Timeouts Started!
[INFO ] (27/01/2015 14:43:22): SimpleCron Stopped!
[INFO ] (27/01/2015 14:43:22): SimpleCron Started!
[DEBUG] (27/01/2015 14:43:22): Timeouts Saved!
[INFO ] (27/01/2015 14:43:22): SimpleCron Stopped!
[DEBUG] (27/01/2015 14:44:12): Timeouts Loaded!
[INFO ] (27/01/2015 14:44:12): SimpleCron Started!
[INFO ] (27/01/2015 14:44:12): Timeouts Started!
[INFO ] (27/01/2015 14:44:21): SimpleCron Stopped!
[INFO ] (27/01/2015 14:44:21): SimpleCron Started!
[DEBUG] (27/01/2015 14:44:21): Timeouts Saved!
[INFO ] (27/01/2015 14:44:21): SimpleCron Stopped!
[DEBUG] (27/01/2015 14:46:32): Timeouts Loaded!
[INFO ] (27/01/2015 14:46:32): SimpleCron Started!
[INFO ] (27/01/2015 14:46:32): Timeouts Started!
[INFO ] (27/01/2015 14:46:48): SimpleCron Stopped!
[INFO ] (27/01/2015 14:46:48): SimpleCron Started!
[DEBUG] (27/01/2015 14:46:48): Timeouts Saved!
[INFO ] (27/01/2015 14:46:48): SimpleCron Stopped!
[DEBUG] (27/01/2015 14:47:49): Timeouts Loaded!
[INFO ] (27/01/2015 14:47:49): SimpleCron Started!
[INFO ] (27/01/2015 14:47:49): Timeouts Started!
[INFO ] (27/01/2015 14:48:14): SimpleCron Stopped!
[INFO ] (27/01/2015 14:48:14): SimpleCron Started!
[DEBUG] (27/01/2015 14:48:14): Timeouts Saved!
[INFO ] (27/01/2015 14:48:14): SimpleCron Stopped!
[DEBUG] (27/01/2015 14:48:22): Timeouts Loaded!
[INFO ] (27/01/2015 14:48:22): SimpleCron Started!
[INFO ] (27/01/2015 14:48:22): Timeouts Started!
[INFO ] (27/01/2015 14:48:51): SimpleCron Stopped!
[INFO ] (27/01/2015 14:48:51): SimpleCron Started!
[DEBUG] (27/01/2015 14:48:51): Timeouts Saved!
[INFO ] (27/01/2015 14:48:51): SimpleCron Stopped!
[DEBUG] (27/01/2015 14:48:58): Timeouts Loaded!
[INFO ] (27/01/2015 14:48:58): SimpleCron Started!
[INFO ] (27/01/2015 14:48:58): Timeouts Started!
[DEBUG] (27/01/2015 14:51:25): Timeouts Loaded!
[INFO ] (27/01/2015 14:51:25): SimpleCron Started!
[INFO ] (27/01/2015 14:51:25): Timeouts Started!
[INFO ] (27/01/2015 14:51:36): SimpleCron Stopped!
[INFO ] (27/01/2015 14:51:36): SimpleCron Started!
[DEBUG] (27/01/2015 14:51:36): Timeouts Saved!
[INFO ] (27/01/2015 14:51:36): SimpleCron Stopped!
[DEBUG] (27/01/2015 14:51:40): Timeouts Loaded!
[INFO ] (27/01/2015 14:51:40): SimpleCron Started!
[INFO ] (27/01/2015 14:51:40): Timeouts Started!
[INFO ] (27/01/2015 14:51:57): SimpleCron Stopped!
[INFO ] (27/01/2015 14:51:57): SimpleCron Started!
[DEBUG] (27/01/2015 14:51:57): Timeouts Saved!
[INFO ] (27/01/2015 14:51:57): SimpleCron Stopped!
[DEBUG] (27/01/2015 14:54:30): Timeouts Loaded!
[INFO ] (27/01/2015 14:54:30): SimpleCron Started!
[INFO ] (27/01/2015 14:54:30): Timeouts Started!
[DEBUG] (27/01/2015 14:59:16): Timeouts Loaded!
[INFO ] (27/01/2015 14:59:16): SimpleCron Started!
[INFO ] (27/01/2015 14:59:16): Timeouts Started!
[DEBUG] (27/01/2015 15:17:05): Timeouts Loaded!
[INFO ] (27/01/2015 15:17:05): SimpleCron Started!
[INFO ] (27/01/2015 15:17:05): Timeouts Started!
[INFO ] (27/01/2015 15:17:11): SimpleCron Stopped!
[INFO ] (27/01/2015 15:17:11): SimpleCron Started!
[DEBUG] (27/01/2015 15:17:11): Timeouts Saved!
[INFO ] (27/01/2015 15:17:11): SimpleCron Stopped!
[DEBUG] (27/01/2015 15:17:59): Timeouts Loaded!
[INFO ] (27/01/2015 15:17:59): SimpleCron Started!
[INFO ] (27/01/2015 15:17:59): Timeouts Started!
[INFO ] (27/01/2015 15:18:02): SimpleCron Stopped!
[INFO ] (27/01/2015 15:18:02): SimpleCron Started!
[DEBUG] (27/01/2015 15:18:02): Timeouts Saved!
[INFO ] (27/01/2015 15:18:02): SimpleCron Stopped!
[DEBUG] (27/01/2015 15:18:24): Timeouts Loaded!
[INFO ] (27/01/2015 15:18:24): SimpleCron Started!
[INFO ] (27/01/2015 15:18:24): Timeouts Started!
[INFO ] (27/01/2015 15:18:27): SimpleCron Stopped!
[INFO ] (27/01/2015 15:18:27): SimpleCron Started!
[DEBUG] (27/01/2015 15:18:27): Timeouts Saved!
[INFO ] (27/01/2015 15:18:27): SimpleCron Stopped!
[DEBUG] (27/01/2015 15:19:02): Timeouts Loaded!
[INFO ] (27/01/2015 15:19:02): SimpleCron Started!
[INFO ] (27/01/2015 15:19:02): Timeouts Started!
[INFO ] (27/01/2015 15:19:08): SimpleCron Stopped!
[INFO ] (27/01/2015 15:19:08): SimpleCron Started!
[DEBUG] (27/01/2015 15:19:08): Timeouts Saved!
[INFO ] (27/01/2015 15:19:08): SimpleCron Stopped!
[DEBUG] (27/01/2015 15:19:16): Timeouts Loaded!
[INFO ] (27/01/2015 15:19:16): SimpleCron Started!
[INFO ] (27/01/2015 15:19:16): Timeouts Started!
[ERROR] (27/01/2015 15:19:41): Invalid Schedule
[DEBUG] (27/01/2015 15:22:25): Timeouts Loaded!
[INFO ] (27/01/2015 15:22:25): SimpleCron Started!
[INFO ] (27/01/2015 15:22:25): Timeouts Started!
[DEBUG] (27/01/2015 15:23:02): Job inserted: show-dialog.txt @ 27/01/2015 15:24:00 [Repeat: 1 MINUTE]
[INFO ] (27/01/2015 15:23:02): SimpleCron Stopped!
[INFO ] (27/01/2015 15:23:02): SimpleCron Started!
[DEBUG] (27/01/2015 15:23:02): Timeouts Saved!
[INFO ] (27/01/2015 15:23:02): Schedule Added
[INFO ] (27/01/2015 15:23:11): SimpleCron Stopped!
[INFO ] (27/01/2015 15:23:14): SimpleCron Started!
[ERROR] (27/01/2015 15:23:14): Edit Canceled
[INFO ] (27/01/2015 15:24:27): SimpleCron Stopped!
[DEBUG] (27/01/2015 15:24:30): Timeouts Saved!
[INFO ] (27/01/2015 15:24:30): SimpleCron Started!
[INFO ] (27/01/2015 15:24:30): Schedule Edited
[INFO ] (27/01/2015 15:25:03): Running Script...
[INFO ] (27/01/2015 15:25:03): SimpleCron Stopped!
[INFO ] (27/01/2015 15:25:05): SimpleCron Started!
[INFO ] (27/01/2015 15:25:05): Execution Finished
[DEBUG] (27/01/2015 15:28:24): Timeouts Loaded!
[INFO ] (27/01/2015 15:28:24): SimpleCron Started!
[INFO ] (27/01/2015 15:28:24): Timeouts Started!
[INFO ] (27/01/2015 15:28:31): SimpleCron Stopped!
[DEBUG] (27/01/2015 15:28:35): Timeouts Saved!
[INFO ] (27/01/2015 15:28:35): SimpleCron Started!
[INFO ] (27/01/2015 15:28:35): Schedule Edited
[INFO ] (27/01/2015 15:29:26): SimpleCron Stopped!
[DEBUG] (27/01/2015 15:29:26): Timeouts Saved!
[INFO ] (27/01/2015 15:29:26): SimpleCron Started!
[INFO ] (27/01/2015 15:29:26): Schedule Removed
[INFO ] (27/01/2015 15:29:30): SimpleCron Stopped!
[INFO ] (27/01/2015 15:29:30): SimpleCron Started!
[DEBUG] (27/01/2015 15:29:30): Timeouts Saved!
[INFO ] (27/01/2015 15:29:30): SimpleCron Stopped!
[DEBUG] (28/01/2015 12:59:10): Timeouts Saved!
[DEBUG] (28/01/2015 12:59:23): Timeouts Loaded!
[INFO ] (28/01/2015 12:59:23): SimpleCron Started!
[INFO ] (28/01/2015 12:59:23): Timeouts Started!
[DEBUG] (28/01/2015 14:21:09): Timeouts Loaded!
[INFO ] (28/01/2015 14:21:09): SimpleCron Started!
[INFO ] (28/01/2015 14:21:09): Timeouts Started!
[DEBUG] (28/01/2015 14:23:29): Timeouts Loaded!
[INFO ] (28/01/2015 14:23:29): SimpleCron Started!
[INFO ] (28/01/2015 14:23:29): Timeouts Started!
[DEBUG] (28/01/2015 14:23:46): Timeouts Saved!
[DEBUG] (28/01/2015 14:23:46): Job inserted: import-test.txt @ 28/01/2015 14:24:00 [Repeat: disabled]
[INFO ] (28/01/2015 14:23:46): Schedule Added
[INFO ] (28/01/2015 14:24:19): SimpleCron Stopped!
[DEBUG] (28/01/2015 14:24:19): Timeouts Saved!
[DEBUG] (28/01/2015 14:29:27): Timeouts Loaded!
[INFO ] (28/01/2015 14:29:27): SimpleCron Started!
[INFO ] (28/01/2015 14:29:27): Timeouts Started!
[INFO ] (28/01/2015 14:29:31): Schedule Removed
[DEBUG] (28/01/2015 14:30:35): Timeouts Saved!
[DEBUG] (28/01/2015 14:30:35): Job inserted: test.txt @ 28/01/2015 14:31:00 [Repeat: 30 SECOND]
[INFO ] (28/01/2015 14:30:35): Schedule Added
[INFO ] (28/01/2015 14:31:40): Schedule Removed
[INFO ] (28/01/2015 14:31:47): SimpleCron Stopped!
[DEBUG] (28/01/2015 14:31:47): Timeouts Saved!
[DEBUG] (28/01/2015 14:35:00): Timeouts Loaded!
[INFO ] (28/01/2015 14:35:00): SimpleCron Started!
[INFO ] (28/01/2015 14:35:00): Timeouts Started!
[DEBUG] (28/01/2015 14:35:26): Timeouts Saved!
[DEBUG] (28/01/2015 14:35:26): Job inserted: test.txt @ 28/01/2015 14:36:00 [Repeat: 30 SECOND]
[INFO ] (28/01/2015 14:35:26): Schedule Added
[INFO ] (28/01/2015 14:35:40): Schedule Removed
[INFO ] (28/01/2015 14:35:42): SimpleCron Stopped!
[DEBUG] (28/01/2015 14:35:42): Timeouts Saved!
[DEBUG] (28/01/2015 14:37:39): Timeouts Loaded!
[INFO ] (28/01/2015 14:37:39): SimpleCron Started!
[INFO ] (28/01/2015 14:37:39): Timeouts Started!
[DEBUG] (28/01/2015 14:38:04): Timeouts Saved!
[DEBUG] (28/01/2015 14:38:04): Job inserted: test.txt @ 28/01/2015 14:38:30 [Repeat: 30 SECOND]
[INFO ] (28/01/2015 14:38:04): Schedule Added
[DEBUG] (28/01/2015 14:39:20): Timeouts Saved!
[INFO ] (28/01/2015 14:39:20): Schedule Edited
[INFO ] (28/01/2015 14:40:39): Schedule Removed
[INFO ] (28/01/2015 14:40:44): SimpleCron Stopped!
[DEBUG] (28/01/2015 14:40:44): Timeouts Saved!
[DEBUG] (28/01/2015 14:43:31): Timeouts Loaded!
[INFO ] (28/01/2015 14:43:31): SimpleCron Started!
[INFO ] (28/01/2015 14:43:31): Timeouts Started!
[DEBUG] (28/01/2015 14:44:06): Timeouts Saved!
[DEBUG] (28/01/2015 14:44:06): Job inserted: test.txt @ 28/01/2015 14:44:30 [Repeat: 30 SECOND]
[INFO ] (28/01/2015 14:44:06): Schedule Added
[DEBUG] (28/01/2015 14:45:07): Timeouts Saved!
[INFO ] (28/01/2015 14:45:07): Schedule Edited
[INFO ] (28/01/2015 14:46:07): Schedule Removed
[INFO ] (28/01/2015 14:46:11): SimpleCron Stopped!
[DEBUG] (28/01/2015 14:46:11): Timeouts Saved!
[DEBUG] (28/01/2015 14:57:03): Timeouts Loaded!
[INFO ] (28/01/2015 14:57:03): SimpleCron Started!
[INFO ] (28/01/2015 14:57:03): Timeouts Started!
[DEBUG] (28/01/2015 14:57:29): Timeouts Saved!
[DEBUG] (28/01/2015 14:57:29): Job inserted: test.txt @ 28/01/2015 14:58:00 [Repeat: disabled]
[INFO ] (28/01/2015 14:57:29): Schedule Added
[DEBUG] (28/01/2015 14:57:41): Timeouts Saved!
[INFO ] (28/01/2015 14:57:41): Schedule Edited
[INFO ] (28/01/2015 14:59:08): SimpleCron Stopped!
[DEBUG] (28/01/2015 14:59:08): Timeouts Saved!
[DEBUG] (28/01/2015 15:02:01): Job inserted: test.txt @ 28/01/2015 15:03:00 [Repeat: 1 MINUTE]
[INFO ] (28/01/2015 15:02:01): SimpleCron Started!
[DEBUG] (28/01/2015 15:02:01): Timeouts Loaded!
[INFO ] (28/01/2015 15:02:01): SimpleCron Started!
[INFO ] (28/01/2015 15:02:01): Timeouts Started!
[DEBUG] (28/01/2015 15:03:21): Timeouts Saved!
[INFO ] (28/01/2015 15:03:21): SimpleCron Stopped!
[DEBUG] (28/01/2015 15:03:21): Job inserted: test.txt @ 28/01/2015 15:03:30 [Repeat: 30 SECOND]
[INFO ] (28/01/2015 15:03:21): SimpleCron Started!
[INFO ] (28/01/2015 15:03:21): SimpleCron Started!
[INFO ] (28/01/2015 15:03:21): Schedule Edited
[INFO ] (28/01/2015 15:03:48): SimpleCron Stopped!
[DEBUG] (28/01/2015 15:03:48): Timeouts Saved!
[DEBUG] (28/01/2015 15:06:14): Job inserted: test.txt @ 28/01/2015 15:06:30 [Repeat: 30 SECOND]
[INFO ] (28/01/2015 15:06:14): SimpleCron Started!
[DEBUG] (28/01/2015 15:06:14): Timeouts Loaded!
[INFO ] (28/01/2015 15:06:14): SimpleCron Started!
[INFO ] (28/01/2015 15:06:14): Timeouts Started!
[DEBUG] (28/01/2015 15:06:44): Timeouts Saved!
[INFO ] (28/01/2015 15:06:44): SimpleCron Stopped!
[DEBUG] (28/01/2015 15:06:44): Job inserted: test.txt @ 28/01/2015 15:07:00 [Repeat: 20 SECOND]
[INFO ] (28/01/2015 15:06:44): SimpleCron Started!
[INFO ] (28/01/2015 15:06:44): SimpleCron Started!
[INFO ] (28/01/2015 15:06:44): Schedule Edited
[DEBUG] (28/01/2015 15:07:44): Timeouts Saved!
[INFO ] (28/01/2015 15:07:44): Schedule Removed
[INFO ] (28/01/2015 15:08:05): SimpleCron Stopped!
[DEBUG] (28/01/2015 15:08:05): Timeouts Saved!
[DEBUG] (28/01/2015 15:09:09): Timeouts Loaded!
[INFO ] (28/01/2015 15:09:09): SimpleCron Started!
[INFO ] (28/01/2015 15:09:09): Timeouts Started!
[DEBUG] (28/01/2015 15:09:37): Timeouts Saved!
[DEBUG] (28/01/2015 15:09:37): Job inserted: test.txt @ 28/01/2015 15:10:00 [Repeat: 30 SECOND]
[INFO ] (28/01/2015 15:09:37): Schedule Added
[DEBUG] (28/01/2015 15:10:16): Timeouts Saved!
[INFO ] (28/01/2015 15:10:16): SimpleCron Stopped!
[DEBUG] (28/01/2015 15:10:16): Job inserted: test.txt @ 28/01/2015 15:10:30 [Repeat: 20 SECOND]
[INFO ] (28/01/2015 15:10:16): SimpleCron Started!
[INFO ] (28/01/2015 15:10:16): SimpleCron Started!
[INFO ] (28/01/2015 15:10:16): Schedule Edited
[DEBUG] (28/01/2015 15:11:15): Timeouts Saved!
[INFO ] (28/01/2015 15:11:15): Schedule Removed
[INFO ] (28/01/2015 15:11:54): SimpleCron Stopped!
[DEBUG] (28/01/2015 15:11:54): Timeouts Saved!
[DEBUG] (28/01/2015 15:13:00): Timeouts Loaded!
[INFO ] (28/01/2015 15:13:00): SimpleCron Started!
[INFO ] (28/01/2015 15:13:00): Timeouts Started!
[DEBUG] (28/01/2015 15:13:24): Timeouts Saved!
[DEBUG] (28/01/2015 15:13:24): Job inserted: test.txt @ 28/01/2015 15:13:40 [Repeat: 20 SECOND]
[INFO ] (28/01/2015 15:13:24): Schedule Added
[DEBUG] (28/01/2015 15:14:14): Timeouts Saved!
[INFO ] (28/01/2015 15:14:14): SimpleCron Stopped!
[DEBUG] (28/01/2015 15:14:14): Job inserted: test.txt @ 28/01/2015 15:14:20 [Repeat: 30 SECOND]
[INFO ] (28/01/2015 15:14:14): SimpleCron Started!
[INFO ] (28/01/2015 15:14:14): SimpleCron Started!
[INFO ] (28/01/2015 15:14:14): Schedule Edited
[DEBUG] (28/01/2015 15:14:56): Timeouts Saved!
[INFO ] (28/01/2015 15:14:56): Schedule Removed
[INFO ] (28/01/2015 15:15:54): SimpleCron Stopped!
[DEBUG] (28/01/2015 15:15:54): Timeouts Saved!
[DEBUG] (28/01/2015 15:16:51): Timeouts Loaded!
[INFO ] (28/01/2015 15:16:51): SimpleCron Started!
[INFO ] (28/01/2015 15:16:51): Timeouts Started!
[DEBUG] (28/01/2015 15:17:12): Timeouts Saved!
[DEBUG] (28/01/2015 15:17:12): Job inserted: test.txt @ 28/01/2015 15:17:30 [Repeat: 30 SECOND]
[INFO ] (28/01/2015 15:17:12): Schedule Added
[DEBUG] (28/01/2015 15:17:40): Timeouts Saved!
[INFO ] (28/01/2015 15:17:40): SimpleCron Stopped!
[DEBUG] (28/01/2015 15:17:40): Job inserted: test.txt @ 28/01/2015 15:18:00 [Repeat: 20 SECOND]
[INFO ] (28/01/2015 15:17:40): SimpleCron Started!
[INFO ] (28/01/2015 15:17:40): SimpleCron Started!
[INFO ] (28/01/2015 15:17:40): Schedule Edited
[DEBUG] (28/01/2015 15:18:31): Timeouts Saved!
[INFO ] (28/01/2015 15:18:31): SimpleCron Stopped!
[DEBUG] (28/01/2015 15:18:31): Job inserted: test.txt @ 28/01/2015 15:18:40 [Repeat: disabled]
[INFO ] (28/01/2015 15:18:31): SimpleCron Started!
[INFO ] (28/01/2015 15:18:31): SimpleCron Started!
[INFO ] (28/01/2015 15:18:31): Schedule Edited
[DEBUG] (28/01/2015 15:19:19): Timeouts Saved!
[INFO ] (28/01/2015 15:19:19): SimpleCron Stopped!
[DEBUG] (28/01/2015 15:19:19): Job inserted: test.txt @ 28/01/2015 15:19:40 [Repeat: disabled]
[INFO ] (28/01/2015 15:19:19): SimpleCron Started!
[INFO ] (28/01/2015 15:19:19): SimpleCron Started!
[INFO ] (28/01/2015 15:19:19): Schedule Edited
[DEBUG] (28/01/2015 15:20:16): Timeouts Saved!
[INFO ] (28/01/2015 15:20:16): SimpleCron Stopped!
[DEBUG] (28/01/2015 15:20:16): Job inserted: test.txt @ 28/01/2015 15:20:30 [Repeat: 30 SECOND]
[INFO ] (28/01/2015 15:20:16): SimpleCron Started!
[INFO ] (28/01/2015 15:20:16): SimpleCron Started!
[INFO ] (28/01/2015 15:20:16): Schedule Edited
[DEBUG] (28/01/2015 15:22:16): Timeouts Saved!
[INFO ] (28/01/2015 15:22:16): SimpleCron Stopped!
[INFO ] (28/01/2015 15:22:16): SimpleCron Started!
[INFO ] (28/01/2015 15:22:16): Schedule Removed
[INFO ] (28/01/2015 15:22:50): SimpleCron Stopped!
[DEBUG] (28/01/2015 15:22:50): Timeouts Saved!
[DEBUG] (28/01/2015 15:22:58): Timeouts Loaded!
[INFO ] (28/01/2015 15:22:58): SimpleCron Started!
[INFO ] (28/01/2015 15:22:58): Timeouts Started!
[DEBUG] (28/01/2015 15:23:20): Timeouts Saved!
[DEBUG] (28/01/2015 15:23:20): Job inserted: test.txt @ 28/01/2015 15:23:40 [Repeat: 20 SECOND]
[INFO ] (28/01/2015 15:23:20): Schedule Added
[DEBUG] (28/01/2015 15:23:50): Timeouts Saved!
[INFO ] (28/01/2015 15:23:50): SimpleCron Stopped!
[INFO ] (28/01/2015 15:23:50): SimpleCron Started!
[INFO ] (28/01/2015 15:23:50): Schedule Removed
[DEBUG] (28/01/2015 15:24:19): Timeouts Saved!
[DEBUG] (28/01/2015 15:24:19): Job inserted: test.txt @ 28/01/2015 15:24:30 [Repeat: 30 SECOND]
[INFO ] (28/01/2015 15:24:19): Schedule Added
[DEBUG] (28/01/2015 15:24:37): Timeouts Saved!
[INFO ] (28/01/2015 15:24:37): SimpleCron Stopped!
[DEBUG] (28/01/2015 15:24:37): Job inserted: ! test.txt @ 28/01/2015 15:25:00 [Repeat: 30 SECOND]
[INFO ] (28/01/2015 15:24:37): SimpleCron Started!
[INFO ] (28/01/2015 15:24:37): SimpleCron Started!
[INFO ] (28/01/2015 15:24:37): Schedule Edited
[DEBUG] (28/01/2015 15:25:22): Timeouts Saved!
[INFO ] (28/01/2015 15:25:22): SimpleCron Stopped!
[DEBUG] (28/01/2015 15:25:22): Job inserted: test.txt @ 28/01/2015 15:25:30 [Repeat: disabled]
[INFO ] (28/01/2015 15:25:22): SimpleCron Started!
[INFO ] (28/01/2015 15:25:22): SimpleCron Started!
[INFO ] (28/01/2015 15:25:22): Schedule Edited
[DEBUG] (28/01/2015 15:26:53): Timeouts Saved!
[INFO ] (28/01/2015 15:26:53): SimpleCron Stopped!
[INFO ] (28/01/2015 15:26:53): SimpleCron Started!
[INFO ] (28/01/2015 15:26:53): Schedule Removed
[INFO ] (28/01/2015 15:26:59): SimpleCron Stopped!
[DEBUG] (28/01/2015 15:26:59): Timeouts Saved!
[DEBUG] (28/01/2015 15:42:09): Timeouts Loaded!
[INFO ] (28/01/2015 15:42:09): SimpleCron Started!
[INFO ] (28/01/2015 15:42:09): Timeouts Started!
[ERROR] (28/01/2015 15:42:40): Invalid Schedule
[INFO ] (28/01/2015 15:42:42): SimpleCron Stopped!
[DEBUG] (28/01/2015 15:42:42): Timeouts Saved!
[DEBUG] (28/01/2015 15:43:38): Timeouts Loaded!
[INFO ] (28/01/2015 15:43:38): SimpleCron Started!
[INFO ] (28/01/2015 15:43:38): Timeouts Started!
[DEBUG] (28/01/2015 15:44:13): Timeouts Saved!
[DEBUG] (28/01/2015 15:44:13): Job inserted: test.txt @ 28/01/2015 15:45:00 [Repeat: 30 SECOND]
[INFO ] (28/01/2015 15:44:13): Schedule Added
[DEBUG] (28/01/2015 15:44:40): Timeouts Saved!
[INFO ] (28/01/2015 15:44:40): SimpleCron Stopped!
[DEBUG] (28/01/2015 15:44:40): Job inserted: test.txt @ 28/01/2015 15:44:45 [Repeat: 30 SECOND]
[INFO ] (28/01/2015 15:44:40): SimpleCron Started!
[INFO ] (28/01/2015 15:44:40): SimpleCron Started!
[INFO ] (28/01/2015 15:44:40): Schedule Edited
[DEBUG] (28/01/2015 15:45:20): Timeouts Saved!
[INFO ] (28/01/2015 15:45:20): SimpleCron Stopped!
[INFO ] (28/01/2015 15:45:20): SimpleCron Started!
[INFO ] (28/01/2015 15:45:20): Schedule Removed
[INFO ] (28/01/2015 15:45:36): SimpleCron Stopped!
[DEBUG] (28/01/2015 15:45:36): Timeouts Saved!
[DEBUG] (29/01/2015 16:44:30): Timeouts Loaded!
[INFO ] (29/01/2015 16:44:30): SimpleCron Started!
[INFO ] (29/01/2015 16:44:30): Timeouts Started!
[INFO ] (29/01/2015 16:44:39): SimpleCron Stopped!
[DEBUG] (29/01/2015 16:44:39): Timeouts Saved!
