* (22/08/2013 13:21:15) [INFO]: Starting Services...
* (22/08/2013 13:21:15) [INFO]:   ProcessKiller... 
* (22/08/2013 13:21:15) [INFO]: 			[OK]
* (22/08/2013 13:21:15) [INFO]:   MemoryCleaner... 
* (22/08/2013 13:21:15) [INFO]: 			[OK]
* (22/08/2013 13:21:15) [INFO]:   SnapshotJob... 
* (22/08/2013 13:21:15) [INFO]: 			[OK]
* (22/08/2013 13:21:15) [INFO]:   LastSnapshotJob... 
* (22/08/2013 13:21:15) [INFO]: 			[OK]
* (22/08/2013 13:21:15) [INFO]:   NotificationJob... 
* (22/08/2013 13:21:15) [INFO]: 			[OK]
* (22/08/2013 13:21:15) [INFO]: Syscheck started and running!
* (22/08/2013 13:22:00) [INFO]: Starting Services...
* (22/08/2013 13:22:00) [INFO]:   ProcessKiller... 
* (22/08/2013 13:22:00) [INFO]: 			[OK]
* (22/08/2013 13:22:00) [INFO]:   MemoryCleaner... 
* (22/08/2013 13:22:00) [INFO]: 			[OK]
* (22/08/2013 13:22:00) [INFO]:   SnapshotJob... 
* (22/08/2013 13:22:00) [INFO]: 			[OK]
* (22/08/2013 13:22:00) [INFO]:   LastSnapshotJob... 
* (22/08/2013 13:22:00) [INFO]: [OK]
* (22/08/2013 13:22:00) [INFO]:   NotificationJob... 
* (22/08/2013 13:22:00) [INFO]: [OK]
* (22/08/2013 13:22:00) [INFO]: Syscheck started and running!
* (22/08/2013 13:22:22) [INFO]: Starting Services...
* (22/08/2013 13:22:22) [INFO]:   ProcessKiller... 
* (22/08/2013 13:22:22) [INFO]: 			[OK]
* (22/08/2013 13:22:22) [INFO]:   MemoryCleaner... 
* (22/08/2013 13:22:22) [INFO]: 			[OK]
* (22/08/2013 13:22:22) [INFO]:   SnapshotJob... 
* (22/08/2013 13:22:22) [INFO]: 			[OK]
* (22/08/2013 13:22:22) [INFO]:   LastSnapshotJob... 
* (22/08/2013 13:22:22) [INFO]:   [OK]
* (22/08/2013 13:22:22) [INFO]:   NotificationJob... 
* (22/08/2013 13:22:22) [INFO]:   [OK]
* (22/08/2013 13:22:22) [INFO]: Syscheck started and running!
