[INFO ] (17/11/2014 15:59:12): Creating temp dir [bigjar]
[INFO ] (17/11/2014 15:59:12): Unpacking Jar Files...
[INFO ] (17/11/2014 15:59:12): Creating BigJar [dist/simpledb.jar]...
[INFO ] (17/11/2014 15:59:15): Cleaning up...
[INFO ] (17/11/2014 15:59:16): Done!
[INFO ] (17/11/2014 16:22:52): Creating temp dir [bigjar]
[INFO ] (17/11/2014 16:22:52): Unpacking Jar Files...
[INFO ] (17/11/2014 16:22:53): Creating BigJar [dist/simpledb.jar]...
[INFO ] (17/11/2014 16:22:55): Cleaning up...
[INFO ] (17/11/2014 16:22:56): Done!
[INFO ] (17/11/2014 16:27:51): Creating temp dir [bigjar]
[INFO ] (17/11/2014 16:27:51): Unpacking Jar Files...
[INFO ] (17/11/2014 16:27:51): Creating BigJar [dist/simpledb.jar]...
[INFO ] (17/11/2014 16:27:54): Cleaning up...
[INFO ] (17/11/2014 16:27:54): Done!
[INFO ] (17/11/2014 16:29:11): Creating temp dir [bigjar]
[INFO ] (17/11/2014 16:29:11): Unpacking Jar Files...
[INFO ] (17/11/2014 16:29:11): Creating BigJar [dist/simpledb.jar]...
[INFO ] (17/11/2014 16:29:14): Cleaning up...
[INFO ] (17/11/2014 16:29:14): Done!
[INFO ] (17/11/2014 16:35:18): Creating temp dir [bigjar]
[INFO ] (17/11/2014 16:35:18): Unpacking Jar Files...
[INFO ] (17/11/2014 16:35:19): Creating BigJar [dist/simpledb.jar]...
[INFO ] (17/11/2014 16:35:22): Cleaning up...
[INFO ] (17/11/2014 16:35:22): Done!
[INFO ] (17/11/2014 16:41:06): Creating temp dir [bigjar]
[INFO ] (17/11/2014 16:41:06): Unpacking Jar Files...
[INFO ] (17/11/2014 16:41:07): Creating BigJar [dist/simpledb.jar]...
[INFO ] (17/11/2014 16:41:10): Cleaning up...
[INFO ] (17/11/2014 16:41:10): Done!
