[INFO ] (19/02/2016 09:58:22): Creating temp dir [bigjar]
[INFO ] (19/02/2016 09:58:22): Unpacking Jar Files...
[INFO ] (19/02/2016 09:58:25): Creating BigJar [dist/maxbean-cli.jar]...
[INFO ] (19/02/2016 09:58:29): Cleaning up...
[INFO ] (19/02/2016 09:58:29): Done!
[INFO ] (19/02/2016 10:05:18): Creating temp dir [bigjar]
[INFO ] (19/02/2016 10:05:18): Unpacking Jar Files...
[INFO ] (19/02/2016 10:05:21): Creating BigJar [dist/maxbean-cli.jar]...
[INFO ] (19/02/2016 10:05:25): Cleaning up...
[INFO ] (19/02/2016 10:05:25): Done!
[INFO ] (19/02/2016 10:08:05): Creating temp dir [bigjar]
[INFO ] (19/02/2016 10:08:05): Unpacking Jar Files...
[INFO ] (19/02/2016 10:08:08): Creating BigJar [dist/maxbean-cli.jar]...
[INFO ] (19/02/2016 10:08:10): Cleaning up...
[INFO ] (19/02/2016 10:08:11): Done!
[INFO ] (19/02/2016 10:14:40): Creating temp dir [bigjar]
[INFO ] (19/02/2016 10:14:40): Unpacking Jar Files...
[INFO ] (19/02/2016 10:14:44): Creating BigJar [dist/maxbean-cli.jar]...
[INFO ] (19/02/2016 10:14:47): Cleaning up...
[INFO ] (19/02/2016 10:14:47): Done!
[INFO ] (19/02/2016 10:17:09): Creating temp dir [bigjar]
[INFO ] (19/02/2016 10:17:09): Unpacking Jar Files...
[INFO ] (19/02/2016 10:17:12): Creating BigJar [dist/maxbean-cli.jar]...
[INFO ] (19/02/2016 10:17:15): Cleaning up...
[INFO ] (19/02/2016 10:17:15): Done!
[INFO ] (19/02/2016 10:19:45): Creating temp dir [bigjar]
[INFO ] (19/02/2016 10:19:45): Unpacking Jar Files...
[INFO ] (19/02/2016 10:19:48): Creating BigJar [dist/maxbean-cli.jar]...
[INFO ] (19/02/2016 10:19:51): Cleaning up...
[INFO ] (19/02/2016 10:19:51): Done!
[INFO ] (19/02/2016 10:22:12): Creating temp dir [bigjar]
[INFO ] (19/02/2016 10:22:12): Unpacking Jar Files...
[INFO ] (19/02/2016 10:22:15): Creating BigJar [dist/maxbean-cli.jar]...
[INFO ] (19/02/2016 10:22:19): Cleaning up...
[INFO ] (19/02/2016 10:22:19): Done!
[INFO ] (19/02/2016 10:26:05): Creating temp dir [bigjar]
[INFO ] (19/02/2016 10:26:05): Unpacking Jar Files...
[INFO ] (19/02/2016 10:26:08): Creating BigJar [dist/maxbean-cli.jar]...
[INFO ] (19/02/2016 10:26:11): Cleaning up...
[INFO ] (19/02/2016 10:26:11): Done!
[INFO ] (19/02/2016 10:29:23): Creating temp dir [bigjar]
[INFO ] (19/02/2016 10:29:23): Unpacking Jar Files...
[INFO ] (19/02/2016 10:29:29): Creating temp dir [bigjar]
[INFO ] (19/02/2016 10:29:29): Unpacking Jar Files...
[INFO ] (19/02/2016 10:29:30): Creating BigJar [dist/maxbean-cli.jar]...
[INFO ] (19/02/2016 10:29:39): Creating temp dir [bigjar]
[INFO ] (19/02/2016 10:29:39): Unpacking Jar Files...
[INFO ] (19/02/2016 10:29:42): Creating BigJar [dist/maxbean-cli.jar]...
[INFO ] (19/02/2016 10:29:45): Cleaning up...
[INFO ] (19/02/2016 10:29:45): Done!
[INFO ] (19/02/2016 10:34:13): Creating temp dir [bigjar]
[INFO ] (19/02/2016 10:34:13): Unpacking Jar Files...
[INFO ] (19/02/2016 10:34:16): Creating BigJar [dist/maxbean-cli.jar]...
[INFO ] (19/02/2016 10:34:20): Cleaning up...
[INFO ] (19/02/2016 10:34:20): Done!
[INFO ] (19/02/2016 10:35:22): Creating temp dir [bigjar]
[INFO ] (19/02/2016 10:35:22): Unpacking Jar Files...
[INFO ] (19/02/2016 10:35:26): Creating BigJar [dist/maxbean-cli.jar]...
[INFO ] (19/02/2016 10:35:29): Cleaning up...
[INFO ] (19/02/2016 10:35:29): Done!
[INFO ] (19/02/2016 10:41:01): Creating temp dir [bigjar]
[INFO ] (19/02/2016 10:41:01): Unpacking Jar Files...
[INFO ] (19/02/2016 10:41:04): Creating BigJar [dist/maxbean-cli.jar]...
[INFO ] (19/02/2016 10:41:08): Cleaning up...
[INFO ] (19/02/2016 10:41:08): Done!
[INFO ] (19/02/2016 10:48:05): Creating temp dir [bigjar]
[INFO ] (19/02/2016 10:48:05): Unpacking Jar Files...
[INFO ] (19/02/2016 10:48:09): Creating BigJar [dist/maxbean-cli.jar]...
[INFO ] (19/02/2016 10:48:12): Cleaning up...
[INFO ] (19/02/2016 10:48:13): Done!
[INFO ] (19/02/2016 10:49:38): Creating temp dir [bigjar]
[INFO ] (19/02/2016 10:49:38): Unpacking Jar Files...
[INFO ] (19/02/2016 10:49:41): Creating BigJar [dist/maxbean-cli.jar]...
[INFO ] (19/02/2016 10:49:44): Cleaning up...
[INFO ] (19/02/2016 10:49:44): Done!
[INFO ] (19/02/2016 10:51:44): Creating temp dir [bigjar]
[INFO ] (19/02/2016 10:51:44): Unpacking Jar Files...
[INFO ] (19/02/2016 10:51:48): Creating BigJar [dist/maxbean-cli.jar]...
[INFO ] (19/02/2016 10:51:51): Cleaning up...
[INFO ] (19/02/2016 10:51:51): Done!
[INFO ] (19/02/2016 10:54:11): Creating temp dir [bigjar]
[INFO ] (19/02/2016 10:54:11): Unpacking Jar Files...
[INFO ] (19/02/2016 10:54:15): Creating BigJar [dist/maxbean-cli.jar]...
[INFO ] (19/02/2016 10:54:18): Cleaning up...
[INFO ] (19/02/2016 10:54:18): Done!
[INFO ] (19/02/2016 10:56:49): Creating temp dir [bigjar]
[INFO ] (19/02/2016 10:56:49): Unpacking Jar Files...
[INFO ] (19/02/2016 10:56:52): Creating BigJar [dist/maxbean-cli.jar]...
[INFO ] (19/02/2016 10:56:55): Cleaning up...
[INFO ] (19/02/2016 10:56:55): Done!
[INFO ] (19/02/2016 11:02:13): Creating temp dir [bigjar]
[INFO ] (19/02/2016 11:02:13): Unpacking Jar Files...
[INFO ] (19/02/2016 11:02:16): Creating BigJar [dist/maxbean-cli.jar]...
[INFO ] (19/02/2016 11:02:19): Cleaning up...
[INFO ] (19/02/2016 11:02:19): Done!
[INFO ] (19/02/2016 11:04:55): Creating temp dir [bigjar]
[INFO ] (19/02/2016 11:04:55): Unpacking Jar Files...
[INFO ] (19/02/2016 11:04:58): Creating BigJar [dist/maxbean-cli.jar]...
[INFO ] (19/02/2016 11:05:01): Cleaning up...
[INFO ] (19/02/2016 11:05:01): Done!
[INFO ] (19/02/2016 11:06:00): Creating temp dir [bigjar]
[INFO ] (19/02/2016 11:06:00): Unpacking Jar Files...
[INFO ] (19/02/2016 11:06:03): Creating BigJar [dist/maxbean-cli.jar]...
[INFO ] (19/02/2016 11:06:06): Cleaning up...
[INFO ] (19/02/2016 11:06:06): Done!
[INFO ] (19/02/2016 11:09:22): Creating temp dir [bigjar]
[INFO ] (19/02/2016 11:09:22): Unpacking Jar Files...
[INFO ] (19/02/2016 11:09:25): Creating BigJar [dist/maxbean-cli.jar]...
[INFO ] (19/02/2016 11:09:28): Cleaning up...
[INFO ] (19/02/2016 11:09:29): Done!
[INFO ] (19/02/2016 11:14:05): Creating temp dir [bigjar]
[INFO ] (19/02/2016 11:14:05): Unpacking Jar Files...
[INFO ] (19/02/2016 11:14:08): Creating BigJar [dist/maxbean-cli.jar]...
[INFO ] (19/02/2016 11:14:12): Cleaning up...
[INFO ] (19/02/2016 11:14:12): Done!
[INFO ] (19/02/2016 11:18:43): Creating temp dir [bigjar]
[INFO ] (19/02/2016 11:18:43): Unpacking Jar Files...
[INFO ] (19/02/2016 11:18:46): Creating BigJar [dist/maxbean-cli.jar]...
[INFO ] (19/02/2016 11:18:49): Cleaning up...
[INFO ] (19/02/2016 11:18:49): Done!
[INFO ] (19/02/2016 11:23:22): Creating temp dir [bigjar]
[INFO ] (19/02/2016 11:23:22): Unpacking Jar Files...
[INFO ] (19/02/2016 11:23:25): Creating BigJar [dist/maxbean-cli.jar]...
[INFO ] (19/02/2016 11:23:29): Cleaning up...
[INFO ] (19/02/2016 11:23:29): Done!
[INFO ] (19/02/2016 11:27:34): Creating temp dir [bigjar]
[INFO ] (19/02/2016 11:27:34): Unpacking Jar Files...
[INFO ] (19/02/2016 11:27:37): Creating BigJar [dist/maxbean-cli.jar]...
[INFO ] (19/02/2016 11:27:40): Cleaning up...
[INFO ] (19/02/2016 11:27:40): Done!
[INFO ] (19/02/2016 11:28:53): Creating temp dir [bigjar]
[INFO ] (19/02/2016 11:28:53): Unpacking Jar Files...
[INFO ] (19/02/2016 11:28:56): Creating BigJar [dist/maxbean-cli.jar]...
[INFO ] (19/02/2016 11:28:58): Cleaning up...
[INFO ] (19/02/2016 11:28:58): Done!
[INFO ] (19/02/2016 11:35:48): Creating temp dir [bigjar]
[INFO ] (19/02/2016 11:35:48): Unpacking Jar Files...
[INFO ] (19/02/2016 11:35:51): Creating BigJar [dist/maxbean-cli.jar]...
[INFO ] (19/02/2016 11:35:55): Cleaning up...
[INFO ] (19/02/2016 11:35:55): Done!
[INFO ] (19/02/2016 11:38:47): Creating temp dir [bigjar]
[INFO ] (19/02/2016 11:38:47): Unpacking Jar Files...
[INFO ] (19/02/2016 11:38:50): Creating BigJar [dist/maxbean-cli.jar]...
[INFO ] (19/02/2016 11:38:54): Cleaning up...
[INFO ] (19/02/2016 11:38:54): Done!
[INFO ] (19/02/2016 11:40:09): Creating temp dir [bigjar]
[INFO ] (19/02/2016 11:40:09): Unpacking Jar Files...
[INFO ] (19/02/2016 11:40:12): Creating BigJar [dist/maxbean-cli.jar]...
[INFO ] (19/02/2016 11:40:16): Cleaning up...
[INFO ] (19/02/2016 11:40:16): Done!
[INFO ] (19/02/2016 12:38:50): Creating temp dir [bigjar]
[INFO ] (19/02/2016 12:38:50): Unpacking Jar Files...
[INFO ] (19/02/2016 12:38:53): Creating BigJar [dist/maxbean-cli.jar]...
[INFO ] (19/02/2016 12:38:57): Cleaning up...
[INFO ] (19/02/2016 12:38:57): Done!
